#
# There is insufficient memory for the Java Runtime Environment to continue.
# Native memory allocation (malloc) failed to allocate 1051616 bytes for Chunk::new
# Possible reasons:
#   The system is out of physical RAM or swap space
#   The process is running with CompressedOops enabled, and the Java Heap may be blocking the growth of the native heap
# Possible solutions:
#   Reduce memory load on the system
#   Increase physical memory or swap space
#   Check if swap backing store is full
#   Decrease Java heap size (-Xmx/-Xms)
#   Decrease number of Java threads
#   Decrease Java thread stack sizes (-Xss)
#   Set larger code cache with -XX:ReservedCodeCacheSize=
#   JVM is running with Unscaled Compressed Oops mode in which the Java heap is
#     placed in the first 4GB address space. The Java Heap base address is the
#     maximum limit for the native heap growth. Please use -XX:HeapBaseMinAddress
#     to set the Java Heap base and to place the Java Heap above 4GB virtual address.
# This output file may be truncated or incomplete.
#
#  Out of Memory Error (arena.cpp:189), pid=57212, tid=60300
#
# JRE version: Java(TM) SE Runtime Environment (17.0.12+8) (build 17.0.12+8-LTS-286)
# Java VM: Java HotSpot(TM) 64-Bit Server VM (17.0.12+8-LTS-286, mixed mode, sharing, tiered, compressed oops, compressed class ptrs, g1 gc, windows-amd64)
# No core dump will be written. Minidumps are not enabled by default on client versions of Windows
#

---------------  S U M M A R Y ------------

Command Line: --add-opens=java.base/java.util=ALL-UNNAMED --add-opens=java.base/java.lang=ALL-UNNAMED --add-opens=java.base/java.lang.invoke=ALL-UNNAMED --add-opens=java.prefs/java.util.prefs=ALL-UNNAMED --add-exports=jdk.compiler/com.sun.tools.javac.api=ALL-UNNAMED --add-exports=jdk.compiler/com.sun.tools.javac.util=ALL-UNNAMED --add-opens=java.base/java.nio.charset=ALL-UNNAMED --add-opens=java.base/java.net=ALL-UNNAMED --add-opens=java.base/java.util.concurrent.atomic=ALL-UNNAMED -Xmx2048m -Dfile.encoding=UTF-8 -Duser.country=US -Duser.language=en -Duser.variant -javaagent:C:\Users\hp\.gradle\wrapper\dists\gradle-8.10.2-bin\a04bxjujx95o3nb99gddekhwo\gradle-8.10.2\lib\agents\gradle-instrumentation-agent-8.10.2.jar org.gradle.launcher.daemon.bootstrap.GradleDaemon 8.10.2

Host: Intel(R) Core(TM) i5-8250U CPU @ 1.60GHz, 8 cores, 7G,  Windows 11 , 64 bit Build 26100 (10.0.26100.3775)
Time: Thu Apr 17 09:55:40 2025 E. Africa Standard Time elapsed time: 47.630782 seconds (0d 0h 0m 47s)

---------------  T H R E A D  ---------------

Current thread (0x000001d6bd26a2b0):  JavaThread "C2 CompilerThread0" daemon [_thread_in_native, id=60300, stack(0x0000009cc4e00000,0x0000009cc4f00000)]


Current CompileTask:
C2:  47631 6585   !   4       java.lang.ClassLoader::loadClass (121 bytes)

Stack: [0x0000009cc4e00000,0x0000009cc4f00000]
Native frames: (J=compiled Java code, j=interpreted, Vv=VM code, C=native code)
V  [jvm.dll+0x67a04a]
V  [jvm.dll+0x7da4ed]
V  [jvm.dll+0x7dbe33]
V  [jvm.dll+0x7dc4a3]
V  [jvm.dll+0x24508f]
V  [jvm.dll+0xab773]
V  [jvm.dll+0xabd3c]
V  [jvm.dll+0x2aa52f]
V  [jvm.dll+0x581eb9]
V  [jvm.dll+0x21f422]
V  [jvm.dll+0x21f81f]
V  [jvm.dll+0x218aa0]
V  [jvm.dll+0x215b65]
V  [jvm.dll+0x1a2960]
V  [jvm.dll+0x22610b]
V  [jvm.dll+0x2242ab]
V  [jvm.dll+0x79075c]
V  [jvm.dll+0x78abea]
V  [jvm.dll+0x678f35]
C  [ucrtbase.dll+0x37b0]
C  [KERNEL32.DLL+0x2e8d7]
C  [ntdll.dll+0xb14fc]


---------------  P R O C E S S  ---------------

Threads class SMR info:
_java_thread_list=0x000001d685482f70, length=42, elements={
0x000001d69d073280, 0x000001d6bd252f10, 0x000001d6bd254550, 0x000001d6bd264550,
0x000001d6bd266e30, 0x000001d6bd267700, 0x000001d6bd267fd0, 0x000001d6bd26a2b0,
0x000001d6bd26abc0, 0x000001d6bd26e050, 0x000001d6bd468c10, 0x000001d6bd5acd40,
0x000001d6ffc06080, 0x000001d6ff9cb6a0, 0x000001d6ffb139c0, 0x000001d6bdb9a5c0,
0x000001d6bd58fe20, 0x000001d6bd58f400, 0x000001d6bd58f910, 0x000001d6bd58eef0,
0x000001d6bd590330, 0x000001d6bd58dfc0, 0x000001d6bd590840, 0x000001d6bd591770,
0x000001d6bd590d50, 0x000001d6bd591260, 0x000001d6bd58e4d0, 0x000001d6bd58e9e0,
0x000001d6854fe8e0, 0x000001d6855025a0, 0x000001d685500c50, 0x000001d685501670,
0x000001d6854ff810, 0x000001d6854ffd20, 0x000001d685502090, 0x000001d685500230,
0x000001d6854fedf0, 0x000001d685503ef0, 0x000001d685501b80, 0x000001d685502ab0,
0x000001d685501160, 0x000001d6855039e0
}

Java Threads: ( => current thread )
  0x000001d69d073280 JavaThread "main" [_thread_blocked, id=58704, stack(0x0000009cc4100000,0x0000009cc4200000)]
  0x000001d6bd252f10 JavaThread "Reference Handler" daemon [_thread_blocked, id=54600, stack(0x0000009cc4800000,0x0000009cc4900000)]
  0x000001d6bd254550 JavaThread "Finalizer" daemon [_thread_blocked, id=58692, stack(0x0000009cc4900000,0x0000009cc4a00000)]
  0x000001d6bd264550 JavaThread "Signal Dispatcher" daemon [_thread_blocked, id=9712, stack(0x0000009cc4a00000,0x0000009cc4b00000)]
  0x000001d6bd266e30 JavaThread "Attach Listener" daemon [_thread_blocked, id=55676, stack(0x0000009cc4b00000,0x0000009cc4c00000)]
  0x000001d6bd267700 JavaThread "Service Thread" daemon [_thread_blocked, id=1996, stack(0x0000009cc4c00000,0x0000009cc4d00000)]
  0x000001d6bd267fd0 JavaThread "Monitor Deflation Thread" daemon [_thread_blocked, id=46720, stack(0x0000009cc4d00000,0x0000009cc4e00000)]
=>0x000001d6bd26a2b0 JavaThread "C2 CompilerThread0" daemon [_thread_in_native, id=60300, stack(0x0000009cc4e00000,0x0000009cc4f00000)]
  0x000001d6bd26abc0 JavaThread "C1 CompilerThread0" daemon [_thread_blocked, id=54312, stack(0x0000009cc4f00000,0x0000009cc5000000)]
  0x000001d6bd26e050 JavaThread "Sweeper thread" daemon [_thread_blocked, id=58976, stack(0x0000009cc5000000,0x0000009cc5100000)]
  0x000001d6bd468c10 JavaThread "Common-Cleaner" daemon [_thread_blocked, id=55956, stack(0x0000009cc5100000,0x0000009cc5200000)]
  0x000001d6bd5acd40 JavaThread "Notification Thread" daemon [_thread_blocked, id=20856, stack(0x0000009cc5200000,0x0000009cc5300000)]
  0x000001d6ffc06080 JavaThread "Daemon health stats" [_thread_blocked, id=57600, stack(0x0000009cc5900000,0x0000009cc5a00000)]
  0x000001d6ff9cb6a0 JavaThread "Incoming local TCP Connector on port 64381" [_thread_in_native, id=55616, stack(0x0000009cc5400000,0x0000009cc5500000)]
  0x000001d6ffb139c0 JavaThread "Daemon periodic checks" [_thread_blocked, id=23152, stack(0x0000009cc5b00000,0x0000009cc5c00000)]
  0x000001d6bdb9a5c0 JavaThread "Daemon" [_thread_blocked, id=26600, stack(0x0000009cc5c00000,0x0000009cc5d00000)]
  0x000001d6bd58fe20 JavaThread "Handler for socket connection from /127.0.0.1:64381 to /127.0.0.1:64382" [_thread_in_native, id=55504, stack(0x0000009cc5d00000,0x0000009cc5e00000)]
  0x000001d6bd58f400 JavaThread "Cancel handler" [_thread_blocked, id=21608, stack(0x0000009cc5a00000,0x0000009cc5b00000)]
  0x000001d6bd58f910 JavaThread "Daemon worker" [_thread_in_Java, id=31436, stack(0x0000009cc5e00000,0x0000009cc5f00000)]
  0x000001d6bd58eef0 JavaThread "Asynchronous log dispatcher for DefaultDaemonConnection: socket connection from /127.0.0.1:64381 to /127.0.0.1:64382" [_thread_blocked, id=51388, stack(0x0000009cc5f00000,0x0000009cc6000000)]
  0x000001d6bd590330 JavaThread "Stdin handler" [_thread_blocked, id=58156, stack(0x0000009cc6000000,0x0000009cc6100000)]
  0x000001d6bd58dfc0 JavaThread "Daemon client event forwarder" [_thread_blocked, id=31260, stack(0x0000009cc6100000,0x0000009cc6200000)]
  0x000001d6bd590840 JavaThread "Cache worker for journal cache (C:\Users\hp\.gradle\caches\journal-1)" [_thread_blocked, id=43912, stack(0x0000009cc6300000,0x0000009cc6400000)]
  0x000001d6bd591770 JavaThread "File lock request listener" [_thread_in_native, id=54488, stack(0x0000009cc6400000,0x0000009cc6500000)]
  0x000001d6bd590d50 JavaThread "Cache worker for file hash cache (C:\Users\hp\.gradle\caches\8.10.2\fileHashes)" [_thread_blocked, id=8308, stack(0x0000009cc6500000,0x0000009cc6600000)]
  0x000001d6bd591260 JavaThread "File lock release action executor" [_thread_blocked, id=52092, stack(0x0000009cc6900000,0x0000009cc6a00000)]
  0x000001d6bd58e4d0 JavaThread "Cache worker for file hash cache (C:\Users\hp\AndroidStudioProjects\dynamicmatatufareapp\.gradle\8.10.2\fileHashes)" [_thread_blocked, id=57012, stack(0x0000009cc6a00000,0x0000009cc6b00000)]
  0x000001d6bd58e9e0 JavaThread "Cache worker for Build Output Cleanup Cache (C:\Users\hp\AndroidStudioProjects\dynamicmatatufareapp\.gradle\buildOutputCleanup)" [_thread_blocked, id=18900, stack(0x0000009cc6b00000,0x0000009cc6c00000)]
  0x000001d6854fe8e0 JavaThread "File watcher server" daemon [_thread_in_native, id=44096, stack(0x0000009cc6d00000,0x0000009cc6e00000)]
  0x000001d6855025a0 JavaThread "File watcher consumer" daemon [_thread_blocked, id=22496, stack(0x0000009cc6e00000,0x0000009cc6f00000)]
  0x000001d685500c50 JavaThread "jar transforms" [_thread_blocked, id=4976, stack(0x0000009cc6200000,0x0000009cc6300000)]
  0x000001d685501670 JavaThread "jar transforms Thread 2" [_thread_blocked, id=56672, stack(0x0000009cc6f00000,0x0000009cc7000000)]
  0x000001d6854ff810 JavaThread "jar transforms Thread 3" [_thread_blocked, id=46548, stack(0x0000009cc7000000,0x0000009cc7100000)]
  0x000001d6854ffd20 JavaThread "Cache worker for checksums cache (C:\Users\hp\AndroidStudioProjects\dynamicmatatufareapp\.gradle\8.10.2\checksums)" [_thread_blocked, id=53356, stack(0x0000009cc7200000,0x0000009cc7300000)]
  0x000001d685502090 JavaThread "Cache worker for file content cache (C:\Users\hp\.gradle\caches\8.10.2\fileContent)" [_thread_blocked, id=46496, stack(0x0000009cc7300000,0x0000009cc7400000)]
  0x000001d685500230 JavaThread "Cache worker for cache directory md-rule (C:\Users\hp\.gradle\caches\8.10.2\md-rule)" [_thread_blocked, id=58884, stack(0x0000009cc7400000,0x0000009cc7500000)]
  0x000001d6854fedf0 JavaThread "Cache worker for cache directory md-supplier (C:\Users\hp\.gradle\caches\8.10.2\md-supplier)" [_thread_blocked, id=57680, stack(0x0000009cc7500000,0x0000009cc7600000)]
  0x000001d685503ef0 JavaThread "jar transforms Thread 4" [_thread_blocked, id=47016, stack(0x0000009cc7100000,0x0000009cc7200000)]
  0x000001d685501b80 JavaThread "jar transforms Thread 5" [_thread_blocked, id=54460, stack(0x0000009cc7700000,0x0000009cc7800000)]
  0x000001d685502ab0 JavaThread "jar transforms Thread 6" [_thread_blocked, id=57544, stack(0x0000009cc7800000,0x0000009cc7900000)]
  0x000001d685501160 JavaThread "jar transforms Thread 7" [_thread_blocked, id=44808, stack(0x0000009cc7900000,0x0000009cc7a00000)]
  0x000001d6855039e0 JavaThread "jar transforms Thread 8" [_thread_blocked, id=30272, stack(0x0000009cc7a00000,0x0000009cc7b00000)]

Other Threads:
  0x000001d6bd24de40 VMThread "VM Thread" [stack: 0x0000009cc4700000,0x0000009cc4800000] [id=55688]
  0x000001d69d0f9ce0 WatcherThread [stack: 0x0000009cc5300000,0x0000009cc5400000] [id=4400]
  0x000001d69d0d2290 GCTaskThread "GC Thread#0" [stack: 0x0000009cc4200000,0x0000009cc4300000] [id=34884]
  0x000001d6bddb45c0 GCTaskThread "GC Thread#1" [stack: 0x0000009cc5500000,0x0000009cc5600000] [id=58008]
  0x000001d6bddb4880 GCTaskThread "GC Thread#2" [stack: 0x0000009cc5600000,0x0000009cc5700000] [id=59312]
  0x000001d6ff3afad0 GCTaskThread "GC Thread#3" [stack: 0x0000009cc5700000,0x0000009cc5800000] [id=52516]
  0x000001d6bdf6d0a0 GCTaskThread "GC Thread#4" [stack: 0x0000009cc5800000,0x0000009cc5900000] [id=40676]
  0x000001d6bd830b60 GCTaskThread "GC Thread#5" [stack: 0x0000009cc6600000,0x0000009cc6700000] [id=38568]
  0x000001d684617030 GCTaskThread "GC Thread#6" [stack: 0x0000009cc6700000,0x0000009cc6800000] [id=37576]
  0x000001d6857f89c0 GCTaskThread "GC Thread#7" [stack: 0x0000009cc6800000,0x0000009cc6900000] [id=60064]
  0x000001d69d0e3dc0 ConcurrentGCThread "G1 Main Marker" [stack: 0x0000009cc4300000,0x0000009cc4400000] [id=30448]
  0x000001d69d0e4e80 ConcurrentGCThread "G1 Conc#0" [stack: 0x0000009cc4400000,0x0000009cc4500000] [id=58440]
  0x000001d6848d98b0 ConcurrentGCThread "G1 Conc#1" [stack: 0x0000009cc6c00000,0x0000009cc6d00000] [id=48268]
  0x000001d6bd1020c0 ConcurrentGCThread "G1 Refine#0" [stack: 0x0000009cc4500000,0x0000009cc4600000] [id=58372]
  0x000001d686c702f0 ConcurrentGCThread "G1 Refine#1" [stack: 0x0000009cc7600000,0x0000009cc7700000] [id=54756]
  0x000001d6bd1038b0 ConcurrentGCThread "G1 Service" [stack: 0x0000009cc4600000,0x0000009cc4700000] [id=16296]

Threads with active compile tasks:
C2 CompilerThread0    47715 6585   !   4       java.lang.ClassLoader::loadClass (121 bytes)

VM state: not at safepoint (normal execution)

VM Mutex/Monitor currently owned by a thread:  ([mutex/lock_event])
[0x000001d69d06f5e0] SystemDictionary_lock - owner thread: 0x000001d6bd58f910

Heap address: 0x0000000080000000, size: 2048 MB, Compressed Oops mode: 32-bit

CDS archive(s) mapped at: [0x000001d6be000000-0x000001d6bebd0000-0x000001d6bebd0000), size 12386304, SharedBaseAddress: 0x000001d6be000000, ArchiveRelocationMode: 1.
Compressed class space mapped at: 0x000001d6bf000000-0x000001d6ff000000, reserved size: 1073741824
Narrow klass base: 0x000001d6be000000, Narrow klass shift: 0, Narrow klass range: 0x100000000

GC Precious Log:
 CPUs: 8 total, 8 available
 Memory: 8051M
 Large Page Support: Disabled
 NUMA Support: Disabled
 Compressed Oops: Enabled (32-bit)
 Heap Region Size: 1M
 Heap Min Capacity: 8M
 Heap Initial Capacity: 126M
 Heap Max Capacity: 2G
 Pre-touch: Disabled
 Parallel Workers: 8
 Concurrent Workers: 2
 Concurrent Refinement Workers: 8
 Periodic GC: Disabled

Heap:
 garbage-first heap   total 101376K, used 74471K [0x0000000080000000, 0x0000000100000000)
  region size 1024K, 28 young (28672K), 4 survivors (4096K)
 Metaspace       used 48969K, committed 49600K, reserved 1114112K
  class space    used 6814K, committed 7104K, reserved 1048576K

Heap Regions: E=young(eden), S=young(survivor), O=old, HS=humongous(starts), HC=humongous(continues), CS=collection set, F=free, OA=open archive, CA=closed archive, TAMS=top-at-mark-start (previous, next)
|   0|0x0000000080000000, 0x0000000080100000, 0x0000000080100000|100%| O|  |TAMS 0x0000000080100000, 0x0000000080000000| Untracked 
|   1|0x0000000080100000, 0x0000000080200000, 0x0000000080200000|100%| O|  |TAMS 0x0000000080200000, 0x0000000080100000| Untracked 
|   2|0x0000000080200000, 0x0000000080300000, 0x0000000080300000|100%|HS|  |TAMS 0x0000000080300000, 0x0000000080200000| Complete 
|   3|0x0000000080300000, 0x0000000080400000, 0x0000000080400000|100%|HC|  |TAMS 0x0000000080400000, 0x0000000080300000| Complete 
|   4|0x0000000080400000, 0x0000000080500000, 0x0000000080500000|100%|HC|  |TAMS 0x0000000080500000, 0x0000000080400000| Complete 
|   5|0x0000000080500000, 0x0000000080600000, 0x0000000080600000|100%|HC|  |TAMS 0x0000000080600000, 0x0000000080500000| Complete 
|   6|0x0000000080600000, 0x0000000080700000, 0x0000000080700000|100%| O|  |TAMS 0x0000000080700000, 0x0000000080600000| Untracked 
|   7|0x0000000080700000, 0x0000000080800000, 0x0000000080800000|100%| O|  |TAMS 0x0000000080800000, 0x0000000080700000| Untracked 
|   8|0x0000000080800000, 0x0000000080900000, 0x0000000080900000|100%| O|  |TAMS 0x0000000080900000, 0x0000000080800000| Untracked 
|   9|0x0000000080900000, 0x0000000080a00000, 0x0000000080a00000|100%|HS|  |TAMS 0x0000000080a00000, 0x0000000080900000| Complete 
|  10|0x0000000080a00000, 0x0000000080b00000, 0x0000000080b00000|100%| O|  |TAMS 0x0000000080b00000, 0x0000000080a00000| Untracked 
|  11|0x0000000080b00000, 0x0000000080c00000, 0x0000000080c00000|100%| O|  |TAMS 0x0000000080c00000, 0x0000000080b00000| Untracked 
|  12|0x0000000080c00000, 0x0000000080d00000, 0x0000000080d00000|100%| O|  |TAMS 0x0000000080d00000, 0x0000000080c00000| Untracked 
|  13|0x0000000080d00000, 0x0000000080e00000, 0x0000000080e00000|100%| O|  |TAMS 0x0000000080e00000, 0x0000000080d00000| Untracked 
|  14|0x0000000080e00000, 0x0000000080f00000, 0x0000000080f00000|100%| O|  |TAMS 0x0000000080f00000, 0x0000000080e00000| Untracked 
|  15|0x0000000080f00000, 0x0000000081000000, 0x0000000081000000|100%| O|  |TAMS 0x0000000081000000, 0x0000000080f00000| Untracked 
|  16|0x0000000081000000, 0x0000000081100000, 0x0000000081100000|100%| O|  |TAMS 0x0000000081100000, 0x0000000081000000| Untracked 
|  17|0x0000000081100000, 0x0000000081200000, 0x0000000081200000|100%| O|  |TAMS 0x0000000081200000, 0x0000000081100000| Untracked 
|  18|0x0000000081200000, 0x0000000081300000, 0x0000000081300000|100%| O|  |TAMS 0x0000000081300000, 0x0000000081200000| Untracked 
|  19|0x0000000081300000, 0x0000000081400000, 0x0000000081400000|100%| O|  |TAMS 0x0000000081400000, 0x0000000081300000| Untracked 
|  20|0x0000000081400000, 0x0000000081500000, 0x0000000081500000|100%| O|  |TAMS 0x0000000081500000, 0x0000000081400000| Untracked 
|  21|0x0000000081500000, 0x0000000081600000, 0x0000000081600000|100%| O|  |TAMS 0x0000000081600000, 0x0000000081500000| Untracked 
|  22|0x0000000081600000, 0x000000008161f400, 0x0000000081700000| 12%| O|  |TAMS 0x000000008161f400, 0x0000000081600000| Untracked 
|  23|0x0000000081700000, 0x0000000081800000, 0x0000000081800000|100%| O|  |TAMS 0x0000000081800000, 0x0000000081700000| Untracked 
|  24|0x0000000081800000, 0x0000000081900000, 0x0000000081900000|100%| O|  |TAMS 0x0000000081900000, 0x0000000081800000| Untracked 
|  25|0x0000000081900000, 0x0000000081a00000, 0x0000000081a00000|100%| O|  |TAMS 0x0000000081a00000, 0x0000000081900000| Untracked 
|  26|0x0000000081a00000, 0x0000000081b00000, 0x0000000081b00000|100%| O|  |TAMS 0x0000000081b00000, 0x0000000081a00000| Untracked 
|  27|0x0000000081b00000, 0x0000000081c00000, 0x0000000081c00000|100%| O|  |TAMS 0x0000000081c00000, 0x0000000081b00000| Untracked 
|  28|0x0000000081c00000, 0x0000000081d00000, 0x0000000081d00000|100%| O|  |TAMS 0x0000000081d00000, 0x0000000081c00000| Untracked 
|  29|0x0000000081d00000, 0x0000000081e00000, 0x0000000081e00000|100%| O|  |TAMS 0x0000000081e00000, 0x0000000081d00000| Untracked 
|  30|0x0000000081e00000, 0x0000000081f00000, 0x0000000081f00000|100%| O|  |TAMS 0x0000000081f00000, 0x0000000081e00000| Untracked 
|  31|0x0000000081f00000, 0x0000000082000000, 0x0000000082000000|100%| O|  |TAMS 0x0000000082000000, 0x0000000081f00000| Untracked 
|  32|0x0000000082000000, 0x0000000082100000, 0x0000000082100000|100%| O|  |TAMS 0x0000000082100000, 0x0000000082000000| Untracked 
|  33|0x0000000082100000, 0x0000000082200000, 0x0000000082200000|100%| O|  |TAMS 0x0000000082200000, 0x0000000082100000| Untracked 
|  34|0x0000000082200000, 0x0000000082300000, 0x0000000082300000|100%| O|  |TAMS 0x0000000082300000, 0x0000000082200000| Untracked 
|  35|0x0000000082300000, 0x0000000082400000, 0x0000000082400000|100%| O|  |TAMS 0x0000000082400000, 0x0000000082300000| Untracked 
|  36|0x0000000082400000, 0x0000000082500000, 0x0000000082500000|100%| O|  |TAMS 0x0000000082500000, 0x0000000082400000| Untracked 
|  37|0x0000000082500000, 0x0000000082600000, 0x0000000082600000|100%| O|  |TAMS 0x0000000082600000, 0x0000000082500000| Untracked 
|  38|0x0000000082600000, 0x0000000082700000, 0x0000000082700000|100%| O|  |TAMS 0x0000000082700000, 0x0000000082600000| Untracked 
|  39|0x0000000082700000, 0x0000000082800000, 0x0000000082800000|100%| O|  |TAMS 0x0000000082800000, 0x0000000082700000| Untracked 
|  40|0x0000000082800000, 0x0000000082900000, 0x0000000082900000|100%| O|  |TAMS 0x0000000082900000, 0x0000000082800000| Untracked 
|  41|0x0000000082900000, 0x0000000082a00000, 0x0000000082a00000|100%| O|  |TAMS 0x0000000082a00000, 0x0000000082900000| Untracked 
|  42|0x0000000082a00000, 0x0000000082b00000, 0x0000000082b00000|100%| O|  |TAMS 0x0000000082b00000, 0x0000000082a00000| Untracked 
|  43|0x0000000082b00000, 0x0000000082c00000, 0x0000000082c00000|100%| O|  |TAMS 0x0000000082c00000, 0x0000000082b00000| Untracked 
|  44|0x0000000082c00000, 0x0000000082d00000, 0x0000000082d00000|100%| O|  |TAMS 0x0000000082cc4200, 0x0000000082c00000| Untracked 
|  45|0x0000000082d00000, 0x0000000082e00000, 0x0000000082e00000|100%| O|  |TAMS 0x0000000082d00000, 0x0000000082d00000| Untracked 
|  46|0x0000000082e00000, 0x0000000082f00000, 0x0000000082f00000|100%| O|  |TAMS 0x0000000082e00000, 0x0000000082e00000| Untracked 
|  47|0x0000000082f00000, 0x0000000082f87000, 0x0000000083000000| 52%| O|  |TAMS 0x0000000082f00000, 0x0000000082f00000| Untracked 
|  48|0x0000000083000000, 0x0000000083000000, 0x0000000083100000|  0%| F|  |TAMS 0x0000000083000000, 0x0000000083000000| Untracked 
|  49|0x0000000083100000, 0x0000000083100000, 0x0000000083200000|  0%| F|  |TAMS 0x0000000083100000, 0x0000000083100000| Untracked 
|  50|0x0000000083200000, 0x0000000083200000, 0x0000000083300000|  0%| F|  |TAMS 0x0000000083200000, 0x0000000083200000| Untracked 
|  51|0x0000000083300000, 0x0000000083300000, 0x0000000083400000|  0%| F|  |TAMS 0x0000000083300000, 0x0000000083300000| Untracked 
|  52|0x0000000083400000, 0x0000000083400000, 0x0000000083500000|  0%| F|  |TAMS 0x0000000083400000, 0x0000000083400000| Untracked 
|  53|0x0000000083500000, 0x0000000083500000, 0x0000000083600000|  0%| F|  |TAMS 0x0000000083500000, 0x0000000083500000| Untracked 
|  54|0x0000000083600000, 0x0000000083600000, 0x0000000083700000|  0%| F|  |TAMS 0x0000000083600000, 0x0000000083600000| Untracked 
|  55|0x0000000083700000, 0x0000000083700000, 0x0000000083800000|  0%| F|  |TAMS 0x0000000083700000, 0x0000000083700000| Untracked 
|  56|0x0000000083800000, 0x0000000083800000, 0x0000000083900000|  0%| F|  |TAMS 0x0000000083800000, 0x0000000083800000| Untracked 
|  57|0x0000000083900000, 0x0000000083900000, 0x0000000083a00000|  0%| F|  |TAMS 0x0000000083900000, 0x0000000083900000| Untracked 
|  58|0x0000000083a00000, 0x0000000083a00000, 0x0000000083b00000|  0%| F|  |TAMS 0x0000000083a00000, 0x0000000083a00000| Untracked 
|  59|0x0000000083b00000, 0x0000000083b00000, 0x0000000083c00000|  0%| F|  |TAMS 0x0000000083b00000, 0x0000000083b00000| Untracked 
|  60|0x0000000083c00000, 0x0000000083c00000, 0x0000000083d00000|  0%| F|  |TAMS 0x0000000083c00000, 0x0000000083c00000| Untracked 
|  61|0x0000000083d00000, 0x0000000083d00000, 0x0000000083e00000|  0%| F|  |TAMS 0x0000000083d00000, 0x0000000083d00000| Untracked 
|  62|0x0000000083e00000, 0x0000000083e00000, 0x0000000083f00000|  0%| F|  |TAMS 0x0000000083e00000, 0x0000000083e00000| Untracked 
|  63|0x0000000083f00000, 0x0000000083f00000, 0x0000000084000000|  0%| F|  |TAMS 0x0000000083f00000, 0x0000000083f00000| Untracked 
|  64|0x0000000084000000, 0x0000000084000000, 0x0000000084100000|  0%| F|  |TAMS 0x0000000084000000, 0x0000000084000000| Untracked 
|  65|0x0000000084100000, 0x0000000084100000, 0x0000000084200000|  0%| F|  |TAMS 0x0000000084100000, 0x0000000084100000| Untracked 
|  66|0x0000000084200000, 0x0000000084200000, 0x0000000084300000|  0%| F|  |TAMS 0x0000000084200000, 0x0000000084200000| Untracked 
|  67|0x0000000084300000, 0x0000000084300000, 0x0000000084400000|  0%| F|  |TAMS 0x0000000084300000, 0x0000000084300000| Untracked 
|  68|0x0000000084400000, 0x0000000084400000, 0x0000000084500000|  0%| F|  |TAMS 0x0000000084400000, 0x0000000084400000| Untracked 
|  69|0x0000000084500000, 0x0000000084500000, 0x0000000084600000|  0%| F|  |TAMS 0x0000000084500000, 0x0000000084500000| Untracked 
|  70|0x0000000084600000, 0x0000000084600000, 0x0000000084700000|  0%| F|  |TAMS 0x0000000084600000, 0x0000000084600000| Untracked 
|  71|0x0000000084700000, 0x0000000084713a50, 0x0000000084800000|  7%| S|CS|TAMS 0x0000000084700000, 0x0000000084700000| Complete 
|  72|0x0000000084800000, 0x0000000084900000, 0x0000000084900000|100%| S|CS|TAMS 0x0000000084800000, 0x0000000084800000| Complete 
|  73|0x0000000084900000, 0x0000000084a00000, 0x0000000084a00000|100%| S|CS|TAMS 0x0000000084900000, 0x0000000084900000| Complete 
|  74|0x0000000084a00000, 0x0000000084b00000, 0x0000000084b00000|100%| S|CS|TAMS 0x0000000084a00000, 0x0000000084a00000| Complete 
|  75|0x0000000084b00000, 0x0000000084c00000, 0x0000000084c00000|100%| E|  |TAMS 0x0000000084b00000, 0x0000000084b00000| Complete 
|  76|0x0000000084c00000, 0x0000000084d00000, 0x0000000084d00000|100%| E|CS|TAMS 0x0000000084c00000, 0x0000000084c00000| Complete 
|  77|0x0000000084d00000, 0x0000000084e00000, 0x0000000084e00000|100%| E|CS|TAMS 0x0000000084d00000, 0x0000000084d00000| Complete 
|  78|0x0000000084e00000, 0x0000000084f00000, 0x0000000084f00000|100%| E|CS|TAMS 0x0000000084e00000, 0x0000000084e00000| Complete 
|  79|0x0000000084f00000, 0x0000000085000000, 0x0000000085000000|100%| E|CS|TAMS 0x0000000084f00000, 0x0000000084f00000| Complete 
|  80|0x0000000085000000, 0x0000000085100000, 0x0000000085100000|100%| E|CS|TAMS 0x0000000085000000, 0x0000000085000000| Complete 
|  81|0x0000000085100000, 0x0000000085200000, 0x0000000085200000|100%| E|CS|TAMS 0x0000000085100000, 0x0000000085100000| Complete 
|  82|0x0000000085200000, 0x0000000085300000, 0x0000000085300000|100%| E|CS|TAMS 0x0000000085200000, 0x0000000085200000| Complete 
|  83|0x0000000085300000, 0x0000000085400000, 0x0000000085400000|100%| E|CS|TAMS 0x0000000085300000, 0x0000000085300000| Complete 
|  84|0x0000000085400000, 0x0000000085500000, 0x0000000085500000|100%| E|CS|TAMS 0x0000000085400000, 0x0000000085400000| Complete 
|  85|0x0000000085500000, 0x0000000085600000, 0x0000000085600000|100%| E|CS|TAMS 0x0000000085500000, 0x0000000085500000| Complete 
|  86|0x0000000085600000, 0x0000000085700000, 0x0000000085700000|100%| E|CS|TAMS 0x0000000085600000, 0x0000000085600000| Complete 
|  87|0x0000000085700000, 0x0000000085800000, 0x0000000085800000|100%| E|CS|TAMS 0x0000000085700000, 0x0000000085700000| Complete 
|  88|0x0000000085800000, 0x0000000085900000, 0x0000000085900000|100%| E|CS|TAMS 0x0000000085800000, 0x0000000085800000| Complete 
|  89|0x0000000085900000, 0x0000000085a00000, 0x0000000085a00000|100%| E|CS|TAMS 0x0000000085900000, 0x0000000085900000| Complete 
|  90|0x0000000085a00000, 0x0000000085b00000, 0x0000000085b00000|100%| E|CS|TAMS 0x0000000085a00000, 0x0000000085a00000| Complete 
|  91|0x0000000085b00000, 0x0000000085c00000, 0x0000000085c00000|100%| E|CS|TAMS 0x0000000085b00000, 0x0000000085b00000| Complete 
|  92|0x0000000085c00000, 0x0000000085d00000, 0x0000000085d00000|100%| E|CS|TAMS 0x0000000085c00000, 0x0000000085c00000| Complete 
|  93|0x0000000085d00000, 0x0000000085e00000, 0x0000000085e00000|100%| E|CS|TAMS 0x0000000085d00000, 0x0000000085d00000| Complete 
|  94|0x0000000085e00000, 0x0000000085f00000, 0x0000000085f00000|100%| E|CS|TAMS 0x0000000085e00000, 0x0000000085e00000| Complete 
|  95|0x0000000085f00000, 0x0000000086000000, 0x0000000086000000|100%| E|CS|TAMS 0x0000000085f00000, 0x0000000085f00000| Complete 
|  96|0x0000000086000000, 0x0000000086100000, 0x0000000086100000|100%| E|CS|TAMS 0x0000000086000000, 0x0000000086000000| Complete 
|  97|0x0000000086100000, 0x0000000086200000, 0x0000000086200000|100%| E|CS|TAMS 0x0000000086100000, 0x0000000086100000| Complete 
| 125|0x0000000087d00000, 0x0000000087e00000, 0x0000000087e00000|100%| E|CS|TAMS 0x0000000087d00000, 0x0000000087d00000| Complete 

Card table byte_map: [0x000001d6b6040000,0x000001d6b6440000] _byte_map_base: 0x000001d6b5c40000

Marking Bits (Prev, Next): (CMBitMap*) 0x000001d69d0d27c0, (CMBitMap*) 0x000001d69d0d2800
 Prev Bits: [0x000001d6b6840000, 0x000001d6b8840000)
 Next Bits: [0x000001d6b8840000, 0x000001d6ba840000)

Polling page: 0x000001d69d140000

Metaspace:

Usage:
  Non-class:     41.18 MB used.
      Class:      6.66 MB used.
       Both:     47.84 MB used.

Virtual space:
  Non-class space:       64.00 MB reserved,      41.50 MB ( 65%) committed,  1 nodes.
      Class space:        1.00 GB reserved,       6.94 MB ( <1%) committed,  1 nodes.
             Both:        1.06 GB reserved,      48.44 MB (  4%) committed. 

Chunk freelists:
   Non-Class:  6.50 MB
       Class:  9.08 MB
        Both:  15.58 MB

MaxMetaspaceSize: unlimited
CompressedClassSpaceSize: 1.00 GB
Initial GC threshold: 21.00 MB
Current GC threshold: 75.44 MB
CDS: on
MetaspaceReclaimPolicy: balanced
 - commit_granule_bytes: 65536.
 - commit_granule_words: 8192.
 - virtual_space_node_default_size: 8388608.
 - enlarge_chunks_in_place: 1.
 - new_chunks_are_fully_committed: 0.
 - uncommit_free_chunks: 1.
 - use_allocation_guard: 0.
 - handle_deallocations: 1.


Internal statistics:

num_allocs_failed_limit: 8.
num_arena_births: 696.
num_arena_deaths: 2.
num_vsnodes_births: 2.
num_vsnodes_deaths: 0.
num_space_committed: 775.
num_space_uncommitted: 0.
num_chunks_returned_to_freelist: 13.
num_chunks_taken_from_freelist: 2616.
num_chunk_merges: 5.
num_chunk_splits: 1715.
num_chunks_enlarged: 1169.
num_inconsistent_stats: 0.

CodeHeap 'non-profiled nmethods': size=120000Kb used=3331Kb max_used=3331Kb free=116668Kb
 bounds [0x000001d6adda0000, 0x000001d6ae0f0000, 0x000001d6b52d0000]
CodeHeap 'profiled nmethods': size=120000Kb used=11396Kb max_used=11396Kb free=108603Kb
 bounds [0x000001d6a62d0000, 0x000001d6a6e00000, 0x000001d6ad800000]
CodeHeap 'non-nmethods': size=5760Kb used=2322Kb max_used=2382Kb free=3438Kb
 bounds [0x000001d6ad800000, 0x000001d6ada70000, 0x000001d6adda0000]
 total_blobs=6708 nmethods=5869 adapters=751
 compilation: enabled
              stopped_count=0, restarted_count=0
 full_count=0

Compilation events (20 events):
Event: 46.535 Thread 0x000001d6bd26abc0 6624       3       com.google.common.collect.AbstractMapBasedMultimap$WrappedCollection::iterator (13 bytes)
Event: 46.536 Thread 0x000001d6bd26abc0 nmethod 6624 0x000001d6a6de9890 code [0x000001d6a6de9aa0, 0x000001d6a6dea368]
Event: 46.536 Thread 0x000001d6bd26abc0 6625       3       com.google.common.collect.AbstractMapBasedMultimap$WrappedCollection$WrappedIterator::<init> (32 bytes)
Event: 46.537 Thread 0x000001d6bd26abc0 nmethod 6625 0x000001d6a6dea590 code [0x000001d6a6dea780, 0x000001d6a6deaed8]
Event: 46.551 Thread 0x000001d6bd26abc0 6626       1       org.gradle.internal.instantiation.generator.AbstractClassGenerator$PropertyMetadata::field (6 bytes)
Event: 46.551 Thread 0x000001d6bd26abc0 nmethod 6626 0x000001d6ae0df890 code [0x000001d6ae0dfa20, 0x000001d6ae0dfb38]
Event: 46.555 Thread 0x000001d6bd26abc0 6628       3       java.util.LinkedHashMap::valuesToArray (38 bytes)
Event: 46.556 Thread 0x000001d6bd26abc0 nmethod 6628 0x000001d6a6deb090 code [0x000001d6a6deb240, 0x000001d6a6deb5b8]
Event: 46.569 Thread 0x000001d6bd26abc0 6631       3       java.lang.invoke.MethodHandleStatics::traceLambdaForm (96 bytes)
Event: 46.569 Thread 0x000001d6bd26abc0 nmethod 6631 0x000001d6a6deb710 code [0x000001d6a6deb8a0, 0x000001d6a6deb9f8]
Event: 46.588 Thread 0x000001d6bd26abc0 6634       3       org.gradle.internal.instantiation.generator.AbstractClassGenerator$ExtensibleTypePropertyHandler::claimPropertyImplementation (95 bytes)
Event: 46.589 Thread 0x000001d6bd26abc0 nmethod 6634 0x000001d6a6deba90 code [0x000001d6a6debce0, 0x000001d6a6dec658]
Event: 46.589 Thread 0x000001d6bd26abc0 6638       3       org.gradle.internal.instantiation.generator.AbstractClassGenerator$ManagedPropertiesHandler::claimPropertyImplementation (141 bytes)
Event: 46.591 Thread 0x000001d6bd26abc0 nmethod 6638 0x000001d6a6dec910 code [0x000001d6a6decc20, 0x000001d6a6dedfb8]
Event: 46.591 Thread 0x000001d6bd26abc0 6635       3       org.gradle.internal.instantiation.generator.AbstractClassGenerator$DslMixInPropertyType::claimPropertyImplementation (21 bytes)
Event: 46.592 Thread 0x000001d6bd26abc0 nmethod 6635 0x000001d6a6dee490 code [0x000001d6a6dee640, 0x000001d6a6dee828]
Event: 46.592 Thread 0x000001d6bd26abc0 6636       3       org.gradle.internal.instantiation.generator.AbstractClassGenerator$ServicesPropertyHandler::claimPropertyImplementation (40 bytes)
Event: 46.593 Thread 0x000001d6bd26abc0 nmethod 6636 0x000001d6a6dee910 code [0x000001d6a6deeb40, 0x000001d6a6def3f8]
Event: 46.593 Thread 0x000001d6bd26abc0 6637       3       org.gradle.internal.instantiation.generator.AbstractClassGenerator$NamePropertyHandler::claimPropertyImplementation (16 bytes)
Event: 46.593 Thread 0x000001d6bd26abc0 nmethod 6637 0x000001d6a6def710 code [0x000001d6a6def8c0, 0x000001d6a6defb28]

GC Heap History (20 events):
Event: 33.567 GC heap before
{Heap before GC invocations=9 (full 0):
 garbage-first heap   total 92160K, used 40859K [0x0000000080000000, 0x0000000100000000)
  region size 1024K, 14 young (14336K), 5 survivors (5120K)
 Metaspace       used 35568K, committed 35968K, reserved 1114112K
  class space    used 5149K, committed 5376K, reserved 1048576K
}
Event: 33.575 GC heap after
{Heap after GC invocations=10 (full 0):
 garbage-first heap   total 92160K, used 33245K [0x0000000080000000, 0x0000000100000000)
  region size 1024K, 4 young (4096K), 4 survivors (4096K)
 Metaspace       used 35568K, committed 35968K, reserved 1114112K
  class space    used 5149K, committed 5376K, reserved 1048576K
}
Event: 36.550 GC heap before
{Heap before GC invocations=11 (full 0):
 garbage-first heap   total 92160K, used 71133K [0x0000000080000000, 0x0000000100000000)
  region size 1024K, 41 young (41984K), 4 survivors (4096K)
 Metaspace       used 41784K, committed 42240K, reserved 1114112K
  class space    used 5886K, committed 6080K, reserved 1048576K
}
Event: 36.563 GC heap after
{Heap after GC invocations=12 (full 0):
 garbage-first heap   total 92160K, used 37373K [0x0000000080000000, 0x0000000100000000)
  region size 1024K, 6 young (6144K), 6 survivors (6144K)
 Metaspace       used 41784K, committed 42240K, reserved 1114112K
  class space    used 5886K, committed 6080K, reserved 1048576K
}
Event: 38.357 GC heap before
{Heap before GC invocations=12 (full 0):
 garbage-first heap   total 92160K, used 76285K [0x0000000080000000, 0x0000000100000000)
  region size 1024K, 39 young (39936K), 6 survivors (6144K)
 Metaspace       used 43747K, committed 44288K, reserved 1114112K
  class space    used 6065K, committed 6336K, reserved 1048576K
}
Event: 38.371 GC heap after
{Heap after GC invocations=13 (full 0):
 garbage-first heap   total 92160K, used 41178K [0x0000000080000000, 0x0000000100000000)
  region size 1024K, 4 young (4096K), 4 survivors (4096K)
 Metaspace       used 43747K, committed 44288K, reserved 1114112K
  class space    used 6065K, committed 6336K, reserved 1048576K
}
Event: 38.826 GC heap before
{Heap before GC invocations=13 (full 0):
 garbage-first heap   total 92160K, used 71898K [0x0000000080000000, 0x0000000100000000)
  region size 1024K, 34 young (34816K), 4 survivors (4096K)
 Metaspace       used 43762K, committed 44288K, reserved 1114112K
  class space    used 6065K, committed 6336K, reserved 1048576K
}
Event: 38.835 GC heap after
{Heap after GC invocations=14 (full 0):
 garbage-first heap   total 92160K, used 42594K [0x0000000080000000, 0x0000000100000000)
  region size 1024K, 3 young (3072K), 3 survivors (3072K)
 Metaspace       used 43762K, committed 44288K, reserved 1114112K
  class space    used 6065K, committed 6336K, reserved 1048576K
}
Event: 39.140 GC heap before
{Heap before GC invocations=14 (full 0):
 garbage-first heap   total 92160K, used 73314K [0x0000000080000000, 0x0000000100000000)
  region size 1024K, 33 young (33792K), 3 survivors (3072K)
 Metaspace       used 43764K, committed 44288K, reserved 1114112K
  class space    used 6065K, committed 6336K, reserved 1048576K
}
Event: 39.145 GC heap after
{Heap after GC invocations=15 (full 0):
 garbage-first heap   total 92160K, used 43757K [0x0000000080000000, 0x0000000100000000)
  region size 1024K, 4 young (4096K), 4 survivors (4096K)
 Metaspace       used 43764K, committed 44288K, reserved 1114112K
  class space    used 6065K, committed 6336K, reserved 1048576K
}
Event: 39.743 GC heap before
{Heap before GC invocations=15 (full 0):
 garbage-first heap   total 92160K, used 74477K [0x0000000080000000, 0x0000000100000000)
  region size 1024K, 34 young (34816K), 4 survivors (4096K)
 Metaspace       used 43770K, committed 44288K, reserved 1114112K
  class space    used 6065K, committed 6336K, reserved 1048576K
}
Event: 39.754 GC heap after
{Heap after GC invocations=16 (full 0):
 garbage-first heap   total 92160K, used 45174K [0x0000000080000000, 0x0000000100000000)
  region size 1024K, 4 young (4096K), 4 survivors (4096K)
 Metaspace       used 43770K, committed 44288K, reserved 1114112K
  class space    used 6065K, committed 6336K, reserved 1048576K
}
Event: 40.490 GC heap before
{Heap before GC invocations=16 (full 0):
 garbage-first heap   total 92160K, used 73846K [0x0000000080000000, 0x0000000100000000)
  region size 1024K, 32 young (32768K), 4 survivors (4096K)
 Metaspace       used 43778K, committed 44288K, reserved 1114112K
  class space    used 6065K, committed 6336K, reserved 1048576K
}
Event: 40.500 GC heap after
{Heap after GC invocations=17 (full 0):
 garbage-first heap   total 92160K, used 46515K [0x0000000080000000, 0x0000000100000000)
  region size 1024K, 2 young (2048K), 2 survivors (2048K)
 Metaspace       used 43778K, committed 44288K, reserved 1114112K
  class space    used 6065K, committed 6336K, reserved 1048576K
}
Event: 42.057 GC heap before
{Heap before GC invocations=18 (full 0):
 garbage-first heap   total 92160K, used 75187K [0x0000000080000000, 0x0000000100000000)
  region size 1024K, 30 young (30720K), 2 survivors (2048K)
 Metaspace       used 44253K, committed 44800K, reserved 1114112K
  class space    used 6095K, committed 6336K, reserved 1048576K
}
Event: 42.071 GC heap after
{Heap after GC invocations=19 (full 0):
 garbage-first heap   total 92160K, used 48182K [0x0000000080000000, 0x0000000100000000)
  region size 1024K, 4 young (4096K), 4 survivors (4096K)
 Metaspace       used 44253K, committed 44800K, reserved 1114112K
  class space    used 6095K, committed 6336K, reserved 1048576K
}
Event: 44.650 GC heap before
{Heap before GC invocations=19 (full 0):
 garbage-first heap   total 92160K, used 74806K [0x0000000080000000, 0x0000000100000000)
  region size 1024K, 30 young (30720K), 4 survivors (4096K)
 Metaspace       used 45761K, committed 46336K, reserved 1114112K
  class space    used 6295K, committed 6592K, reserved 1048576K
}
Event: 44.658 GC heap after
{Heap after GC invocations=20 (full 0):
 garbage-first heap   total 92160K, used 49729K [0x0000000080000000, 0x0000000100000000)
  region size 1024K, 4 young (4096K), 4 survivors (4096K)
 Metaspace       used 45761K, committed 46336K, reserved 1114112K
  class space    used 6295K, committed 6592K, reserved 1048576K
}
Event: 45.403 GC heap before
{Heap before GC invocations=21 (full 0):
 garbage-first heap   total 101376K, used 74305K [0x0000000080000000, 0x0000000100000000)
  region size 1024K, 28 young (28672K), 4 survivors (4096K)
 Metaspace       used 46283K, committed 46848K, reserved 1114112K
  class space    used 6360K, committed 6656K, reserved 1048576K
}
Event: 45.411 GC heap after
{Heap after GC invocations=22 (full 0):
 garbage-first heap   total 101376K, used 50919K [0x0000000080000000, 0x0000000100000000)
  region size 1024K, 4 young (4096K), 4 survivors (4096K)
 Metaspace       used 46283K, committed 46848K, reserved 1114112K
  class space    used 6360K, committed 6656K, reserved 1048576K
}

Deoptimization events (20 events):
Event: 45.164 Thread 0x000001d6bd58f910 Uncommon trap: trap_request=0xffffff76 fr.pc=0x000001d6adee686c relative=0x0000000000000b0c
Event: 45.164 Thread 0x000001d6bd58f910 Uncommon trap: reason=predicate action=maybe_recompile pc=0x000001d6adee686c method=java.util.TimSort.binarySort([Ljava/lang/Object;IIILjava/util/Comparator;)V @ 34 c2
Event: 45.164 Thread 0x000001d6bd58f910 DEOPT PACKING pc=0x000001d6adee686c sp=0x0000009cc5ef8bc0
Event: 45.164 Thread 0x000001d6bd58f910 DEOPT UNPACKING pc=0x000001d6ad8523a3 sp=0x0000009cc5ef8b70 mode 2
Event: 45.325 Thread 0x000001d6bd58f910 Uncommon trap: trap_request=0xffffff45 fr.pc=0x000001d6adfc7f68 relative=0x0000000000003408
Event: 45.325 Thread 0x000001d6bd58f910 Uncommon trap: reason=unstable_if action=reinterpret pc=0x000001d6adfc7f68 method=org.objectweb.asm.Frame.push(I)V @ 26 c2
Event: 45.325 Thread 0x000001d6bd58f910 DEOPT PACKING pc=0x000001d6adfc7f68 sp=0x0000009cc5ef7de0
Event: 45.325 Thread 0x000001d6bd58f910 DEOPT UNPACKING pc=0x000001d6ad8523a3 sp=0x0000009cc5ef7d18 mode 2
Event: 45.382 Thread 0x000001d6bd58f910 Uncommon trap: trap_request=0xffffff3d fr.pc=0x000001d6adf92258 relative=0x0000000000000d38
Event: 45.382 Thread 0x000001d6bd58f910 Uncommon trap: reason=unstable_fused_if action=reinterpret pc=0x000001d6adf92258 method=org.objectweb.asm.ByteVector.putUTF8(Ljava/lang/String;)Lorg/objectweb/asm/ByteVector; @ 93 c2
Event: 45.382 Thread 0x000001d6bd58f910 DEOPT PACKING pc=0x000001d6adf92258 sp=0x0000009cc5ef7290
Event: 45.382 Thread 0x000001d6bd58f910 DEOPT UNPACKING pc=0x000001d6ad8523a3 sp=0x0000009cc5ef71e8 mode 2
Event: 45.386 Thread 0x000001d6bd58f910 DEOPT PACKING pc=0x000001d6a67173a3 sp=0x0000009cc5ef7060
Event: 45.386 Thread 0x000001d6bd58f910 DEOPT UNPACKING pc=0x000001d6ad852b43 sp=0x0000009cc5ef64d0 mode 0
Event: 46.474 Thread 0x000001d6bd58f910 DEOPT PACKING pc=0x000001d6a67173a3 sp=0x0000009cc5ef70e0
Event: 46.474 Thread 0x000001d6bd58f910 DEOPT UNPACKING pc=0x000001d6ad852b43 sp=0x0000009cc5ef6550 mode 0
Event: 46.583 Thread 0x000001d6bd58f910 Uncommon trap: trap_request=0xffffff45 fr.pc=0x000001d6ae0bdb6c relative=0x00000000000001cc
Event: 46.583 Thread 0x000001d6bd58f910 Uncommon trap: reason=unstable_if action=reinterpret pc=0x000001d6ae0bdb6c method=java.util.ArrayDeque.addFirst(Ljava/lang/Object;)V @ 42 c2
Event: 46.583 Thread 0x000001d6bd58f910 DEOPT PACKING pc=0x000001d6ae0bdb6c sp=0x0000009cc5ef9100
Event: 46.583 Thread 0x000001d6bd58f910 DEOPT UNPACKING pc=0x000001d6ad8523a3 sp=0x0000009cc5ef90b0 mode 2

Classes unloaded (3 events):
Event: 40.591 Thread 0x000001d6bd24de40 Unloading class 0x000001d6bf5943e8 '_BuildScript_$_run_closure1$_closure2'
Event: 40.591 Thread 0x000001d6bd24de40 Unloading class 0x000001d6bf594000 '_BuildScript_$_run_closure1'
Event: 40.591 Thread 0x000001d6bd24de40 Unloading class 0x000001d6bf58c000 '_BuildScript_'

Classes redefined (0 events):
No events

Internal exceptions (20 events):
Event: 44.364 Thread 0x000001d6bd58f910 Exception <a 'java/lang/NoSuchMethodError'{0x000000008478dfe0}: 'java.lang.Object java.lang.invoke.Invokers$Holder.invoker(java.lang.Object, java.lang.Object, java.lang.Object, java.lang.Object, java.lang.Object)'> (0x000000008478dfe0) 
thrown [s\open\src\hotspot\share\interpreter\linkResolver.cpp, line 759]
Event: 44.370 Thread 0x000001d6bd58f910 Exception <a 'java/lang/NoSuchMethodError'{0x00000000847aba30}: 'java.lang.Object java.lang.invoke.DirectMethodHandle$Holder.invokeSpecial(java.lang.Object, java.lang.Object, java.lang.Object, java.lang.Object, java.lang.Object, java.lang.Object, java.lang.Object, java.lang.Object, java.lang.Object, java.lang.Object, java.lang.Object, java.lang.Object, java.lang.Object, java.lang.Object, java.lang.Object, java.lang.Object, java.lang.Object, java.lang.Object, java.lang.Object, java.lang.Object, java.lang.Ob
Event: 44.371 Thread 0x000001d6bd58f910 Exception <a 'java/lang/NoSuchMethodError'{0x00000000847b19f0}: 'java.lang.Object java.lang.invoke.DelegatingMethodHandle$Holder.reinvoke_L(java.lang.Object, java.lang.Object, java.lang.Object, java.lang.Object, java.lang.Object, java.lang.Object, java.lang.Object, java.lang.Object, java.lang.Object, java.lang.Object, java.lang.Object, java.lang.Object, java.lang.Object, java.lang.Object, java.lang.Object, java.lang.Object, java.lang.Object, java.lang.Object, java.lang.Object, java.lang.Object, java.lang.O
Event: 44.374 Thread 0x000001d6bd58f910 Exception <a 'java/lang/NoSuchMethodError'{0x00000000847bd190}: 'java.lang.Object java.lang.invoke.Invokers$Holder.invoker(java.lang.Object, java.lang.Object, java.lang.Object, java.lang.Object, java.lang.Object, java.lang.Object, java.lang.Object, java.lang.Object, java.lang.Object, java.lang.Object, java.lang.Object, java.lang.Object, java.lang.Object, java.lang.Object, java.lang.Object, java.lang.Object, java.lang.Object, java.lang.Object, java.lang.Object, java.lang.Object, java.lang.Object, java.lang.
Event: 44.375 Thread 0x000001d6bd58f910 Exception <a 'java/lang/NoSuchMethodError'{0x00000000847c3a68}: 'java.lang.Object java.lang.invoke.DelegatingMethodHandle$Holder.delegate(java.lang.Object, java.lang.Object, java.lang.Object, java.lang.Object, java.lang.Object, java.lang.Object, java.lang.Object, java.lang.Object, java.lang.Object, java.lang.Object, java.lang.Object, java.lang.Object, java.lang.Object, java.lang.Object, java.lang.Object, java.lang.Object, java.lang.Object, java.lang.Object, java.lang.Object, java.lang.Object, java.lang.Obj
Event: 44.422 Thread 0x000001d6bd58f910 Exception <a 'java/lang/NoSuchMethodError'{0x000000008468ffe0}: 'java.lang.Object java.lang.invoke.DirectMethodHandle$Holder.invokeStatic(java.lang.Object, java.lang.Object, java.lang.Object, java.lang.Object, java.lang.Object, java.lang.Object, java.lang.Object, java.lang.Object, java.lang.Object, java.lang.Object, java.lang.Object, java.lang.Object, java.lang.Object, java.lang.Object, java.lang.Object, java.lang.Object, java.lang.Object, java.lang.Object, java.lang.Object, java.lang.Object, java.lang.Obj
Event: 45.499 Thread 0x000001d6bd58f910 Exception <a 'java/lang/NoSuchMethodError'{0x0000000086171e80}: 'java.lang.Object java.lang.invoke.DirectMethodHandle$Holder.newInvokeSpecial(java.lang.Object, java.lang.Object, java.lang.Object, java.lang.Object, int)'> (0x0000000086171e80) 
thrown [s\open\src\hotspot\share\interpreter\linkResolver.cpp, line 759]
Event: 45.500 Thread 0x000001d6bd58f910 Exception <a 'java/lang/NoSuchMethodError'{0x0000000086176f00}: 'java.lang.Object java.lang.invoke.DirectMethodHandle$Holder.invokeSpecial(java.lang.Object, java.lang.Object, java.lang.Object, java.lang.Object, java.lang.Object, int)'> (0x0000000086176f00) 
thrown [s\open\src\hotspot\share\interpreter\linkResolver.cpp, line 759]
Event: 45.501 Thread 0x000001d6bd58f910 Exception <a 'java/lang/NoSuchMethodError'{0x000000008617b930}: 'java.lang.Object java.lang.invoke.Invokers$Holder.linkToTargetMethod(java.lang.Object, java.lang.Object, java.lang.Object, int, java.lang.Object)'> (0x000000008617b930) 
thrown [s\open\src\hotspot\share\interpreter\linkResolver.cpp, line 759]
Event: 45.672 Thread 0x000001d6bd58f910 Exception <a 'java/lang/NoSuchMethodError'{0x0000000085fc9ba8}: 'int java.lang.invoke.DirectMethodHandle$Holder.invokeInterface(java.lang.Object, java.lang.Object, java.lang.Object, java.lang.Object)'> (0x0000000085fc9ba8) 
thrown [s\open\src\hotspot\share\interpreter\linkResolver.cpp, line 759]
Event: 45.799 Thread 0x000001d6bd58f910 Exception <a 'java/lang/NoSuchMethodError'{0x0000000085c055a8}: 'java.lang.Object java.lang.invoke.DirectMethodHandle$Holder.invokeStatic(java.lang.Object, long, java.lang.Object)'> (0x0000000085c055a8) 
thrown [s\open\src\hotspot\share\interpreter\linkResolver.cpp, line 759]
Event: 45.800 Thread 0x000001d6bd58f910 Exception <a 'java/lang/NoSuchMethodError'{0x0000000085c0d6a8}: 'java.lang.Object java.lang.invoke.DirectMethodHandle$Holder.newInvokeSpecial(java.lang.Object, long)'> (0x0000000085c0d6a8) 
thrown [s\open\src\hotspot\share\interpreter\linkResolver.cpp, line 759]
Event: 45.818 Thread 0x000001d6bd58f910 Exception <a 'java/lang/NoSuchMethodError'{0x0000000085c6c328}: 'java.lang.Object java.lang.invoke.DirectMethodHandle$Holder.newInvokeSpecial(java.lang.Object, java.lang.Object, java.lang.Object, java.lang.Object, java.lang.Object, long)'> (0x0000000085c6c328) 
thrown [s\open\src\hotspot\share\interpreter\linkResolver.cpp, line 759]
Event: 45.819 Thread 0x000001d6bd58f910 Exception <a 'java/lang/NoSuchMethodError'{0x0000000085c716e0}: 'java.lang.Object java.lang.invoke.DirectMethodHandle$Holder.invokeSpecial(java.lang.Object, java.lang.Object, java.lang.Object, java.lang.Object, java.lang.Object, java.lang.Object, long)'> (0x0000000085c716e0) 
thrown [s\open\src\hotspot\share\interpreter\linkResolver.cpp, line 759]
Event: 45.830 Thread 0x000001d6bd58f910 Exception <a 'java/lang/NoSuchMethodError'{0x0000000085cbeed0}: 'java.lang.Object java.lang.invoke.DirectMethodHandle$Holder.newInvokeSpecial(java.lang.Object, java.lang.Object, java.lang.Object, long)'> (0x0000000085cbeed0) 
thrown [s\open\src\hotspot\share\interpreter\linkResolver.cpp, line 759]
Event: 45.831 Thread 0x000001d6bd58f910 Exception <a 'java/lang/NoSuchMethodError'{0x0000000085cc3f10}: 'java.lang.Object java.lang.invoke.DirectMethodHandle$Holder.invokeSpecial(java.lang.Object, java.lang.Object, java.lang.Object, java.lang.Object, long)'> (0x0000000085cc3f10) 
thrown [s\open\src\hotspot\share\interpreter\linkResolver.cpp, line 759]
Event: 45.831 Thread 0x000001d6bd58f910 Exception <a 'java/lang/NoSuchMethodError'{0x0000000085cc8638}: 'java.lang.Object java.lang.invoke.Invokers$Holder.linkToTargetMethod(java.lang.Object, java.lang.Object, long, java.lang.Object)'> (0x0000000085cc8638) 
thrown [s\open\src\hotspot\share\interpreter\linkResolver.cpp, line 759]
Event: 46.484 Thread 0x000001d6bd58f910 Exception <a 'java/lang/NoSuchMethodError'{0x0000000085020488}: 'void java.lang.invoke.DirectMethodHandle$Holder.invokeInterface(java.lang.Object, java.lang.Object)'> (0x0000000085020488) 
thrown [s\open\src\hotspot\share\interpreter\linkResolver.cpp, line 759]
Event: 46.489 Thread 0x000001d6bd58f910 Exception <a 'java/lang/IncompatibleClassChangeError'{0x000000008502b908}: Found class java.lang.Object, but interface was expected> (0x000000008502b908) 
thrown [s\open\src\hotspot\share\interpreter\linkResolver.cpp, line 826]
Event: 46.569 Thread 0x000001d6bd58f910 Exception <a 'java/lang/NoSuchMethodError'{0x0000000084e88d18}: 'java.lang.Object java.lang.invoke.DirectMethodHandle$Holder.newInvokeSpecial(java.lang.Object, int, java.lang.Object)'> (0x0000000084e88d18) 
thrown [s\open\src\hotspot\share\interpreter\linkResolver.cpp, line 759]

VM Operations (20 events):
Event: 42.057 Executing VM operation: G1CollectForAllocation
Event: 42.071 Executing VM operation: G1CollectForAllocation done
Event: 43.079 Executing VM operation: Cleanup
Event: 43.082 Executing VM operation: Cleanup done
Event: 44.084 Executing VM operation: Cleanup
Event: 44.084 Executing VM operation: Cleanup done
Event: 44.650 Executing VM operation: G1CollectForAllocation
Event: 44.659 Executing VM operation: G1CollectForAllocation done
Event: 44.765 Executing VM operation: G1Concurrent
Event: 44.772 Executing VM operation: G1Concurrent done
Event: 44.821 Executing VM operation: G1Concurrent
Event: 44.821 Executing VM operation: G1Concurrent done
Event: 45.403 Executing VM operation: G1CollectForAllocation
Event: 45.411 Executing VM operation: G1CollectForAllocation done
Event: 45.450 Executing VM operation: HandshakeAllThreads
Event: 45.450 Executing VM operation: HandshakeAllThreads done
Event: 45.670 Executing VM operation: HandshakeAllThreads
Event: 45.670 Executing VM operation: HandshakeAllThreads done
Event: 46.674 Executing VM operation: Cleanup
Event: 46.674 Executing VM operation: Cleanup done

Events (20 events):
Event: 44.122 loading class java/util/BitSet$1BitSetSpliterator
Event: 44.123 loading class java/util/BitSet$1BitSetSpliterator done
Event: 44.321 loading class java/util/Collections$SynchronizedRandomAccessList
Event: 44.321 loading class java/util/Collections$SynchronizedList
Event: 44.322 loading class java/util/Collections$SynchronizedList done
Event: 44.322 loading class java/util/Collections$SynchronizedRandomAccessList done
Event: 44.419 loading class java/lang/invoke/BoundMethodHandle$Species_LLLLLLLLLLLLLLLLLLLLLLLL
Event: 44.419 loading class java/lang/invoke/BoundMethodHandle$Species_LLLLLLLLLLLLLLLLLLLLLLLL done
Event: 46.151 loading class java/util/PrimitiveIterator$OfInt
Event: 46.151 loading class java/util/PrimitiveIterator
Event: 46.152 loading class java/util/PrimitiveIterator done
Event: 46.152 loading class java/util/PrimitiveIterator$OfInt done
Event: 46.169 loading class java/util/concurrent/RecursiveAction
Event: 46.170 loading class java/util/concurrent/RecursiveAction done
Event: 46.320 loading class java/util/concurrent/atomic/AtomicReferenceFieldUpdater
Event: 46.320 loading class java/util/concurrent/atomic/AtomicReferenceFieldUpdater done
Event: 46.320 loading class java/util/concurrent/atomic/AtomicReferenceFieldUpdater$AtomicReferenceFieldUpdaterImpl
Event: 46.321 loading class java/util/concurrent/atomic/AtomicReferenceFieldUpdater$AtomicReferenceFieldUpdaterImpl done
Event: 46.321 loading class java/util/concurrent/atomic/AtomicReferenceFieldUpdater$AtomicReferenceFieldUpdaterImpl$1
Event: 46.321 loading class java/util/concurrent/atomic/AtomicReferenceFieldUpdater$AtomicReferenceFieldUpdaterImpl$1 done


Dynamic libraries:
0x00007ff666c60000 - 0x00007ff666c70000 	C:\Program Files\Java\jdk-17\bin\java.exe
0x00007ffdbba40000 - 0x00007ffdbbca0000 	C:\WINDOWS\SYSTEM32\ntdll.dll
0x00007ffdbab20000 - 0x00007ffdbabe7000 	C:\WINDOWS\System32\KERNEL32.DLL
0x00007ffdb8d70000 - 0x00007ffdb913a000 	C:\WINDOWS\System32\KERNELBASE.dll
0x00007ffdb9570000 - 0x00007ffdb96bb000 	C:\WINDOWS\System32\ucrtbase.dll
0x00007ffd8abe0000 - 0x00007ffd8abf9000 	C:\Program Files\Java\jdk-17\bin\jli.dll
0x00007ffd7d4e0000 - 0x00007ffd7d4fb000 	C:\Program Files\Java\jdk-17\bin\VCRUNTIME140.dll
0x00007ffdbb2d0000 - 0x00007ffdbb382000 	C:\WINDOWS\System32\ADVAPI32.dll
0x00007ffdb9840000 - 0x00007ffdb98e9000 	C:\WINDOWS\System32\msvcrt.dll
0x00007ffdbb0e0000 - 0x00007ffdbb186000 	C:\WINDOWS\System32\sechost.dll
0x00007ffdbabf0000 - 0x00007ffdbad06000 	C:\WINDOWS\System32\RPCRT4.dll
0x00007ffdba020000 - 0x00007ffdba1ec000 	C:\WINDOWS\System32\USER32.dll
0x00007ffda0790000 - 0x00007ffda0a27000 	C:\WINDOWS\WinSxS\amd64_microsoft.windows.common-controls_6595b64144ccf1df_6.0.26100.3624_none_3e086962e3345f24\COMCTL32.dll
0x00007ffdb9140000 - 0x00007ffdb9167000 	C:\WINDOWS\System32\win32u.dll
0x00007ffdba1f0000 - 0x00007ffdba21a000 	C:\WINDOWS\System32\GDI32.dll
0x00007ffdb9220000 - 0x00007ffdb9351000 	C:\WINDOWS\System32\gdi32full.dll
0x00007ffdb9170000 - 0x00007ffdb9213000 	C:\WINDOWS\System32\msvcp_win.dll
0x00007ffdb12b0000 - 0x00007ffdb12bb000 	C:\WINDOWS\SYSTEM32\VERSION.dll
0x00007ffdbb4a0000 - 0x00007ffdbb4cf000 	C:\WINDOWS\System32\IMM32.DLL
0x00007ffdb5b80000 - 0x00007ffdb5b8c000 	C:\Program Files\Java\jdk-17\bin\vcruntime140_1.dll
0x00007ffd63ab0000 - 0x00007ffd63b3e000 	C:\Program Files\Java\jdk-17\bin\msvcp140.dll
0x00007ffc842c0000 - 0x00007ffc84ea0000 	C:\Program Files\Java\jdk-17\bin\server\jvm.dll
0x00007ffdbb5f0000 - 0x00007ffdbb5f8000 	C:\WINDOWS\System32\PSAPI.DLL
0x00007ffd9dcd0000 - 0x00007ffd9dd06000 	C:\WINDOWS\SYSTEM32\WINMM.dll
0x00007ffd95180000 - 0x00007ffd9518a000 	C:\WINDOWS\SYSTEM32\WSOCK32.dll
0x00007ffdb9e30000 - 0x00007ffdb9ea4000 	C:\WINDOWS\System32\WS2_32.dll
0x00007ffdb79f0000 - 0x00007ffdb7a0a000 	C:\WINDOWS\SYSTEM32\kernel.appcore.dll
0x00007ffda0b20000 - 0x00007ffda0b2a000 	C:\Program Files\Java\jdk-17\bin\jimage.dll
0x00007ffd9aab0000 - 0x00007ffd9acf1000 	C:\WINDOWS\SYSTEM32\DBGHELP.DLL
0x00007ffdbb600000 - 0x00007ffdbb982000 	C:\WINDOWS\System32\combase.dll
0x00007ffdbb190000 - 0x00007ffdbb266000 	C:\WINDOWS\System32\OLEAUT32.dll
0x00007ffda72d0000 - 0x00007ffda7309000 	C:\WINDOWS\SYSTEM32\dbgcore.DLL
0x00007ffdb9360000 - 0x00007ffdb93f9000 	C:\WINDOWS\System32\bcryptPrimitives.dll
0x00007ffd8ab60000 - 0x00007ffd8ab6e000 	C:\Program Files\Java\jdk-17\bin\instrument.dll
0x00007ffd7c3d0000 - 0x00007ffd7c3f5000 	C:\Program Files\Java\jdk-17\bin\java.dll
0x00007ffd3d440000 - 0x00007ffd3d517000 	C:\Program Files\Java\jdk-17\bin\jsvml.dll
0x00007ffdba250000 - 0x00007ffdba979000 	C:\WINDOWS\System32\SHELL32.dll
0x00007ffdb9400000 - 0x00007ffdb9568000 	C:\WINDOWS\System32\wintypes.dll
0x00007ffdb68a0000 - 0x00007ffdb70f2000 	C:\WINDOWS\SYSTEM32\windows.storage.dll
0x00007ffdbada0000 - 0x00007ffdbae8d000 	C:\WINDOWS\System32\SHCORE.dll
0x00007ffdbb070000 - 0x00007ffdbb0d4000 	C:\WINDOWS\System32\shlwapi.dll
0x00007ffdb8b30000 - 0x00007ffdb8b5f000 	C:\WINDOWS\SYSTEM32\profapi.dll
0x00007ffd7c3b0000 - 0x00007ffd7c3c8000 	C:\Program Files\Java\jdk-17\bin\zip.dll
0x00007ffd79850000 - 0x00007ffd79869000 	C:\Program Files\Java\jdk-17\bin\net.dll
0x00007ffdb0f80000 - 0x00007ffdb109d000 	C:\WINDOWS\SYSTEM32\WINHTTP.dll
0x00007ffdb7ef0000 - 0x00007ffdb7f5a000 	C:\WINDOWS\system32\mswsock.dll
0x00007ffd79740000 - 0x00007ffd79756000 	C:\Program Files\Java\jdk-17\bin\nio.dll
0x00007ffd8adf0000 - 0x00007ffd8ae00000 	C:\Program Files\Java\jdk-17\bin\verify.dll
0x00007ffd63ff0000 - 0x00007ffd64017000 	C:\Users\hp\.gradle\native\c067742578af261105cb4f569cf0c3c89f3d7b1fecec35dd04571415982c5e48\windows-amd64\native-platform.dll
0x00007ffd36390000 - 0x00007ffd364d4000 	C:\Users\hp\.gradle\native\100fb08df4bc3b14c8652ba06237920a3bd2aa13389f12d3474272988ae205f9\windows-amd64\native-platform-file-events.dll
0x00007ffd8ae40000 - 0x00007ffd8ae4a000 	C:\Program Files\Java\jdk-17\bin\management.dll
0x00007ffd8ae30000 - 0x00007ffd8ae3b000 	C:\Program Files\Java\jdk-17\bin\management_ext.dll
0x00007ffdb82a0000 - 0x00007ffdb82bc000 	C:\WINDOWS\SYSTEM32\CRYPTSP.dll
0x00007ffdb7950000 - 0x00007ffdb798a000 	C:\WINDOWS\system32\rsaenh.dll
0x00007ffdb7f90000 - 0x00007ffdb7fbb000 	C:\WINDOWS\SYSTEM32\USERENV.dll
0x00007ffdb8b00000 - 0x00007ffdb8b26000 	C:\WINDOWS\SYSTEM32\bcrypt.dll
0x00007ffdb8120000 - 0x00007ffdb812c000 	C:\WINDOWS\SYSTEM32\CRYPTBASE.dll
0x00007ffdb7450000 - 0x00007ffdb7483000 	C:\WINDOWS\SYSTEM32\IPHLPAPI.DLL
0x00007ffdb9eb0000 - 0x00007ffdb9eba000 	C:\WINDOWS\System32\NSI.dll
0x00007ffdb0cf0000 - 0x00007ffdb0d0f000 	C:\WINDOWS\SYSTEM32\dhcpcsvc6.DLL
0x00007ffdb05a0000 - 0x00007ffdb05c5000 	C:\WINDOWS\SYSTEM32\dhcpcsvc.DLL
0x00007ffdb74f0000 - 0x00007ffdb7615000 	C:\WINDOWS\SYSTEM32\DNSAPI.dll
0x00007ffdb3d20000 - 0x00007ffdb3d2e000 	C:\Program Files\Java\jdk-17\bin\sunmscapi.dll
0x00007ffdb96c0000 - 0x00007ffdb9837000 	C:\WINDOWS\System32\CRYPT32.dll
0x00007ffdb83f0000 - 0x00007ffdb8420000 	C:\WINDOWS\SYSTEM32\ncrypt.dll
0x00007ffdb83a0000 - 0x00007ffdb83df000 	C:\WINDOWS\SYSTEM32\NTASN1.dll
0x00007ffd9fa80000 - 0x00007ffd9fa88000 	C:\WINDOWS\system32\wshunix.dll
0x00007ffdb7b10000 - 0x00007ffdb7b45000 	C:\WINDOWS\SYSTEM32\ntmarta.dll

dbghelp: loaded successfully - version: 4.0.5 - missing functions: none
symbol engine: initialized successfully - sym options: 0x614 - pdb path: .;C:\Program Files\Java\jdk-17\bin;C:\WINDOWS\SYSTEM32;C:\WINDOWS\WinSxS\amd64_microsoft.windows.common-controls_6595b64144ccf1df_6.0.26100.3624_none_3e086962e3345f24;C:\Program Files\Java\jdk-17\bin\server;C:\Users\hp\.gradle\native\c067742578af261105cb4f569cf0c3c89f3d7b1fecec35dd04571415982c5e48\windows-amd64;C:\Users\hp\.gradle\native\100fb08df4bc3b14c8652ba06237920a3bd2aa13389f12d3474272988ae205f9\windows-amd64

VM Arguments:
jvm_args: --add-opens=java.base/java.util=ALL-UNNAMED --add-opens=java.base/java.lang=ALL-UNNAMED --add-opens=java.base/java.lang.invoke=ALL-UNNAMED --add-opens=java.prefs/java.util.prefs=ALL-UNNAMED --add-exports=jdk.compiler/com.sun.tools.javac.api=ALL-UNNAMED --add-exports=jdk.compiler/com.sun.tools.javac.util=ALL-UNNAMED --add-opens=java.base/java.nio.charset=ALL-UNNAMED --add-opens=java.base/java.net=ALL-UNNAMED --add-opens=java.base/java.util.concurrent.atomic=ALL-UNNAMED -Xmx2048m -Dfile.encoding=UTF-8 -Duser.country=US -Duser.language=en -Duser.variant -javaagent:C:\Users\hp\.gradle\wrapper\dists\gradle-8.10.2-bin\a04bxjujx95o3nb99gddekhwo\gradle-8.10.2\lib\agents\gradle-instrumentation-agent-8.10.2.jar 
java_command: org.gradle.launcher.daemon.bootstrap.GradleDaemon 8.10.2
java_class_path (initial): C:\Users\hp\.gradle\wrapper\dists\gradle-8.10.2-bin\a04bxjujx95o3nb99gddekhwo\gradle-8.10.2\lib\gradle-daemon-main-8.10.2.jar
Launcher Type: SUN_STANDARD

[Global flags]
     intx CICompilerCount                          = 4                                         {product} {ergonomic}
     uint ConcGCThreads                            = 2                                         {product} {ergonomic}
     uint G1ConcRefinementThreads                  = 8                                         {product} {ergonomic}
   size_t G1HeapRegionSize                         = 1048576                                   {product} {ergonomic}
    uintx GCDrainStackTargetSize                   = 64                                        {product} {ergonomic}
   size_t InitialHeapSize                          = 132120576                                 {product} {ergonomic}
   size_t MarkStackSize                            = 4194304                                   {product} {ergonomic}
   size_t MaxHeapSize                              = 2147483648                                {product} {command line}
   size_t MaxNewSize                               = 1287651328                                {product} {ergonomic}
   size_t MinHeapDeltaBytes                        = 1048576                                   {product} {ergonomic}
   size_t MinHeapSize                              = 8388608                                   {product} {ergonomic}
    uintx NonNMethodCodeHeapSize                   = 5839372                                {pd product} {ergonomic}
    uintx NonProfiledCodeHeapSize                  = 122909434                              {pd product} {ergonomic}
    uintx ProfiledCodeHeapSize                     = 122909434                              {pd product} {ergonomic}
    uintx ReservedCodeCacheSize                    = 251658240                              {pd product} {ergonomic}
     bool SegmentedCodeCache                       = true                                      {product} {ergonomic}
   size_t SoftMaxHeapSize                          = 2147483648                             {manageable} {ergonomic}
     bool UseCompressedClassPointers               = true                           {product lp64_product} {ergonomic}
     bool UseCompressedOops                        = true                           {product lp64_product} {ergonomic}
     bool UseG1GC                                  = true                                      {product} {ergonomic}
     bool UseLargePagesIndividualAllocation        = false                                  {pd product} {ergonomic}

Logging:
Log output configuration:
 #0: stdout all=warning uptime,level,tags
 #1: stderr all=off uptime,level,tags

Environment Variables:
PATH=C:\Python313\Scripts\;C:\Python313\;C:\Program Files\Common Files\Oracle\Java\javapath;C:\Windows\App\bin;C:\WINDOWS\system32;C:\WINDOWS;C:\WINDOWS\System32\Wbem;C:\WINDOWS\System32\WindowsPowerShell\v1.0\;C:\WINDOWS\System32\OpenSSH\;%C:\Users\hp\AppData\Local\Packages\PythonSoftwareFoundation.Python.3.11_qbz5n2kfra8p0\LocalCache\local-packages\Python311\Scripts;C:\Program Files (x86)\Microsoft SQL Server\160\Tools\Binn\;C:\Program Files\Microsoft SQL Server\160\Tools\Binn\;C:\Program Files\Microsoft SQL Server\Client SDK\ODBC\170\Tools\Binn\;C:\Program Files\Microsoft SQL Server\160\DTS\Binn\;C:\Program Files (x86)\Windows Kits\10\Windows Performance Toolkit\;C:\ProgramData\chocolatey\bin;C:\Program Files\Git\cmd;C:\Users\hp\AppData\Local\Packages\PythonSoftwareFoundation.Python.3.11_qbz5n2kfra8p0\LocalCache\local-packages\Python311\Scripts;C:\Program Files\dotnet\;C:\Program Files\nodejs\;C:\Program Files\Microsoft SQL Server\150\Tools\Binn\;C:\Users\hp\Downloads\platform-tools-latest-windows\platform-tools\adb.exe;C:\Users\hp\Downloads\ngrok-v3-stable-windows-amd64;C:\Users\hp\AppData\Local\Programs\Python\Launcher\;C:\Users\hp\AppData\Local\Microsoft\WindowsApps;C:\Program Files\JetBrains\PyCharm Community Edition 2023.2.3\bin;;C:\MinGW\bin;C:\Users\hp\AppData\Local\Microsoft\WinGet\Links;C:\Users\hp\.dotnet\tools;C:\Users\hp\AppData\Roaming\npm;C:\Users\hp\Downloads\cursor\resources\app\bin;C:\Users\hp\AppData\Local\Programs\Windsurf\bin
USERNAME=hp
OS=Windows_NT
PROCESSOR_IDENTIFIER=Intel64 Family 6 Model 142 Stepping 10, GenuineIntel



---------------  S Y S T E M  ---------------

OS:
 Windows 11 , 64 bit Build 26100 (10.0.26100.3775)
OS uptime: 6 days 22:50 hours
Hyper-V role detected

CPU: total 8 (initial active 8) (4 cores per cpu, 2 threads per core) family 6 model 142 stepping 10 microcode 0xf6, cx8, cmov, fxsr, ht, mmx, 3dnowpref, sse, sse2, sse3, ssse3, sse4.1, sse4.2, popcnt, lzcnt, tsc, tscinvbit, avx, avx2, aes, erms, clmul, bmi1, bmi2, adx, fma, vzeroupper, clflush, clflushopt, hv

Memory: 4k page, system-wide physical 8051M (323M free)
TotalPageFile size 32627M (AvailPageFile size 2M)
current process WorkingSet (physical memory assigned to process): 239M, peak: 247M
current process commit charge ("private bytes"): 310M, peak: 313M

vm_info: Java HotSpot(TM) 64-Bit Server VM (17.0.12+8-LTS-286) for windows-amd64 JRE (17.0.12+8-LTS-286), built on Jun  5 2024 06:46:59 by "mach5one" with MS VC++ 17.6 (VS2022)

END.
