#
# There is insufficient memory for the Java Runtime Environment to continue.
# Native memory allocation (malloc) failed to allocate 1379152 bytes for Chunk::new
# Possible reasons:
#   The system is out of physical RAM or swap space
#   The process is running with CompressedOops enabled, and the Java Heap may be blocking the growth of the native heap
# Possible solutions:
#   Reduce memory load on the system
#   Increase physical memory or swap space
#   Check if swap backing store is full
#   Decrease Java heap size (-Xmx/-Xms)
#   Decrease number of Java threads
#   Decrease Java thread stack sizes (-Xss)
#   Set larger code cache with -XX:ReservedCodeCacheSize=
#   JVM is running with Unscaled Compressed Oops mode in which the Java heap is
#     placed in the first 4GB address space. The Java Heap base address is the
#     maximum limit for the native heap growth. Please use -XX:HeapBaseMinAddress
#     to set the Java Heap base and to place the Java Heap above 4GB virtual address.
# This output file may be truncated or incomplete.
#
#  Out of Memory Error (arena.cpp:189), pid=36952, tid=34628
#
# JRE version: Java(TM) SE Runtime Environment (17.0.12+8) (build 17.0.12+8-LTS-286)
# Java VM: Java HotSpot(TM) 64-Bit Server VM (17.0.12+8-LTS-286, mixed mode, sharing, tiered, compressed oops, compressed class ptrs, g1 gc, windows-amd64)
# No core dump will be written. Minidumps are not enabled by default on client versions of Windows
#

---------------  S U M M A R Y ------------

Command Line: --add-opens=java.base/java.util=ALL-UNNAMED --add-opens=java.base/java.lang=ALL-UNNAMED --add-opens=java.base/java.lang.invoke=ALL-UNNAMED --add-opens=java.prefs/java.util.prefs=ALL-UNNAMED --add-exports=jdk.compiler/com.sun.tools.javac.api=ALL-UNNAMED --add-exports=jdk.compiler/com.sun.tools.javac.util=ALL-UNNAMED --add-opens=java.base/java.nio.charset=ALL-UNNAMED --add-opens=java.base/java.net=ALL-UNNAMED --add-opens=java.base/java.util.concurrent.atomic=ALL-UNNAMED -Xmx2048m -Dfile.encoding=UTF-8 -Duser.country=US -Duser.language=en -Duser.variant -javaagent:C:\Users\hp\.gradle\wrapper\dists\gradle-8.10.2-bin\a04bxjujx95o3nb99gddekhwo\gradle-8.10.2\lib\agents\gradle-instrumentation-agent-8.10.2.jar org.gradle.launcher.daemon.bootstrap.GradleDaemon 8.10.2

Host: Intel(R) Core(TM) i5-8250U CPU @ 1.60GHz, 8 cores, 7G,  Windows 11 , 64 bit Build 26100 (10.0.26100.3775)
Time: Thu Apr 17 09:50:55 2025 E. Africa Standard Time elapsed time: 29.567043 seconds (0d 0h 0m 29s)

---------------  T H R E A D  ---------------

Current thread (0x000002a29dea9aa0):  JavaThread "C2 CompilerThread0" daemon [_thread_in_native, id=34628, stack(0x000000d0aea00000,0x000000d0aeb00000)]


Current CompileTask:
C2:  29567 2359       4       jdk.internal.org.objectweb.asm.Frame::execute (2305 bytes)

Stack: [0x000000d0aea00000,0x000000d0aeb00000]
Native frames: (J=compiled Java code, j=interpreted, Vv=VM code, C=native code)
V  [jvm.dll+0x67a04a]
V  [jvm.dll+0x7da4ed]
V  [jvm.dll+0x7dbe33]
V  [jvm.dll+0x7dc4a3]
V  [jvm.dll+0x24508f]
V  [jvm.dll+0xab773]
V  [jvm.dll+0xabd3c]
V  [jvm.dll+0x361bee]
V  [jvm.dll+0x1ba64a]
V  [jvm.dll+0x216997]
V  [jvm.dll+0x215c6f]
V  [jvm.dll+0x1a2960]
V  [jvm.dll+0x22610b]
V  [jvm.dll+0x2242ab]
V  [jvm.dll+0x79075c]
V  [jvm.dll+0x78abea]
V  [jvm.dll+0x678f35]
C  [ucrtbase.dll+0x37b0]
C  [KERNEL32.DLL+0x2e8d7]
C  [ntdll.dll+0xb14fc]


---------------  P R O C E S S  ---------------

Threads class SMR info:
_java_thread_list=0x000002a2e554a8e0, length=24, elements={
0x000002a2ff4049a0, 0x000002a29de93270, 0x000002a29de946b0, 0x000002a29dea5420,
0x000002a29dea7d00, 0x000002a29dea85d0, 0x000002a29dea8ea0, 0x000002a29dea9aa0,
0x000002a29deac600, 0x000002a29deb1170, 0x000002a2e31b8cc0, 0x000002a2e3287cf0,
0x000002a2e3e60f20, 0x000002a2e47f3370, 0x000002a2e41720b0, 0x000002a2e35d19c0,
0x000002a2e47f0660, 0x000002a2e3d37770, 0x000002a2e3d386a0, 0x000002a2e3d36330,
0x000002a2e3d36d50, 0x000002a2e3d37260, 0x000002a2e3d37c80, 0x000002a2e3d38190
}

Java Threads: ( => current thread )
  0x000002a2ff4049a0 JavaThread "main" [_thread_blocked, id=31564, stack(0x000000d0add00000,0x000000d0ade00000)]
  0x000002a29de93270 JavaThread "Reference Handler" daemon [_thread_blocked, id=60032, stack(0x000000d0ae400000,0x000000d0ae500000)]
  0x000002a29de946b0 JavaThread "Finalizer" daemon [_thread_blocked, id=28544, stack(0x000000d0ae500000,0x000000d0ae600000)]
  0x000002a29dea5420 JavaThread "Signal Dispatcher" daemon [_thread_blocked, id=3324, stack(0x000000d0ae600000,0x000000d0ae700000)]
  0x000002a29dea7d00 JavaThread "Attach Listener" daemon [_thread_blocked, id=6784, stack(0x000000d0ae700000,0x000000d0ae800000)]
  0x000002a29dea85d0 JavaThread "Service Thread" daemon [_thread_blocked, id=43504, stack(0x000000d0ae800000,0x000000d0ae900000)]
  0x000002a29dea8ea0 JavaThread "Monitor Deflation Thread" daemon [_thread_blocked, id=46728, stack(0x000000d0ae900000,0x000000d0aea00000)]
=>0x000002a29dea9aa0 JavaThread "C2 CompilerThread0" daemon [_thread_in_native, id=34628, stack(0x000000d0aea00000,0x000000d0aeb00000)]
  0x000002a29deac600 JavaThread "C1 CompilerThread0" daemon [_thread_blocked, id=58496, stack(0x000000d0aeb00000,0x000000d0aec00000)]
  0x000002a29deb1170 JavaThread "Sweeper thread" daemon [_thread_blocked, id=44372, stack(0x000000d0aec00000,0x000000d0aed00000)]
  0x000002a2e31b8cc0 JavaThread "Common-Cleaner" daemon [_thread_blocked, id=1284, stack(0x000000d0aed00000,0x000000d0aee00000)]
  0x000002a2e3287cf0 JavaThread "Notification Thread" daemon [_thread_blocked, id=46660, stack(0x000000d0aee00000,0x000000d0aef00000)]
  0x000002a2e3e60f20 JavaThread "Daemon health stats" [_thread_blocked, id=60228, stack(0x000000d0af400000,0x000000d0af500000)]
  0x000002a2e47f3370 JavaThread "Incoming local TCP Connector on port 63996" [_thread_in_native, id=55168, stack(0x000000d0af500000,0x000000d0af600000)]
  0x000002a2e41720b0 JavaThread "Daemon periodic checks" [_thread_blocked, id=8048, stack(0x000000d0af600000,0x000000d0af700000)]
  0x000002a2e35d19c0 JavaThread "Daemon" [_thread_blocked, id=59220, stack(0x000000d0af700000,0x000000d0af800000)]
  0x000002a2e47f0660 JavaThread "Handler for socket connection from /127.0.0.1:63996 to /127.0.0.1:64001" [_thread_in_native, id=59908, stack(0x000000d0af800000,0x000000d0af900000)]
  0x000002a2e3d37770 JavaThread "Cancel handler" [_thread_blocked, id=43228, stack(0x000000d0af900000,0x000000d0afa00000)]
  0x000002a2e3d386a0 JavaThread "Daemon worker" [_thread_in_native, id=59188, stack(0x000000d0afa00000,0x000000d0afb00000)]
  0x000002a2e3d36330 JavaThread "Asynchronous log dispatcher for DefaultDaemonConnection: socket connection from /127.0.0.1:63996 to /127.0.0.1:64001" [_thread_blocked, id=51736, stack(0x000000d0afc00000,0x000000d0afd00000)]
  0x000002a2e3d36d50 JavaThread "Stdin handler" [_thread_blocked, id=43600, stack(0x000000d0afd00000,0x000000d0afe00000)]
  0x000002a2e3d37260 JavaThread "Daemon client event forwarder" [_thread_blocked, id=54664, stack(0x000000d0afe00000,0x000000d0aff00000)]
  0x000002a2e3d37c80 JavaThread "Cache worker for journal cache (C:\Users\hp\.gradle\caches\journal-1)" [_thread_blocked, id=37568, stack(0x000000d0aff00000,0x000000d0b0000000)]
  0x000002a2e3d38190 JavaThread "File lock request listener" [_thread_in_native, id=8196, stack(0x000000d0b0000000,0x000000d0b0100000)]

Other Threads:
  0x000002a29de8b5e0 VMThread "VM Thread" [stack: 0x000000d0ae300000,0x000000d0ae400000] [id=11532]
  0x000002a2e324be60 WatcherThread [stack: 0x000000d0aef00000,0x000000d0af000000] [id=48344]
  0x000002a2ff462a70 GCTaskThread "GC Thread#0" [stack: 0x000000d0ade00000,0x000000d0adf00000] [id=55604]
  0x000002a2e35dbff0 GCTaskThread "GC Thread#1" [stack: 0x000000d0af000000,0x000000d0af100000] [id=55632]
  0x000002a2e3563150 GCTaskThread "GC Thread#2" [stack: 0x000000d0af100000,0x000000d0af200000] [id=56772]
  0x000002a2e3e45a80 GCTaskThread "GC Thread#3" [stack: 0x000000d0af200000,0x000000d0af300000] [id=55668]
  0x000002a2e3d31dc0 GCTaskThread "GC Thread#4" [stack: 0x000000d0af300000,0x000000d0af400000] [id=58140]
  0x000002a2ff4738d0 ConcurrentGCThread "G1 Main Marker" [stack: 0x000000d0adf00000,0x000000d0ae000000] [id=45932]
  0x000002a2ff4741f0 ConcurrentGCThread "G1 Conc#0" [stack: 0x000000d0ae000000,0x000000d0ae100000] [id=10564]
  0x000002a29dd420c0 ConcurrentGCThread "G1 Refine#0" [stack: 0x000000d0ae100000,0x000000d0ae200000] [id=52232]
  0x000002a29dd435d0 ConcurrentGCThread "G1 Service" [stack: 0x000000d0ae200000,0x000000d0ae300000] [id=59224]

Threads with active compile tasks:
C2 CompilerThread0    30700 2359       4       jdk.internal.org.objectweb.asm.Frame::execute (2305 bytes)

VM state: not at safepoint (normal execution)

VM Mutex/Monitor currently owned by a thread: None

Heap address: 0x0000000080000000, size: 2048 MB, Compressed Oops mode: 32-bit

CDS archive(s) mapped at: [0x000002a29e000000-0x000002a29ebd0000-0x000002a29ebd0000), size 12386304, SharedBaseAddress: 0x000002a29e000000, ArchiveRelocationMode: 1.
Compressed class space mapped at: 0x000002a29f000000-0x000002a2df000000, reserved size: 1073741824
Narrow klass base: 0x000002a29e000000, Narrow klass shift: 0, Narrow klass range: 0x100000000

GC Precious Log:
 CPUs: 8 total, 8 available
 Memory: 8051M
 Large Page Support: Disabled
 NUMA Support: Disabled
 Compressed Oops: Enabled (32-bit)
 Heap Region Size: 1M
 Heap Min Capacity: 8M
 Heap Initial Capacity: 126M
 Heap Max Capacity: 2G
 Pre-touch: Disabled
 Parallel Workers: 8
 Concurrent Workers: 2
 Concurrent Refinement Workers: 8
 Periodic GC: Disabled

Heap:
 garbage-first heap   total 129024K, used 67455K [0x0000000080000000, 0x0000000100000000)
  region size 1024K, 56 young (57344K), 6 survivors (6144K)
 Metaspace       used 14734K, committed 14976K, reserved 1114112K
  class space    used 2012K, committed 2112K, reserved 1048576K

Heap Regions: E=young(eden), S=young(survivor), O=old, HS=humongous(starts), HC=humongous(continues), CS=collection set, F=free, OA=open archive, CA=closed archive, TAMS=top-at-mark-start (previous, next)
|   0|0x0000000080000000, 0x0000000080100000, 0x0000000080100000|100%| O|  |TAMS 0x0000000080000000, 0x0000000080000000| Untracked 
|   1|0x0000000080100000, 0x0000000080200000, 0x0000000080200000|100%| O|  |TAMS 0x0000000080100000, 0x0000000080100000| Untracked 
|   2|0x0000000080200000, 0x0000000080300000, 0x0000000080300000|100%|HS|  |TAMS 0x0000000080200000, 0x0000000080200000| Complete 
|   3|0x0000000080300000, 0x0000000080400000, 0x0000000080400000|100%|HC|  |TAMS 0x0000000080300000, 0x0000000080300000| Complete 
|   4|0x0000000080400000, 0x0000000080500000, 0x0000000080500000|100%|HC|  |TAMS 0x0000000080400000, 0x0000000080400000| Complete 
|   5|0x0000000080500000, 0x0000000080600000, 0x0000000080600000|100%|HC|  |TAMS 0x0000000080500000, 0x0000000080500000| Complete 
|   6|0x0000000080600000, 0x0000000080700000, 0x0000000080700000|100%| O|  |TAMS 0x0000000080600000, 0x0000000080600000| Untracked 
|   7|0x0000000080700000, 0x0000000080800000, 0x0000000080800000|100%| O|  |TAMS 0x0000000080700000, 0x0000000080700000| Untracked 
|   8|0x0000000080800000, 0x0000000080900000, 0x0000000080900000|100%| O|  |TAMS 0x0000000080800000, 0x0000000080800000| Untracked 
|   9|0x0000000080900000, 0x0000000080a00000, 0x0000000080a00000|100%|HS|  |TAMS 0x0000000080900000, 0x0000000080900000| Complete 
|  10|0x0000000080a00000, 0x0000000080a00000, 0x0000000080b00000|  0%| F|  |TAMS 0x0000000080a00000, 0x0000000080a00000| Untracked 
|  11|0x0000000080b00000, 0x0000000080bdfe00, 0x0000000080c00000| 87%| O|  |TAMS 0x0000000080b00000, 0x0000000080b00000| Untracked 
|  12|0x0000000080c00000, 0x0000000080c00000, 0x0000000080d00000|  0%| F|  |TAMS 0x0000000080c00000, 0x0000000080c00000| Untracked 
|  13|0x0000000080d00000, 0x0000000080d00000, 0x0000000080e00000|  0%| F|  |TAMS 0x0000000080d00000, 0x0000000080d00000| Untracked 
|  14|0x0000000080e00000, 0x0000000080e00000, 0x0000000080f00000|  0%| F|  |TAMS 0x0000000080e00000, 0x0000000080e00000| Untracked 
|  15|0x0000000080f00000, 0x0000000080f00000, 0x0000000081000000|  0%| F|  |TAMS 0x0000000080f00000, 0x0000000080f00000| Untracked 
|  16|0x0000000081000000, 0x0000000081000000, 0x0000000081100000|  0%| F|  |TAMS 0x0000000081000000, 0x0000000081000000| Untracked 
|  17|0x0000000081100000, 0x0000000081100000, 0x0000000081200000|  0%| F|  |TAMS 0x0000000081100000, 0x0000000081100000| Untracked 
|  18|0x0000000081200000, 0x0000000081200000, 0x0000000081300000|  0%| F|  |TAMS 0x0000000081200000, 0x0000000081200000| Untracked 
|  19|0x0000000081300000, 0x0000000081300000, 0x0000000081400000|  0%| F|  |TAMS 0x0000000081300000, 0x0000000081300000| Untracked 
|  20|0x0000000081400000, 0x0000000081400000, 0x0000000081500000|  0%| F|  |TAMS 0x0000000081400000, 0x0000000081400000| Untracked 
|  21|0x0000000081500000, 0x0000000081500000, 0x0000000081600000|  0%| F|  |TAMS 0x0000000081500000, 0x0000000081500000| Untracked 
|  22|0x0000000081600000, 0x0000000081600000, 0x0000000081700000|  0%| F|  |TAMS 0x0000000081600000, 0x0000000081600000| Untracked 
|  23|0x0000000081700000, 0x0000000081700000, 0x0000000081800000|  0%| F|  |TAMS 0x0000000081700000, 0x0000000081700000| Untracked 
|  24|0x0000000081800000, 0x0000000081800000, 0x0000000081900000|  0%| F|  |TAMS 0x0000000081800000, 0x0000000081800000| Untracked 
|  25|0x0000000081900000, 0x0000000081900000, 0x0000000081a00000|  0%| F|  |TAMS 0x0000000081900000, 0x0000000081900000| Untracked 
|  26|0x0000000081a00000, 0x0000000081a00000, 0x0000000081b00000|  0%| F|  |TAMS 0x0000000081a00000, 0x0000000081a00000| Untracked 
|  27|0x0000000081b00000, 0x0000000081b00000, 0x0000000081c00000|  0%| F|  |TAMS 0x0000000081b00000, 0x0000000081b00000| Untracked 
|  28|0x0000000081c00000, 0x0000000081c00000, 0x0000000081d00000|  0%| F|  |TAMS 0x0000000081c00000, 0x0000000081c00000| Untracked 
|  29|0x0000000081d00000, 0x0000000081d00000, 0x0000000081e00000|  0%| F|  |TAMS 0x0000000081d00000, 0x0000000081d00000| Untracked 
|  30|0x0000000081e00000, 0x0000000081e00000, 0x0000000081f00000|  0%| F|  |TAMS 0x0000000081e00000, 0x0000000081e00000| Untracked 
|  31|0x0000000081f00000, 0x0000000081f00000, 0x0000000082000000|  0%| F|  |TAMS 0x0000000081f00000, 0x0000000081f00000| Untracked 
|  32|0x0000000082000000, 0x0000000082000000, 0x0000000082100000|  0%| F|  |TAMS 0x0000000082000000, 0x0000000082000000| Untracked 
|  33|0x0000000082100000, 0x0000000082100000, 0x0000000082200000|  0%| F|  |TAMS 0x0000000082100000, 0x0000000082100000| Untracked 
|  34|0x0000000082200000, 0x0000000082200000, 0x0000000082300000|  0%| F|  |TAMS 0x0000000082200000, 0x0000000082200000| Untracked 
|  35|0x0000000082300000, 0x0000000082300000, 0x0000000082400000|  0%| F|  |TAMS 0x0000000082300000, 0x0000000082300000| Untracked 
|  36|0x0000000082400000, 0x0000000082400000, 0x0000000082500000|  0%| F|  |TAMS 0x0000000082400000, 0x0000000082400000| Untracked 
|  37|0x0000000082500000, 0x0000000082500000, 0x0000000082600000|  0%| F|  |TAMS 0x0000000082500000, 0x0000000082500000| Untracked 
|  38|0x0000000082600000, 0x0000000082600000, 0x0000000082700000|  0%| F|  |TAMS 0x0000000082600000, 0x0000000082600000| Untracked 
|  39|0x0000000082700000, 0x0000000082700000, 0x0000000082800000|  0%| F|  |TAMS 0x0000000082700000, 0x0000000082700000| Untracked 
|  40|0x0000000082800000, 0x0000000082800000, 0x0000000082900000|  0%| F|  |TAMS 0x0000000082800000, 0x0000000082800000| Untracked 
|  41|0x0000000082900000, 0x0000000082900000, 0x0000000082a00000|  0%| F|  |TAMS 0x0000000082900000, 0x0000000082900000| Untracked 
|  42|0x0000000082a00000, 0x0000000082a00000, 0x0000000082b00000|  0%| F|  |TAMS 0x0000000082a00000, 0x0000000082a00000| Untracked 
|  43|0x0000000082b00000, 0x0000000082b00000, 0x0000000082c00000|  0%| F|  |TAMS 0x0000000082b00000, 0x0000000082b00000| Untracked 
|  44|0x0000000082c00000, 0x0000000082c00000, 0x0000000082d00000|  0%| F|  |TAMS 0x0000000082c00000, 0x0000000082c00000| Untracked 
|  45|0x0000000082d00000, 0x0000000082d00000, 0x0000000082e00000|  0%| F|  |TAMS 0x0000000082d00000, 0x0000000082d00000| Untracked 
|  46|0x0000000082e00000, 0x0000000082e00000, 0x0000000082f00000|  0%| F|  |TAMS 0x0000000082e00000, 0x0000000082e00000| Untracked 
|  47|0x0000000082f00000, 0x0000000082f00000, 0x0000000083000000|  0%| F|  |TAMS 0x0000000082f00000, 0x0000000082f00000| Untracked 
|  48|0x0000000083000000, 0x0000000083000000, 0x0000000083100000|  0%| F|  |TAMS 0x0000000083000000, 0x0000000083000000| Untracked 
|  49|0x0000000083100000, 0x0000000083100000, 0x0000000083200000|  0%| F|  |TAMS 0x0000000083100000, 0x0000000083100000| Untracked 
|  50|0x0000000083200000, 0x0000000083200000, 0x0000000083300000|  0%| F|  |TAMS 0x0000000083200000, 0x0000000083200000| Untracked 
|  51|0x0000000083300000, 0x0000000083300000, 0x0000000083400000|  0%| F|  |TAMS 0x0000000083300000, 0x0000000083300000| Untracked 
|  52|0x0000000083400000, 0x0000000083400000, 0x0000000083500000|  0%| F|  |TAMS 0x0000000083400000, 0x0000000083400000| Untracked 
|  53|0x0000000083500000, 0x0000000083500000, 0x0000000083600000|  0%| F|  |TAMS 0x0000000083500000, 0x0000000083500000| Untracked 
|  54|0x0000000083600000, 0x0000000083600000, 0x0000000083700000|  0%| F|  |TAMS 0x0000000083600000, 0x0000000083600000| Untracked 
|  55|0x0000000083700000, 0x0000000083700000, 0x0000000083800000|  0%| F|  |TAMS 0x0000000083700000, 0x0000000083700000| Untracked 
|  56|0x0000000083800000, 0x0000000083800000, 0x0000000083900000|  0%| F|  |TAMS 0x0000000083800000, 0x0000000083800000| Untracked 
|  57|0x0000000083900000, 0x0000000083900000, 0x0000000083a00000|  0%| F|  |TAMS 0x0000000083900000, 0x0000000083900000| Untracked 
|  58|0x0000000083a00000, 0x0000000083a00000, 0x0000000083b00000|  0%| F|  |TAMS 0x0000000083a00000, 0x0000000083a00000| Untracked 
|  59|0x0000000083b00000, 0x0000000083b00000, 0x0000000083c00000|  0%| F|  |TAMS 0x0000000083b00000, 0x0000000083b00000| Untracked 
|  60|0x0000000083c00000, 0x0000000083c00000, 0x0000000083d00000|  0%| F|  |TAMS 0x0000000083c00000, 0x0000000083c00000| Untracked 
|  61|0x0000000083d00000, 0x0000000083d00000, 0x0000000083e00000|  0%| F|  |TAMS 0x0000000083d00000, 0x0000000083d00000| Untracked 
|  62|0x0000000083e00000, 0x0000000083e00000, 0x0000000083f00000|  0%| F|  |TAMS 0x0000000083e00000, 0x0000000083e00000| Untracked 
|  63|0x0000000083f00000, 0x0000000083f00000, 0x0000000084000000|  0%| F|  |TAMS 0x0000000083f00000, 0x0000000083f00000| Untracked 
|  64|0x0000000084000000, 0x0000000084000000, 0x0000000084100000|  0%| F|  |TAMS 0x0000000084000000, 0x0000000084000000| Untracked 
|  65|0x0000000084100000, 0x0000000084100000, 0x0000000084200000|  0%| F|  |TAMS 0x0000000084100000, 0x0000000084100000| Untracked 
|  66|0x0000000084200000, 0x0000000084200000, 0x0000000084300000|  0%| F|  |TAMS 0x0000000084200000, 0x0000000084200000| Untracked 
|  67|0x0000000084300000, 0x0000000084300000, 0x0000000084400000|  0%| F|  |TAMS 0x0000000084300000, 0x0000000084300000| Untracked 
|  68|0x0000000084400000, 0x0000000084400000, 0x0000000084500000|  0%| F|  |TAMS 0x0000000084400000, 0x0000000084400000| Untracked 
|  69|0x0000000084500000, 0x0000000084500000, 0x0000000084600000|  0%| F|  |TAMS 0x0000000084500000, 0x0000000084500000| Untracked 
|  70|0x0000000084600000, 0x0000000084700000, 0x0000000084700000|100%| E|  |TAMS 0x0000000084600000, 0x0000000084600000| Complete 
|  71|0x0000000084700000, 0x0000000084800000, 0x0000000084800000|100%| E|CS|TAMS 0x0000000084700000, 0x0000000084700000| Complete 
|  72|0x0000000084800000, 0x0000000084900000, 0x0000000084900000|100%| E|CS|TAMS 0x0000000084800000, 0x0000000084800000| Complete 
|  73|0x0000000084900000, 0x0000000084a00000, 0x0000000084a00000|100%| E|CS|TAMS 0x0000000084900000, 0x0000000084900000| Complete 
|  74|0x0000000084a00000, 0x0000000084b00000, 0x0000000084b00000|100%| E|CS|TAMS 0x0000000084a00000, 0x0000000084a00000| Complete 
|  75|0x0000000084b00000, 0x0000000084c00000, 0x0000000084c00000|100%| S|CS|TAMS 0x0000000084b00000, 0x0000000084b00000| Complete 
|  76|0x0000000084c00000, 0x0000000084d00000, 0x0000000084d00000|100%| S|CS|TAMS 0x0000000084c00000, 0x0000000084c00000| Complete 
|  77|0x0000000084d00000, 0x0000000084e00000, 0x0000000084e00000|100%| S|CS|TAMS 0x0000000084d00000, 0x0000000084d00000| Complete 
|  78|0x0000000084e00000, 0x0000000084f00000, 0x0000000084f00000|100%| S|CS|TAMS 0x0000000084e00000, 0x0000000084e00000| Complete 
|  79|0x0000000084f00000, 0x0000000085000000, 0x0000000085000000|100%| S|CS|TAMS 0x0000000084f00000, 0x0000000084f00000| Complete 
|  80|0x0000000085000000, 0x0000000085100000, 0x0000000085100000|100%| S|CS|TAMS 0x0000000085000000, 0x0000000085000000| Complete 
|  81|0x0000000085100000, 0x0000000085200000, 0x0000000085200000|100%| E|CS|TAMS 0x0000000085100000, 0x0000000085100000| Complete 
|  82|0x0000000085200000, 0x0000000085300000, 0x0000000085300000|100%| E|CS|TAMS 0x0000000085200000, 0x0000000085200000| Complete 
|  83|0x0000000085300000, 0x0000000085400000, 0x0000000085400000|100%| E|CS|TAMS 0x0000000085300000, 0x0000000085300000| Complete 
|  84|0x0000000085400000, 0x0000000085500000, 0x0000000085500000|100%| E|CS|TAMS 0x0000000085400000, 0x0000000085400000| Complete 
|  85|0x0000000085500000, 0x0000000085600000, 0x0000000085600000|100%| E|CS|TAMS 0x0000000085500000, 0x0000000085500000| Complete 
|  86|0x0000000085600000, 0x0000000085700000, 0x0000000085700000|100%| E|CS|TAMS 0x0000000085600000, 0x0000000085600000| Complete 
|  87|0x0000000085700000, 0x0000000085800000, 0x0000000085800000|100%| E|CS|TAMS 0x0000000085700000, 0x0000000085700000| Complete 
|  88|0x0000000085800000, 0x0000000085900000, 0x0000000085900000|100%| E|CS|TAMS 0x0000000085800000, 0x0000000085800000| Complete 
|  89|0x0000000085900000, 0x0000000085a00000, 0x0000000085a00000|100%| E|CS|TAMS 0x0000000085900000, 0x0000000085900000| Complete 
|  90|0x0000000085a00000, 0x0000000085b00000, 0x0000000085b00000|100%| E|CS|TAMS 0x0000000085a00000, 0x0000000085a00000| Complete 
|  91|0x0000000085b00000, 0x0000000085c00000, 0x0000000085c00000|100%| E|CS|TAMS 0x0000000085b00000, 0x0000000085b00000| Complete 
|  92|0x0000000085c00000, 0x0000000085d00000, 0x0000000085d00000|100%| E|CS|TAMS 0x0000000085c00000, 0x0000000085c00000| Complete 
|  93|0x0000000085d00000, 0x0000000085e00000, 0x0000000085e00000|100%| E|CS|TAMS 0x0000000085d00000, 0x0000000085d00000| Complete 
|  94|0x0000000085e00000, 0x0000000085f00000, 0x0000000085f00000|100%| E|CS|TAMS 0x0000000085e00000, 0x0000000085e00000| Complete 
|  95|0x0000000085f00000, 0x0000000086000000, 0x0000000086000000|100%| E|CS|TAMS 0x0000000085f00000, 0x0000000085f00000| Complete 
|  96|0x0000000086000000, 0x0000000086100000, 0x0000000086100000|100%| E|CS|TAMS 0x0000000086000000, 0x0000000086000000| Complete 
|  97|0x0000000086100000, 0x0000000086200000, 0x0000000086200000|100%| E|CS|TAMS 0x0000000086100000, 0x0000000086100000| Complete 
|  98|0x0000000086200000, 0x0000000086300000, 0x0000000086300000|100%| E|CS|TAMS 0x0000000086200000, 0x0000000086200000| Complete 
|  99|0x0000000086300000, 0x0000000086400000, 0x0000000086400000|100%| E|CS|TAMS 0x0000000086300000, 0x0000000086300000| Complete 
| 100|0x0000000086400000, 0x0000000086500000, 0x0000000086500000|100%| E|CS|TAMS 0x0000000086400000, 0x0000000086400000| Complete 
| 101|0x0000000086500000, 0x0000000086600000, 0x0000000086600000|100%| E|CS|TAMS 0x0000000086500000, 0x0000000086500000| Complete 
| 102|0x0000000086600000, 0x0000000086700000, 0x0000000086700000|100%| E|CS|TAMS 0x0000000086600000, 0x0000000086600000| Complete 
| 103|0x0000000086700000, 0x0000000086800000, 0x0000000086800000|100%| E|CS|TAMS 0x0000000086700000, 0x0000000086700000| Complete 
| 104|0x0000000086800000, 0x0000000086900000, 0x0000000086900000|100%| E|CS|TAMS 0x0000000086800000, 0x0000000086800000| Complete 
| 105|0x0000000086900000, 0x0000000086a00000, 0x0000000086a00000|100%| E|CS|TAMS 0x0000000086900000, 0x0000000086900000| Complete 
| 106|0x0000000086a00000, 0x0000000086b00000, 0x0000000086b00000|100%| E|CS|TAMS 0x0000000086a00000, 0x0000000086a00000| Complete 
| 107|0x0000000086b00000, 0x0000000086c00000, 0x0000000086c00000|100%| E|CS|TAMS 0x0000000086b00000, 0x0000000086b00000| Complete 
| 108|0x0000000086c00000, 0x0000000086d00000, 0x0000000086d00000|100%| E|CS|TAMS 0x0000000086c00000, 0x0000000086c00000| Complete 
| 109|0x0000000086d00000, 0x0000000086e00000, 0x0000000086e00000|100%| E|CS|TAMS 0x0000000086d00000, 0x0000000086d00000| Complete 
| 110|0x0000000086e00000, 0x0000000086f00000, 0x0000000086f00000|100%| E|CS|TAMS 0x0000000086e00000, 0x0000000086e00000| Complete 
| 111|0x0000000086f00000, 0x0000000087000000, 0x0000000087000000|100%| E|CS|TAMS 0x0000000086f00000, 0x0000000086f00000| Complete 
| 112|0x0000000087000000, 0x0000000087100000, 0x0000000087100000|100%| E|CS|TAMS 0x0000000087000000, 0x0000000087000000| Complete 
| 113|0x0000000087100000, 0x0000000087200000, 0x0000000087200000|100%| E|CS|TAMS 0x0000000087100000, 0x0000000087100000| Complete 
| 114|0x0000000087200000, 0x0000000087300000, 0x0000000087300000|100%| E|CS|TAMS 0x0000000087200000, 0x0000000087200000| Complete 
| 115|0x0000000087300000, 0x0000000087400000, 0x0000000087400000|100%| E|CS|TAMS 0x0000000087300000, 0x0000000087300000| Complete 
| 116|0x0000000087400000, 0x0000000087500000, 0x0000000087500000|100%| E|CS|TAMS 0x0000000087400000, 0x0000000087400000| Complete 
| 117|0x0000000087500000, 0x0000000087600000, 0x0000000087600000|100%| E|CS|TAMS 0x0000000087500000, 0x0000000087500000| Complete 
| 118|0x0000000087600000, 0x0000000087700000, 0x0000000087700000|100%| E|CS|TAMS 0x0000000087600000, 0x0000000087600000| Complete 
| 119|0x0000000087700000, 0x0000000087800000, 0x0000000087800000|100%| E|CS|TAMS 0x0000000087700000, 0x0000000087700000| Complete 
| 120|0x0000000087800000, 0x0000000087900000, 0x0000000087900000|100%| E|CS|TAMS 0x0000000087800000, 0x0000000087800000| Complete 
| 121|0x0000000087900000, 0x0000000087a00000, 0x0000000087a00000|100%| E|CS|TAMS 0x0000000087900000, 0x0000000087900000| Complete 
| 122|0x0000000087a00000, 0x0000000087b00000, 0x0000000087b00000|100%| E|CS|TAMS 0x0000000087a00000, 0x0000000087a00000| Complete 
| 123|0x0000000087b00000, 0x0000000087c00000, 0x0000000087c00000|100%| E|CS|TAMS 0x0000000087b00000, 0x0000000087b00000| Complete 
| 124|0x0000000087c00000, 0x0000000087d00000, 0x0000000087d00000|100%| E|CS|TAMS 0x0000000087c00000, 0x0000000087c00000| Complete 
| 125|0x0000000087d00000, 0x0000000087e00000, 0x0000000087e00000|100%| E|CS|TAMS 0x0000000087d00000, 0x0000000087d00000| Complete 

Card table byte_map: [0x000002a296bf0000,0x000002a296ff0000] _byte_map_base: 0x000002a2967f0000

Marking Bits (Prev, Next): (CMBitMap*) 0x000002a2ff462fa0, (CMBitMap*) 0x000002a2ff462fe0
 Prev Bits: [0x000002a2973f0000, 0x000002a2993f0000)
 Next Bits: [0x000002a2993f0000, 0x000002a29b3f0000)

Polling page: 0x000002a2ff4d0000

Metaspace:

Usage:
  Non-class:     12.44 MB used.
      Class:      1.97 MB used.
       Both:     14.41 MB used.

Virtual space:
  Non-class space:       64.00 MB reserved,      12.56 MB ( 20%) committed,  1 nodes.
      Class space:        1.00 GB reserved,       2.06 MB ( <1%) committed,  1 nodes.
             Both:        1.06 GB reserved,      14.62 MB (  1%) committed. 

Chunk freelists:
   Non-Class:  3.39 MB
       Class:  13.95 MB
        Both:  17.34 MB

MaxMetaspaceSize: unlimited
CompressedClassSpaceSize: 1.00 GB
Initial GC threshold: 21.00 MB
Current GC threshold: 21.00 MB
CDS: on
MetaspaceReclaimPolicy: balanced
 - commit_granule_bytes: 65536.
 - commit_granule_words: 8192.
 - virtual_space_node_default_size: 8388608.
 - enlarge_chunks_in_place: 1.
 - new_chunks_are_fully_committed: 0.
 - uncommit_free_chunks: 1.
 - use_allocation_guard: 0.
 - handle_deallocations: 1.


Internal statistics:

num_allocs_failed_limit: 0.
num_arena_births: 200.
num_arena_deaths: 0.
num_vsnodes_births: 2.
num_vsnodes_deaths: 0.
num_space_committed: 234.
num_space_uncommitted: 0.
num_chunks_returned_to_freelist: 0.
num_chunks_taken_from_freelist: 651.
num_chunk_merges: 0.
num_chunk_splits: 429.
num_chunks_enlarged: 314.
num_inconsistent_stats: 0.

CodeHeap 'non-profiled nmethods': size=120000Kb used=1231Kb max_used=1231Kb free=118768Kb
 bounds [0x000002a28f2c0000, 0x000002a28f530000, 0x000002a2967f0000]
CodeHeap 'profiled nmethods': size=120000Kb used=5069Kb max_used=5069Kb free=114930Kb
 bounds [0x000002a2877f0000, 0x000002a287cf0000, 0x000002a28ed20000]
CodeHeap 'non-nmethods': size=5760Kb used=1220Kb max_used=1243Kb free=4539Kb
 bounds [0x000002a28ed20000, 0x000002a28ef90000, 0x000002a28f2c0000]
 total_blobs=2999 nmethods=2473 adapters=438
 compilation: enabled
              stopped_count=0, restarted_count=0
 full_count=0

Compilation events (20 events):
Event: 28.453 Thread 0x000002a29deac600 2419       3       java.util.concurrent.locks.AbstractQueuedSynchronizer::release (19 bytes)
Event: 28.453 Thread 0x000002a29deac600 nmethod 2419 0x000002a287cbb710 code [0x000002a287cbb900, 0x000002a287cbbd88]
Event: 28.482 Thread 0x000002a29deac600 2420       3       java.util.concurrent.locks.AbstractQueuedSynchronizer::compareAndSetState (13 bytes)
Event: 28.483 Thread 0x000002a29deac600 nmethod 2420 0x000002a287cbbf10 code [0x000002a287cbc0a0, 0x000002a287cbc1d8]
Event: 28.495 Thread 0x000002a29deac600 2421       3       org.gradle.internal.service.ServiceScopeValidator::validateScope (95 bytes)
Event: 28.498 Thread 0x000002a29deac600 nmethod 2421 0x000002a287cbc290 code [0x000002a287cbc640, 0x000002a287cbde88]
Event: 28.503 Thread 0x000002a29deac600 2422       3       org.gradle.internal.service.ServiceScopeValidator::whenRegistered (42 bytes)
Event: 28.503 Thread 0x000002a29deac600 nmethod 2422 0x000002a287cbe610 code [0x000002a287cbe800, 0x000002a287cbee98]
Event: 28.503 Thread 0x000002a29deac600 2423       3       org.gradle.internal.service.DefaultServiceRegistry$RegistrationWrapper::getDeclaredTypes (8 bytes)
Event: 28.504 Thread 0x000002a29deac600 nmethod 2423 0x000002a287cbf110 code [0x000002a287cbf2a0, 0x000002a287cbf458]
Event: 28.510 Thread 0x000002a29deac600 2424       3       java.util.concurrent.locks.ReentrantLock$Sync::tryRelease (51 bytes)
Event: 28.510 Thread 0x000002a29deac600 nmethod 2424 0x000002a287cbf510 code [0x000002a287cbf6c0, 0x000002a287cbfa08]
Event: 28.556 Thread 0x000002a29deac600 2425       3       java.lang.reflect.ProxyGenerator$ProxyMethod::emitIconstInsn (75 bytes)
Event: 28.556 Thread 0x000002a29deac600 nmethod 2425 0x000002a287cbfb10 code [0x000002a287cbfd40, 0x000002a287cc0618]
Event: 28.558 Thread 0x000002a29deac600 2427       1       org.gradle.internal.service.DefaultServiceRegistry::access$2400 (5 bytes)
Event: 28.558 Thread 0x000002a29deac600 nmethod 2427 0x000002a28f3eed90 code [0x000002a28f3eef20, 0x000002a28f3eefd8]
Event: 28.559 Thread 0x000002a2e5734100 2404       4       sun.reflect.generics.parser.SignatureParser::skipIdentifier (67 bytes)
Event: 28.561 Thread 0x000002a29deac600 2428       3       org.gradle.internal.service.DefaultServiceRegistry$OwnServices::getProviders (26 bytes)
Event: 28.561 Thread 0x000002a29deac600 nmethod 2428 0x000002a287cc0890 code [0x000002a287cc0a40, 0x000002a287cc0dc8]
Event: 28.561 Thread 0x000002a29deac600 2429       3       org.gradle.internal.service.DefaultServiceRegistry$OwnServices::getService (317 bytes)

GC Heap History (6 events):
Event: 11.718 GC heap before
{Heap before GC invocations=0 (full 0):
 garbage-first heap   total 129024K, used 22528K [0x0000000080000000, 0x0000000100000000)
  region size 1024K, 23 young (23552K), 0 survivors (0K)
 Metaspace       used 1105K, committed 1216K, reserved 1114112K
  class space    used 73K, committed 128K, reserved 1048576K
}
Event: 11.766 GC heap after
{Heap after GC invocations=1 (full 0):
 garbage-first heap   total 129024K, used 4811K [0x0000000080000000, 0x0000000100000000)
  region size 1024K, 3 young (3072K), 3 survivors (3072K)
 Metaspace       used 1105K, committed 1216K, reserved 1114112K
  class space    used 73K, committed 128K, reserved 1048576K
}
Event: 15.900 GC heap before
{Heap before GC invocations=1 (full 0):
 garbage-first heap   total 129024K, used 38603K [0x0000000080000000, 0x0000000100000000)
  region size 1024K, 33 young (33792K), 3 survivors (3072K)
 Metaspace       used 4349K, committed 4544K, reserved 1114112K
  class space    used 542K, committed 640K, reserved 1048576K
}
Event: 15.910 GC heap after
{Heap after GC invocations=2 (full 0):
 garbage-first heap   total 129024K, used 12008K [0x0000000080000000, 0x0000000100000000)
  region size 1024K, 3 young (3072K), 3 survivors (3072K)
 Metaspace       used 4349K, committed 4544K, reserved 1114112K
  class space    used 542K, committed 640K, reserved 1048576K
}
Event: 20.773 GC heap before
{Heap before GC invocations=2 (full 0):
 garbage-first heap   total 129024K, used 57064K [0x0000000080000000, 0x0000000100000000)
  region size 1024K, 45 young (46080K), 3 survivors (3072K)
 Metaspace       used 4664K, committed 4864K, reserved 1114112K
  class space    used 587K, committed 704K, reserved 1048576K
}
Event: 20.784 GC heap after
{Heap after GC invocations=3 (full 0):
 garbage-first heap   total 129024K, used 17279K [0x0000000080000000, 0x0000000100000000)
  region size 1024K, 6 young (6144K), 6 survivors (6144K)
 Metaspace       used 4664K, committed 4864K, reserved 1114112K
  class space    used 587K, committed 704K, reserved 1048576K
}

Deoptimization events (20 events):
Event: 26.770 Thread 0x000002a2e47f0660 DEOPT PACKING pc=0x000002a28f2ddc90 sp=0x000000d0af8fdd40
Event: 26.770 Thread 0x000002a2e47f0660 DEOPT UNPACKING pc=0x000002a28ed723a3 sp=0x000000d0af8fdd10 mode 2
Event: 26.894 Thread 0x000002a2e47f0660 DEOPT PACKING pc=0x000002a287b8dd4a sp=0x000000d0af8fd200
Event: 26.894 Thread 0x000002a2e47f0660 DEOPT UNPACKING pc=0x000002a28ed72b43 sp=0x000000d0af8fc678 mode 0
Event: 26.956 Thread 0x000002a2e3d386a0 Uncommon trap: trap_request=0xffffff6e fr.pc=0x000002a28f385588 relative=0x00000000000003e8
Event: 26.956 Thread 0x000002a2e3d386a0 Uncommon trap: reason=loop_limit_check action=maybe_recompile pc=0x000002a28f385588 method=java.lang.StringLatin1.indexOf([BI[BII)I @ 37 c2
Event: 26.956 Thread 0x000002a2e3d386a0 DEOPT PACKING pc=0x000002a28f385588 sp=0x000000d0afafef90
Event: 26.956 Thread 0x000002a2e3d386a0 DEOPT UNPACKING pc=0x000002a28ed723a3 sp=0x000000d0afafeef0 mode 2
Event: 27.593 Thread 0x000002a2e3d386a0 Uncommon trap: trap_request=0xffffff45 fr.pc=0x000002a28f378d30 relative=0x00000000000003f0
Event: 27.593 Thread 0x000002a2e3d386a0 Uncommon trap: reason=unstable_if action=reinterpret pc=0x000002a28f378d30 method=java.util.HashMap.getNode(Ljava/lang/Object;)Ljava/util/HashMap$Node; @ 66 c2
Event: 27.593 Thread 0x000002a2e3d386a0 DEOPT PACKING pc=0x000002a28f378d30 sp=0x000000d0afafc370
Event: 27.593 Thread 0x000002a2e3d386a0 DEOPT UNPACKING pc=0x000002a28ed723a3 sp=0x000000d0afafc290 mode 2
Event: 27.593 Thread 0x000002a2e3d386a0 Uncommon trap: trap_request=0xffffff45 fr.pc=0x000002a28f303118 relative=0x00000000000003d8
Event: 27.593 Thread 0x000002a2e3d386a0 Uncommon trap: reason=unstable_if action=reinterpret pc=0x000002a28f303118 method=java.util.HashMap.getNode(Ljava/lang/Object;)Ljava/util/HashMap$Node; @ 66 c2
Event: 27.593 Thread 0x000002a2e3d386a0 DEOPT PACKING pc=0x000002a28f303118 sp=0x000000d0afafc300
Event: 27.593 Thread 0x000002a2e3d386a0 DEOPT UNPACKING pc=0x000002a28ed723a3 sp=0x000000d0afafc290 mode 2
Event: 27.661 Thread 0x000002a2e3d386a0 Uncommon trap: trap_request=0xffffff45 fr.pc=0x000002a28f3a7f10 relative=0x0000000000000270
Event: 27.661 Thread 0x000002a2e3d386a0 Uncommon trap: reason=unstable_if action=reinterpret pc=0x000002a28f3a7f10 method=java.util.concurrent.ConcurrentHashMap.get(Ljava/lang/Object;)Ljava/lang/Object; @ 76 c2
Event: 27.661 Thread 0x000002a2e3d386a0 DEOPT PACKING pc=0x000002a28f3a7f10 sp=0x000000d0afafb7d0
Event: 27.661 Thread 0x000002a2e3d386a0 DEOPT UNPACKING pc=0x000002a28ed723a3 sp=0x000000d0afafb738 mode 2

Classes unloaded (0 events):
No events

Classes redefined (0 events):
No events

Internal exceptions (20 events):
Event: 24.572 Thread 0x000002a2ff4049a0 Exception <a 'java/lang/NoSuchMethodError'{0x0000000086eeca30}: 'java.lang.Object java.lang.invoke.DirectMethodHandle$Holder.invokeStaticInit(java.lang.Object, java.lang.Object, int, int, int, int)'> (0x0000000086eeca30) 
thrown [s\open\src\hotspot\share\interpreter\linkResolver.cpp, line 759]
Event: 26.001 Thread 0x000002a2ff4049a0 Exception <a 'java/lang/NoSuchMethodError'{0x0000000086cfb240}: 'void java.lang.invoke.DirectMethodHandle$Holder.invokeStatic(java.lang.Object, java.lang.Object, java.lang.Object)'> (0x0000000086cfb240) 
thrown [s\open\src\hotspot\share\interpreter\linkResolver.cpp, line 759]
Event: 26.136 Thread 0x000002a2ff4049a0 Exception <a 'java/io/IOException'{0x0000000086a27110}> (0x0000000086a27110) 
thrown [s\open\src\hotspot\share\prims\jni.cpp, line 516]
Event: 26.156 Thread 0x000002a2ff4049a0 Implicit null exception at 0x000002a28f3150f2 to 0x000002a28f31570c
Event: 26.175 Thread 0x000002a2ff4049a0 Exception <a 'java/lang/NoSuchMethodError'{0x0000000086a86618}: 'java.lang.Object java.lang.invoke.DirectMethodHandle$Holder.newInvokeSpecial(java.lang.Object, java.lang.Object, java.lang.Object, java.lang.Object, java.lang.Object)'> (0x0000000086a86618) 
thrown [s\open\src\hotspot\share\interpreter\linkResolver.cpp, line 759]
Event: 26.876 Thread 0x000002a2e47f0660 Exception <a 'java/lang/NoSuchMethodError'{0x000000008655a850}: static Lorg/gradle/tooling/internal/provider/serialization/ClassLoaderDetails;.<clinit>()V> (0x000000008655a850) 
thrown [s\open\src\hotspot\share\prims\jni.cpp, line 1112]
Event: 26.884 Thread 0x000002a2e47f0660 Exception <a 'java/lang/NoSuchMethodError'{0x00000000865749a8}: static Lorg/gradle/internal/classloader/ClassLoaderSpec;.<clinit>()V> (0x00000000865749a8) 
thrown [s\open\src\hotspot\share\prims\jni.cpp, line 1112]
Event: 26.889 Thread 0x000002a2e47f0660 Exception <a 'java/lang/NoSuchMethodError'{0x000000008657e198}: static Lorg/gradle/tooling/internal/provider/serialization/WellKnownClassLoaderRegistry$KnownClassLoaderSpec;.<clinit>()V> (0x000000008657e198) 
thrown [s\open\src\hotspot\share\prims\jni.cpp, line 1112]
Event: 26.894 Thread 0x000002a2e47f0660 Exception <a 'java/lang/NoSuchMethodError'{0x00000000865953f8}: static Lorg/gradle/tooling/internal/provider/serialization/ClientOwnedClassLoaderSpec;.<clinit>()V> (0x00000000865953f8) 
thrown [s\open\src\hotspot\share\prims\jni.cpp, line 1112]
Event: 26.942 Thread 0x000002a2e35d19c0 Exception <a 'java/lang/NoSuchMethodError'{0x00000000867786c0}: 'void java.lang.invoke.DirectMethodHandle$Holder.invokeSpecial(java.lang.Object, java.lang.Object, java.lang.Object)'> (0x00000000867786c0) 
thrown [s\open\src\hotspot\share\interpreter\linkResolver.cpp, line 759]
Event: 27.162 Thread 0x000002a2e3d386a0 Exception <a 'java/lang/NoSuchMethodError'{0x00000000862dc258}: 'long java.lang.invoke.DirectMethodHandle$Holder.invokeInterface(java.lang.Object, java.lang.Object)'> (0x00000000862dc258) 
thrown [s\open\src\hotspot\share\interpreter\linkResolver.cpp, line 759]
Event: 27.476 Thread 0x000002a2e3d386a0 Exception <a 'java/lang/NoSuchMethodError'{0x0000000085d52a50}: 'void java.lang.invoke.DirectMethodHandle$Holder.invokeStatic(java.lang.Object, java.lang.Object)'> (0x0000000085d52a50) 
thrown [s\open\src\hotspot\share\interpreter\linkResolver.cpp, line 759]
Event: 27.677 Thread 0x000002a2e3d386a0 Exception <a 'java/lang/NoSuchMethodError'{0x0000000085b6afd0}: 'int java.lang.invoke.DirectMethodHandle$Holder.invokeVirtual(java.lang.Object, java.lang.Object, java.lang.Object)'> (0x0000000085b6afd0) 
thrown [s\open\src\hotspot\share\interpreter\linkResolver.cpp, line 759]
Event: 27.840 Thread 0x000002a2e3d386a0 Exception <a 'java/lang/NoSuchMethodError'{0x0000000085802ad8}: 'java.lang.Object java.lang.invoke.DirectMethodHandle$Holder.newInvokeSpecial(java.lang.Object, java.lang.Object, java.lang.Object, java.lang.Object, java.lang.Object, java.lang.Object)'> (0x0000000085802ad8) 
thrown [s\open\src\hotspot\share\interpreter\linkResolver.cpp, line 759]
Event: 27.846 Thread 0x000002a2e3d386a0 Exception <a 'java/lang/NoSuchMethodError'{0x000000008581afa8}: 'void java.lang.invoke.DirectMethodHandle$Holder.invokeSpecial(java.lang.Object, java.lang.Object, java.lang.Object, java.lang.Object, java.lang.Object)'> (0x000000008581afa8) 
thrown [s\open\src\hotspot\share\interpreter\linkResolver.cpp, line 759]
Event: 27.853 Thread 0x000002a2e3d386a0 Exception <a 'java/lang/NoSuchMethodError'{0x000000008582e9b0}: 'void java.lang.invoke.DirectMethodHandle$Holder.invokeStaticInit(java.lang.Object, java.lang.Object)'> (0x000000008582e9b0) 
thrown [s\open\src\hotspot\share\interpreter\linkResolver.cpp, line 759]
Event: 28.067 Thread 0x000002a2e3d386a0 Exception <a 'java/lang/NoSuchMethodError'{0x00000000855809a0}: 'void java.lang.invoke.DelegatingMethodHandle$Holder.reinvoke_L(java.lang.Object, java.lang.Object, java.lang.Object, java.lang.Object, java.lang.Object, java.lang.Object, java.lang.Object, java.lang.Object, java.lang.Object, java.lang.Object)'> (0x00000000855809a0) 
thrown [s\open\src\hotspot\share\interpreter\linkResolver.cpp, line 759]
Event: 28.068 Thread 0x000002a2e3d386a0 Exception <a 'java/lang/NoSuchMethodError'{0x0000000085588e10}: 'java.lang.Object java.lang.invoke.DirectMethodHandle$Holder.invokeSpecial(java.lang.Object, java.lang.Object, java.lang.Object, java.lang.Object, java.lang.Object, java.lang.Object, java.lang.Object, java.lang.Object, java.lang.Object, java.lang.Object)'> (0x0000000085588e10) 
thrown [s\open\src\hotspot\share\interpreter\linkResolver.cpp, line 759]
Event: 28.068 Thread 0x000002a2e3d386a0 Exception <a 'java/lang/NoSuchMethodError'{0x000000008558d6e0}: 'java.lang.Object java.lang.invoke.Invokers$Holder.invoker(java.lang.Object, java.lang.Object, java.lang.Object, java.lang.Object, java.lang.Object, java.lang.Object, java.lang.Object, java.lang.Object, java.lang.Object, java.lang.Object)'> (0x000000008558d6e0) 
thrown [s\open\src\hotspot\share\interpreter\linkResolver.cpp, line 759]
Event: 28.069 Thread 0x000002a2e3d386a0 Exception <a 'java/lang/NoSuchMethodError'{0x00000000855932e8}: 'java.lang.Object java.lang.invoke.DirectMethodHandle$Holder.invokeSpecial(java.lang.Object, java.lang.Object, java.lang.Object, java.lang.Object, java.lang.Object, java.lang.Object, java.lang.Object, java.lang.Object, java.lang.Object, java.lang.Object, java.lang.Object)'> (0x00000000855932e8) 
thrown [s\open\src\hotspot\share\interpreter\linkResolver.cpp, line 759]

VM Operations (20 events):
Event: 22.928 Executing VM operation: Cleanup done
Event: 23.447 Executing VM operation: HandshakeAllThreads
Event: 23.447 Executing VM operation: HandshakeAllThreads done
Event: 24.042 Executing VM operation: HandshakeAllThreads
Event: 24.042 Executing VM operation: HandshakeAllThreads done
Event: 24.042 Executing VM operation: Cleanup
Event: 24.042 Executing VM operation: Cleanup done
Event: 25.047 Executing VM operation: Cleanup
Event: 25.047 Executing VM operation: Cleanup done
Event: 25.993 Executing VM operation: HandshakeAllThreads
Event: 25.993 Executing VM operation: HandshakeAllThreads done
Event: 26.322 Executing VM operation: HandshakeAllThreads
Event: 26.322 Executing VM operation: HandshakeAllThreads done
Event: 26.322 Executing VM operation: Cleanup
Event: 26.322 Executing VM operation: Cleanup done
Event: 27.336 Executing VM operation: Cleanup
Event: 27.336 Executing VM operation: Cleanup done
Event: 28.351 Executing VM operation: Cleanup
Event: 28.351 Executing VM operation: Cleanup done
Event: 29.360 Executing VM operation: Cleanup

Events (20 events):
Event: 27.806 Thread 0x000002a2e3349050 Thread exited: 0x000002a2e3349050
Event: 27.817 loading class java/lang/invoke/MethodHandle$1
Event: 27.820 loading class java/lang/invoke/MethodHandle$1 done
Event: 27.923 loading class java/util/ConcurrentModificationException
Event: 27.923 loading class java/util/ConcurrentModificationException done
Event: 27.982 loading class sun/reflect/generics/scope/ConstructorScope
Event: 27.982 loading class sun/reflect/generics/scope/ConstructorScope done
Event: 28.534 loading class java/nio/file/attribute/PosixFilePermission
Event: 28.535 loading class java/nio/file/attribute/PosixFilePermission done
Event: 28.535 loading class java/nio/file/NoSuchFileException
Event: 28.536 loading class java/nio/file/FileSystemException
Event: 28.536 loading class java/nio/file/FileSystemException done
Event: 28.537 loading class java/nio/file/NoSuchFileException done
Event: 28.539 loading class java/nio/file/attribute/PosixFilePermissions
Event: 28.539 loading class java/nio/file/attribute/PosixFilePermissions done
Event: 28.540 loading class java/nio/file/attribute/PosixFilePermissions$1
Event: 28.540 loading class java/nio/file/attribute/PosixFilePermissions$1 done
Event: 28.558 Thread 0x000002a2e5734100 Thread added: 0x000002a2e5734100
Event: 28.558 loading class sun/invoke/util/VerifyAccess$1
Event: 28.559 loading class sun/invoke/util/VerifyAccess$1 done


Dynamic libraries:
0x00007ff666c60000 - 0x00007ff666c70000 	C:\Program Files\Java\jdk-17\bin\java.exe
0x00007ffdbba40000 - 0x00007ffdbbca0000 	C:\WINDOWS\SYSTEM32\ntdll.dll
0x00007ffdbab20000 - 0x00007ffdbabe7000 	C:\WINDOWS\System32\KERNEL32.DLL
0x00007ffdb8d70000 - 0x00007ffdb913a000 	C:\WINDOWS\System32\KERNELBASE.dll
0x00007ffdb9570000 - 0x00007ffdb96bb000 	C:\WINDOWS\System32\ucrtbase.dll
0x00007ffd7d4e0000 - 0x00007ffd7d4fb000 	C:\Program Files\Java\jdk-17\bin\VCRUNTIME140.dll
0x00007ffd8abe0000 - 0x00007ffd8abf9000 	C:\Program Files\Java\jdk-17\bin\jli.dll
0x00007ffdbb2d0000 - 0x00007ffdbb382000 	C:\WINDOWS\System32\ADVAPI32.dll
0x00007ffdb9840000 - 0x00007ffdb98e9000 	C:\WINDOWS\System32\msvcrt.dll
0x00007ffdbb0e0000 - 0x00007ffdbb186000 	C:\WINDOWS\System32\sechost.dll
0x00007ffdbabf0000 - 0x00007ffdbad06000 	C:\WINDOWS\System32\RPCRT4.dll
0x00007ffdba020000 - 0x00007ffdba1ec000 	C:\WINDOWS\System32\USER32.dll
0x00007ffdb9140000 - 0x00007ffdb9167000 	C:\WINDOWS\System32\win32u.dll
0x00007ffdba1f0000 - 0x00007ffdba21a000 	C:\WINDOWS\System32\GDI32.dll
0x00007ffdb9220000 - 0x00007ffdb9351000 	C:\WINDOWS\System32\gdi32full.dll
0x00007ffdb9170000 - 0x00007ffdb9213000 	C:\WINDOWS\System32\msvcp_win.dll
0x00007ffda0790000 - 0x00007ffda0a27000 	C:\WINDOWS\WinSxS\amd64_microsoft.windows.common-controls_6595b64144ccf1df_6.0.26100.3624_none_3e086962e3345f24\COMCTL32.dll
0x00007ffdb12b0000 - 0x00007ffdb12bb000 	C:\WINDOWS\SYSTEM32\VERSION.dll
0x00007ffdbb4a0000 - 0x00007ffdbb4cf000 	C:\WINDOWS\System32\IMM32.DLL
0x00007ffdb5b80000 - 0x00007ffdb5b8c000 	C:\Program Files\Java\jdk-17\bin\vcruntime140_1.dll
0x00007ffd63ab0000 - 0x00007ffd63b3e000 	C:\Program Files\Java\jdk-17\bin\msvcp140.dll
0x00007ffc842c0000 - 0x00007ffc84ea0000 	C:\Program Files\Java\jdk-17\bin\server\jvm.dll
0x00007ffdbb5f0000 - 0x00007ffdbb5f8000 	C:\WINDOWS\System32\PSAPI.DLL
0x00007ffd95180000 - 0x00007ffd9518a000 	C:\WINDOWS\SYSTEM32\WSOCK32.dll
0x00007ffdb9e30000 - 0x00007ffdb9ea4000 	C:\WINDOWS\System32\WS2_32.dll
0x00007ffd9dcd0000 - 0x00007ffd9dd06000 	C:\WINDOWS\SYSTEM32\WINMM.dll
0x00007ffdb79f0000 - 0x00007ffdb7a0a000 	C:\WINDOWS\SYSTEM32\kernel.appcore.dll
0x00007ffda0b20000 - 0x00007ffda0b2a000 	C:\Program Files\Java\jdk-17\bin\jimage.dll
0x00007ffd9aab0000 - 0x00007ffd9acf1000 	C:\WINDOWS\SYSTEM32\DBGHELP.DLL
0x00007ffdbb600000 - 0x00007ffdbb982000 	C:\WINDOWS\System32\combase.dll
0x00007ffdbb190000 - 0x00007ffdbb266000 	C:\WINDOWS\System32\OLEAUT32.dll
0x00007ffda72d0000 - 0x00007ffda7309000 	C:\WINDOWS\SYSTEM32\dbgcore.DLL
0x00007ffdb9360000 - 0x00007ffdb93f9000 	C:\WINDOWS\System32\bcryptPrimitives.dll
0x00007ffd8ab60000 - 0x00007ffd8ab6e000 	C:\Program Files\Java\jdk-17\bin\instrument.dll
0x00007ffd7c3d0000 - 0x00007ffd7c3f5000 	C:\Program Files\Java\jdk-17\bin\java.dll
0x00007ffd3d440000 - 0x00007ffd3d517000 	C:\Program Files\Java\jdk-17\bin\jsvml.dll
0x00007ffdba250000 - 0x00007ffdba979000 	C:\WINDOWS\System32\SHELL32.dll
0x00007ffdb9400000 - 0x00007ffdb9568000 	C:\WINDOWS\System32\wintypes.dll
0x00007ffdb68a0000 - 0x00007ffdb70f2000 	C:\WINDOWS\SYSTEM32\windows.storage.dll
0x00007ffdbada0000 - 0x00007ffdbae8d000 	C:\WINDOWS\System32\SHCORE.dll
0x00007ffdbb070000 - 0x00007ffdbb0d4000 	C:\WINDOWS\System32\shlwapi.dll
0x00007ffdb8b30000 - 0x00007ffdb8b5f000 	C:\WINDOWS\SYSTEM32\profapi.dll
0x00007ffd7c3b0000 - 0x00007ffd7c3c8000 	C:\Program Files\Java\jdk-17\bin\zip.dll
0x00007ffd79850000 - 0x00007ffd79869000 	C:\Program Files\Java\jdk-17\bin\net.dll
0x00007ffdb0f80000 - 0x00007ffdb109d000 	C:\WINDOWS\SYSTEM32\WINHTTP.dll
0x00007ffdb7ef0000 - 0x00007ffdb7f5a000 	C:\WINDOWS\system32\mswsock.dll
0x00007ffd79740000 - 0x00007ffd79756000 	C:\Program Files\Java\jdk-17\bin\nio.dll
0x00007ffd8adf0000 - 0x00007ffd8ae00000 	C:\Program Files\Java\jdk-17\bin\verify.dll
0x00007ffd63ff0000 - 0x00007ffd64017000 	C:\Users\hp\.gradle\native\c067742578af261105cb4f569cf0c3c89f3d7b1fecec35dd04571415982c5e48\windows-amd64\native-platform.dll
0x00007ffd36390000 - 0x00007ffd364d4000 	C:\Users\hp\.gradle\native\100fb08df4bc3b14c8652ba06237920a3bd2aa13389f12d3474272988ae205f9\windows-amd64\native-platform-file-events.dll
0x00007ffd8ae40000 - 0x00007ffd8ae4a000 	C:\Program Files\Java\jdk-17\bin\management.dll
0x00007ffd8ae30000 - 0x00007ffd8ae3b000 	C:\Program Files\Java\jdk-17\bin\management_ext.dll
0x00007ffdb82a0000 - 0x00007ffdb82bc000 	C:\WINDOWS\SYSTEM32\CRYPTSP.dll
0x00007ffdb7950000 - 0x00007ffdb798a000 	C:\WINDOWS\system32\rsaenh.dll
0x00007ffdb7f90000 - 0x00007ffdb7fbb000 	C:\WINDOWS\SYSTEM32\USERENV.dll
0x00007ffdb8b00000 - 0x00007ffdb8b26000 	C:\WINDOWS\SYSTEM32\bcrypt.dll
0x00007ffdb8120000 - 0x00007ffdb812c000 	C:\WINDOWS\SYSTEM32\CRYPTBASE.dll
0x00007ffdb7450000 - 0x00007ffdb7483000 	C:\WINDOWS\SYSTEM32\IPHLPAPI.DLL
0x00007ffdb9eb0000 - 0x00007ffdb9eba000 	C:\WINDOWS\System32\NSI.dll
0x00007ffdb0cf0000 - 0x00007ffdb0d0f000 	C:\WINDOWS\SYSTEM32\dhcpcsvc6.DLL
0x00007ffdb05a0000 - 0x00007ffdb05c5000 	C:\WINDOWS\SYSTEM32\dhcpcsvc.DLL
0x00007ffdb74f0000 - 0x00007ffdb7615000 	C:\WINDOWS\SYSTEM32\DNSAPI.dll
0x00007ffda01c0000 - 0x00007ffda01ce000 	C:\Program Files\Java\jdk-17\bin\sunmscapi.dll
0x00007ffdb96c0000 - 0x00007ffdb9837000 	C:\WINDOWS\System32\CRYPT32.dll
0x00007ffdb83f0000 - 0x00007ffdb8420000 	C:\WINDOWS\SYSTEM32\ncrypt.dll
0x00007ffdb83a0000 - 0x00007ffdb83df000 	C:\WINDOWS\SYSTEM32\NTASN1.dll
0x00007ffd9fa80000 - 0x00007ffd9fa88000 	C:\WINDOWS\system32\wshunix.dll

dbghelp: loaded successfully - version: 4.0.5 - missing functions: none
symbol engine: initialized successfully - sym options: 0x614 - pdb path: .;C:\Program Files\Java\jdk-17\bin;C:\WINDOWS\SYSTEM32;C:\WINDOWS\WinSxS\amd64_microsoft.windows.common-controls_6595b64144ccf1df_6.0.26100.3624_none_3e086962e3345f24;C:\Program Files\Java\jdk-17\bin\server;C:\Users\hp\.gradle\native\c067742578af261105cb4f569cf0c3c89f3d7b1fecec35dd04571415982c5e48\windows-amd64;C:\Users\hp\.gradle\native\100fb08df4bc3b14c8652ba06237920a3bd2aa13389f12d3474272988ae205f9\windows-amd64

VM Arguments:
jvm_args: --add-opens=java.base/java.util=ALL-UNNAMED --add-opens=java.base/java.lang=ALL-UNNAMED --add-opens=java.base/java.lang.invoke=ALL-UNNAMED --add-opens=java.prefs/java.util.prefs=ALL-UNNAMED --add-exports=jdk.compiler/com.sun.tools.javac.api=ALL-UNNAMED --add-exports=jdk.compiler/com.sun.tools.javac.util=ALL-UNNAMED --add-opens=java.base/java.nio.charset=ALL-UNNAMED --add-opens=java.base/java.net=ALL-UNNAMED --add-opens=java.base/java.util.concurrent.atomic=ALL-UNNAMED -Xmx2048m -Dfile.encoding=UTF-8 -Duser.country=US -Duser.language=en -Duser.variant -javaagent:C:\Users\hp\.gradle\wrapper\dists\gradle-8.10.2-bin\a04bxjujx95o3nb99gddekhwo\gradle-8.10.2\lib\agents\gradle-instrumentation-agent-8.10.2.jar 
java_command: org.gradle.launcher.daemon.bootstrap.GradleDaemon 8.10.2
java_class_path (initial): C:\Users\hp\.gradle\wrapper\dists\gradle-8.10.2-bin\a04bxjujx95o3nb99gddekhwo\gradle-8.10.2\lib\gradle-daemon-main-8.10.2.jar
Launcher Type: SUN_STANDARD

[Global flags]
     intx CICompilerCount                          = 4                                         {product} {ergonomic}
     uint ConcGCThreads                            = 2                                         {product} {ergonomic}
     uint G1ConcRefinementThreads                  = 8                                         {product} {ergonomic}
   size_t G1HeapRegionSize                         = 1048576                                   {product} {ergonomic}
    uintx GCDrainStackTargetSize                   = 64                                        {product} {ergonomic}
   size_t InitialHeapSize                          = 132120576                                 {product} {ergonomic}
   size_t MarkStackSize                            = 4194304                                   {product} {ergonomic}
   size_t MaxHeapSize                              = 2147483648                                {product} {command line}
   size_t MaxNewSize                               = 1287651328                                {product} {ergonomic}
   size_t MinHeapDeltaBytes                        = 1048576                                   {product} {ergonomic}
   size_t MinHeapSize                              = 8388608                                   {product} {ergonomic}
    uintx NonNMethodCodeHeapSize                   = 5839372                                {pd product} {ergonomic}
    uintx NonProfiledCodeHeapSize                  = 122909434                              {pd product} {ergonomic}
    uintx ProfiledCodeHeapSize                     = 122909434                              {pd product} {ergonomic}
    uintx ReservedCodeCacheSize                    = 251658240                              {pd product} {ergonomic}
     bool SegmentedCodeCache                       = true                                      {product} {ergonomic}
   size_t SoftMaxHeapSize                          = 2147483648                             {manageable} {ergonomic}
     bool UseCompressedClassPointers               = true                           {product lp64_product} {ergonomic}
     bool UseCompressedOops                        = true                           {product lp64_product} {ergonomic}
     bool UseG1GC                                  = true                                      {product} {ergonomic}
     bool UseLargePagesIndividualAllocation        = false                                  {pd product} {ergonomic}

Logging:
Log output configuration:
 #0: stdout all=warning uptime,level,tags
 #1: stderr all=off uptime,level,tags

Environment Variables:
PATH=C:\Python313\Scripts\;C:\Python313\;C:\Program Files\Common Files\Oracle\Java\javapath;C:\Windows\App\bin;C:\WINDOWS\system32;C:\WINDOWS;C:\WINDOWS\System32\Wbem;C:\WINDOWS\System32\WindowsPowerShell\v1.0\;C:\WINDOWS\System32\OpenSSH\;%C:\Users\hp\AppData\Local\Packages\PythonSoftwareFoundation.Python.3.11_qbz5n2kfra8p0\LocalCache\local-packages\Python311\Scripts;C:\Program Files (x86)\Microsoft SQL Server\160\Tools\Binn\;C:\Program Files\Microsoft SQL Server\160\Tools\Binn\;C:\Program Files\Microsoft SQL Server\Client SDK\ODBC\170\Tools\Binn\;C:\Program Files\Microsoft SQL Server\160\DTS\Binn\;C:\Program Files (x86)\Windows Kits\10\Windows Performance Toolkit\;C:\ProgramData\chocolatey\bin;C:\Program Files\Git\cmd;C:\Users\hp\AppData\Local\Packages\PythonSoftwareFoundation.Python.3.11_qbz5n2kfra8p0\LocalCache\local-packages\Python311\Scripts;C:\Program Files\dotnet\;C:\Program Files\nodejs\;C:\Program Files\Microsoft SQL Server\150\Tools\Binn\;C:\Users\hp\Downloads\platform-tools-latest-windows\platform-tools\adb.exe;C:\Users\hp\Downloads\ngrok-v3-stable-windows-amd64;C:\Users\hp\AppData\Local\Programs\Python\Launcher\;C:\Users\hp\AppData\Local\Microsoft\WindowsApps;C:\Program Files\JetBrains\PyCharm Community Edition 2023.2.3\bin;;C:\MinGW\bin;C:\Users\hp\AppData\Local\Microsoft\WinGet\Links;C:\Users\hp\.dotnet\tools;C:\Users\hp\AppData\Roaming\npm;C:\Users\hp\Downloads\cursor\resources\app\bin;C:\Users\hp\AppData\Local\Programs\Windsurf\bin
USERNAME=hp
OS=Windows_NT
PROCESSOR_IDENTIFIER=Intel64 Family 6 Model 142 Stepping 10, GenuineIntel



---------------  S Y S T E M  ---------------

OS:
 Windows 11 , 64 bit Build 26100 (10.0.26100.3775)
OS uptime: 6 days 22:46 hours
Hyper-V role detected

CPU: total 8 (initial active 8) (4 cores per cpu, 2 threads per core) family 6 model 142 stepping 10 microcode 0xf6, cx8, cmov, fxsr, ht, mmx, 3dnowpref, sse, sse2, sse3, ssse3, sse4.1, sse4.2, popcnt, lzcnt, tsc, tscinvbit, avx, avx2, aes, erms, clmul, bmi1, bmi2, adx, fma, vzeroupper, clflush, clflushopt, hv

Memory: 4k page, system-wide physical 8051M (393M free)
TotalPageFile size 32627M (AvailPageFile size 56M)
current process WorkingSet (physical memory assigned to process): 164M, peak: 164M
current process commit charge ("private bytes"): 269M, peak: 269M

vm_info: Java HotSpot(TM) 64-Bit Server VM (17.0.12+8-LTS-286) for windows-amd64 JRE (17.0.12+8-LTS-286), built on Jun  5 2024 06:46:59 by "mach5one" with MS VC++ 17.6 (VS2022)

END.
