#
# There is insufficient memory for the Java Runtime Environment to continue.
# Native memory allocation (malloc) failed to allocate 866496 bytes. Error detail: Chunk::new
# Possible reasons:
#   The system is out of physical RAM or swap space
#   This process is running with CompressedOops enabled, and the Java Heap may be blocking the growth of the native heap
# Possible solutions:
#   Reduce memory load on the system
#   Increase physical memory or swap space
#   Check if swap backing store is full
#   Decrease Java heap size (-Xmx/-Xms)
#   JVM is running with Unscaled Compressed Oops mode in which the Java heap is
#     placed in the first 4GB address space. The Java Heap base address is the
#     maximum limit for the native heap growth. Please use -XX:HeapBaseMinAddress
#     to set the Java Heap base and to place the Java Heap above 4GB virtual address.
# This output file may be truncated or incomplete.
#
#  Out of Memory Error (arena.cpp:168), pid=18912, tid=59032
#
# JRE version: OpenJDK Runtime Environment Temurin-21.0.6+7 (21.0.6+7) (build 21.0.6+7-LTS)
# Java VM: OpenJDK 64-Bit Server VM Temurin-21.0.6+7 (21.0.6+7-LTS, mixed mode, sharing, tiered, compressed oops, compressed class ptrs, parallel gc, windows-amd64)
# No core dump will be written. Minidumps are not enabled by default on client versions of Windows
#

---------------  S U M M A R Y ------------

Command Line: --add-modules=ALL-SYSTEM --add-opens=java.base/java.util=ALL-UNNAMED --add-opens=java.base/java.lang=ALL-UNNAMED --add-opens=java.base/sun.nio.fs=ALL-UNNAMED -Declipse.application=org.eclipse.jdt.ls.core.id1 -Dosgi.bundles.defaultStartLevel=4 -Declipse.product=org.eclipse.jdt.ls.core.product -Djava.import.generatesMetadataFilesAtProjectRoot=false -DDetectVMInstallationsJob.disabled=true -Dfile.encoding=utf8 -XX:+UseParallelGC -XX:GCTimeRatio=4 -XX:AdaptiveSizePolicyWeight=90 -Dsun.zip.disableMemoryMapping=true -Xmx1G -Xms100m -Xlog:disable -javaagent:c:\Users\hp\.windsurf\extensions\redhat.java-1.41.1-win32-x64\lombok\lombok-1.18.36.jar -XX:+HeapDumpOnOutOfMemoryError -XX:HeapDumpPath=c:\Users\hp\AppData\Roaming\Windsurf\User\workspaceStorage\786ab83783b14f88bfbb781c4e7a1816\redhat.java -Daether.dependencyCollector.impl=bf c:\Users\hp\.windsurf\extensions\redhat.java-1.41.1-win32-x64\server\plugins\org.eclipse.equinox.launcher_1.7.0.v20250331-1702.jar -configuration c:\Users\hp\AppData\Roaming\Windsurf\User\globalStorage\redhat.java\1.41.1\config_win -data c:\Users\hp\AppData\Roaming\Windsurf\User\workspaceStorage\786ab83783b14f88bfbb781c4e7a1816\redhat.java\jdt_ws --pipe=\\.\pipe\lsp-c7b343fa26073529b093a34328412852-sock

Host: Intel(R) Core(TM) i5-8250U CPU @ 1.60GHz, 8 cores, 7G,  Windows 11 , 64 bit Build 26100 (10.0.26100.3775)
Time: Thu Apr 17 09:41:49 2025 E. Africa Standard Time elapsed time: 55.096711 seconds (0d 0h 0m 55s)

---------------  T H R E A D  ---------------

Current thread (0x000001e6dc00ef70):  JavaThread "C2 CompilerThread0" daemon [_thread_in_native, id=59032, stack(0x0000006e63000000,0x0000006e63100000) (1024K)]


Current CompileTask:
C2:55096 3488       4       java.lang.invoke.MethodType::makeImpl (109 bytes)

Stack: [0x0000006e63000000,0x0000006e63100000]
Native frames: (J=compiled Java code, j=interpreted, Vv=VM code, C=native code)
V  [jvm.dll+0x6cdee9]
V  [jvm.dll+0x8a83d1]
V  [jvm.dll+0x8aa8fe]
V  [jvm.dll+0x8aafe3]
V  [jvm.dll+0x27f706]
V  [jvm.dll+0xc500d]
V  [jvm.dll+0xc5543]
V  [jvm.dll+0x2f2acd]
V  [jvm.dll+0x5f6a2a]
V  [jvm.dll+0x250bb2]
V  [jvm.dll+0x249526]
V  [jvm.dll+0x246ec4]
V  [jvm.dll+0x1c75ee]
V  [jvm.dll+0x25685a]
V  [jvm.dll+0x254dfa]
V  [jvm.dll+0x3f0256]
V  [jvm.dll+0x851f8b]
V  [jvm.dll+0x6cc5ed]
C  [ucrtbase.dll+0x37b0]
C  [KERNEL32.DLL+0x2e8d7]
C  [ntdll.dll+0xb14fc]


---------------  P R O C E S S  ---------------

Threads class SMR info:
_java_thread_list=0x000001e6e3137ea0, length=20, elements={
0x000001e6c744afb0, 0x000001e6c750a510, 0x000001e6c750d8f0, 0x000001e6dc0052e0,
0x000001e6dc0060e0, 0x000001e6dc00a050, 0x000001e6dc00c000, 0x000001e6dc00ef70,
0x000001e6dd9f8120, 0x000001e6ddaa3f20, 0x000001e6ddce0a30, 0x000001e6e2588990,
0x000001e6e27ac5a0, 0x000001e6e20207c0, 0x000001e6e24d22a0, 0x000001e6e2773d00,
0x000001e6e22df430, 0x000001e6e29f2e20, 0x000001e6e29f1a70, 0x000001e6e2bd5710
}

Java Threads: ( => current thread )
  0x000001e6c744afb0 JavaThread "main"                              [_thread_blocked, id=48484, stack(0x0000006e62600000,0x0000006e62700000) (1024K)]
  0x000001e6c750a510 JavaThread "Reference Handler"          daemon [_thread_blocked, id=59256, stack(0x0000006e62a00000,0x0000006e62b00000) (1024K)]
  0x000001e6c750d8f0 JavaThread "Finalizer"                  daemon [_thread_blocked, id=56780, stack(0x0000006e62b00000,0x0000006e62c00000) (1024K)]
  0x000001e6dc0052e0 JavaThread "Signal Dispatcher"          daemon [_thread_blocked, id=38568, stack(0x0000006e62c00000,0x0000006e62d00000) (1024K)]
  0x000001e6dc0060e0 JavaThread "Attach Listener"            daemon [_thread_blocked, id=50876, stack(0x0000006e62d00000,0x0000006e62e00000) (1024K)]
  0x000001e6dc00a050 JavaThread "Service Thread"             daemon [_thread_blocked, id=56768, stack(0x0000006e62e00000,0x0000006e62f00000) (1024K)]
  0x000001e6dc00c000 JavaThread "Monitor Deflation Thread"   daemon [_thread_blocked, id=57728, stack(0x0000006e62f00000,0x0000006e63000000) (1024K)]
=>0x000001e6dc00ef70 JavaThread "C2 CompilerThread0"         daemon [_thread_in_native, id=59032, stack(0x0000006e63000000,0x0000006e63100000) (1024K)]
  0x000001e6dd9f8120 JavaThread "C1 CompilerThread0"         daemon [_thread_blocked, id=40628, stack(0x0000006e63100000,0x0000006e63200000) (1024K)]
  0x000001e6ddaa3f20 JavaThread "Common-Cleaner"             daemon [_thread_blocked, id=53300, stack(0x0000006e63200000,0x0000006e63300000) (1024K)]
  0x000001e6ddce0a30 JavaThread "Notification Thread"        daemon [_thread_blocked, id=30736, stack(0x0000006e63300000,0x0000006e63400000) (1024K)]
  0x000001e6e2588990 JavaThread "Active Thread: Equinox Container: 5df5badf-6e7d-4501-bf74-c1fb4bce8be0"        [_thread_blocked, id=54104, stack(0x0000006e63b00000,0x0000006e63c00000) (1024K)]
  0x000001e6e27ac5a0 JavaThread "Refresh Thread: Equinox Container: 5df5badf-6e7d-4501-bf74-c1fb4bce8be0" daemon [_thread_blocked, id=44520, stack(0x0000006e63400000,0x0000006e63500000) (1024K)]
  0x000001e6e20207c0 JavaThread "Framework Event Dispatcher: Equinox Container: 5df5badf-6e7d-4501-bf74-c1fb4bce8be0" daemon [_thread_blocked, id=56276, stack(0x0000006e63d00000,0x0000006e63e00000) (1024K)]
  0x000001e6e24d22a0 JavaThread "Start Level: Equinox Container: 5df5badf-6e7d-4501-bf74-c1fb4bce8be0" daemon [_thread_in_Java, id=53240, stack(0x0000006e63e00000,0x0000006e63f00000) (1024K)]
  0x000001e6e2773d00 JavaThread "Bundle File Closer"         daemon [_thread_blocked, id=3324, stack(0x0000006e63f00000,0x0000006e64000000) (1024K)]
  0x000001e6e22df430 JavaThread "SCR Component Actor"        daemon [_thread_blocked, id=52824, stack(0x0000006e62500000,0x0000006e62600000) (1024K)]
  0x000001e6e29f2e20 JavaThread "Worker-JM"                         [_thread_blocked, id=50256, stack(0x0000006e64200000,0x0000006e64300000) (1024K)]
  0x000001e6e29f1a70 JavaThread "JNA Cleaner"                daemon [_thread_blocked, id=24968, stack(0x0000006e64000000,0x0000006e64100000) (1024K)]
  0x000001e6e2bd5710 JavaThread "C2 CompilerThread1"         daemon [_thread_blocked, id=19152, stack(0x0000006e64100000,0x0000006e64200000) (1024K)]
Total: 20

Other Threads:
  0x000001e6c74f0bd0 VMThread "VM Thread"                           [id=36208, stack(0x0000006e62900000,0x0000006e62a00000) (1024K)]
  0x000001e6dbf1ca00 WatcherThread "VM Periodic Task Thread"        [id=58600, stack(0x0000006e62800000,0x0000006e62900000) (1024K)]
  0x000001e6c746a5f0 WorkerThread "GC Thread#0"                     [id=56628, stack(0x0000006e62700000,0x0000006e62800000) (1024K)]
  0x000001e6e271ac90 WorkerThread "GC Thread#1"                     [id=45592, stack(0x0000006e63500000,0x0000006e63600000) (1024K)]
  0x000001e6e271b030 WorkerThread "GC Thread#2"                     [id=53228, stack(0x0000006e63600000,0x0000006e63700000) (1024K)]
  0x000001e6e2649270 WorkerThread "GC Thread#3"                     [id=59060, stack(0x0000006e63700000,0x0000006e63800000) (1024K)]
  0x000001e6e2649610 WorkerThread "GC Thread#4"                     [id=59416, stack(0x0000006e63800000,0x0000006e63900000) (1024K)]
  0x000001e6e261ff70 WorkerThread "GC Thread#5"                     [id=59776, stack(0x0000006e63900000,0x0000006e63a00000) (1024K)]
  0x000001e6e2620310 WorkerThread "GC Thread#6"                     [id=25152, stack(0x0000006e63a00000,0x0000006e63b00000) (1024K)]
  0x000001e6e24cb540 WorkerThread "GC Thread#7"                     [id=15660, stack(0x0000006e63c00000,0x0000006e63d00000) (1024K)]
Total: 10

Threads with active compile tasks:
C2 CompilerThread0  56151 3488       4       java.lang.invoke.MethodType::makeImpl (109 bytes)
Total: 1

VM state: not at safepoint (normal execution)

VM Mutex/Monitor currently owned by a thread: None

Heap address: 0x00000000c0000000, size: 1024 MB, Compressed Oops mode: 32-bit

CDS archive(s) mapped at: [0x000001e680000000-0x000001e680ba0000-0x000001e680ba0000), size 12189696, SharedBaseAddress: 0x000001e680000000, ArchiveRelocationMode: 1.
Compressed class space mapped at: 0x000001e681000000-0x000001e6c1000000, reserved size: 1073741824
Narrow klass base: 0x000001e680000000, Narrow klass shift: 0, Narrow klass range: 0x100000000

GC Precious Log:
 CardTable entry size: 512
 CPUs: 8 total, 8 available
 Memory: 8051M
 Large Page Support: Disabled
 NUMA Support: Disabled
 Compressed Oops: Enabled (32-bit)
 Alignments: Space 512K, Generation 512K, Heap 2M
 Heap Min Capacity: 100M
 Heap Initial Capacity: 100M
 Heap Max Capacity: 1G
 Pre-touch: Disabled
 Parallel Workers: 8

Heap:
 PSYoungGen      total 29184K, used 14614K [0x00000000eab00000, 0x00000000ed080000, 0x0000000100000000)
  eden space 25088K, 41% used [0x00000000eab00000,0x00000000eb549650,0x00000000ec380000)
  from space 4096K, 99% used [0x00000000ec400000,0x00000000ec7fc1d0,0x00000000ec800000)
  to   space 6656K, 0% used [0x00000000eca00000,0x00000000eca00000,0x00000000ed080000)
 ParOldGen       total 68608K, used 10575K [0x00000000c0000000, 0x00000000c4300000, 0x00000000eab00000)
  object space 68608K, 15% used [0x00000000c0000000,0x00000000c0a53f80,0x00000000c4300000)
 Metaspace       used 17150K, committed 17856K, reserved 1114112K
  class space    used 1690K, committed 1984K, reserved 1048576K

Card table byte_map: [0x000001e6d98d0000,0x000001e6d9ae0000] _byte_map_base: 0x000001e6d92d0000

Marking Bits: (ParMarkBitMap*) 0x00007ffc84dc3260
 Begin Bits: [0x000001e6d9c40000, 0x000001e6dac40000)
 End Bits:   [0x000001e6dac40000, 0x000001e6dbc40000)

Polling page: 0x000001e6c7510000

Metaspace:

Usage:
  Non-class:     15.10 MB used.
      Class:      1.65 MB used.
       Both:     16.75 MB used.

Virtual space:
  Non-class space:       64.00 MB reserved,      15.50 MB ( 24%) committed,  1 nodes.
      Class space:        1.00 GB reserved,       1.94 MB ( <1%) committed,  1 nodes.
             Both:        1.06 GB reserved,      17.44 MB (  2%) committed. 

Chunk freelists:
   Non-Class:  574.00 KB
       Class:  14.03 MB
        Both:  14.59 MB

MaxMetaspaceSize: unlimited
CompressedClassSpaceSize: 1.00 GB
Initial GC threshold: 21.00 MB
Current GC threshold: 21.00 MB
CDS: on
 - commit_granule_bytes: 65536.
 - commit_granule_words: 8192.
 - virtual_space_node_default_size: 8388608.
 - enlarge_chunks_in_place: 1.
 - use_allocation_guard: 0.


Internal statistics:

num_allocs_failed_limit: 0.
num_arena_births: 466.
num_arena_deaths: 0.
num_vsnodes_births: 2.
num_vsnodes_deaths: 0.
num_space_committed: 279.
num_space_uncommitted: 0.
num_chunks_returned_to_freelist: 0.
num_chunks_taken_from_freelist: 1064.
num_chunk_merges: 0.
num_chunk_splits: 677.
num_chunks_enlarged: 436.
num_inconsistent_stats: 0.

CodeHeap 'non-profiled nmethods': size=120000Kb used=1647Kb max_used=1647Kb free=118353Kb
 bounds [0x000001e6d21c0000, 0x000001e6d2430000, 0x000001e6d96f0000]
CodeHeap 'profiled nmethods': size=120000Kb used=7250Kb max_used=7250Kb free=112749Kb
 bounds [0x000001e6ca6f0000, 0x000001e6cae10000, 0x000001e6d1c20000]
CodeHeap 'non-nmethods': size=5760Kb used=1274Kb max_used=1311Kb free=4485Kb
 bounds [0x000001e6d1c20000, 0x000001e6d1e90000, 0x000001e6d21c0000]
 total_blobs=4070 nmethods=3520 adapters=456
 compilation: enabled
              stopped_count=0, restarted_count=0
 full_count=0

Compilation events (20 events):
Event: 49.951 Thread 0x000001e6dd9f8120 3492       3       jdk.internal.org.objectweb.asm.SymbolTable::addConstant (330 bytes)
Event: 49.954 Thread 0x000001e6dd9f8120 nmethod 3492 0x000001e6cadf9c10 code [0x000001e6cadfa180, 0x000001e6cadfd170]
Event: 49.954 Thread 0x000001e6dd9f8120 3495       3       jdk.internal.org.objectweb.asm.ClassWriter::<init> (7 bytes)
Event: 49.954 Thread 0x000001e6dd9f8120 nmethod 3495 0x000001e6cadfdb90 code [0x000001e6cadfdd40, 0x000001e6cadfde88]
Event: 49.954 Thread 0x000001e6dd9f8120 3496       3       jdk.internal.org.objectweb.asm.ClassWriter::<init> (73 bytes)
Event: 49.954 Thread 0x000001e6dd9f8120 nmethod 3496 0x000001e6cadfdf10 code [0x000001e6cadfe100, 0x000001e6cadfe558]
Event: 49.954 Thread 0x000001e6dd9f8120 3497       3       jdk.internal.org.objectweb.asm.ClassVisitor::<init> (7 bytes)
Event: 49.954 Thread 0x000001e6dd9f8120 nmethod 3497 0x000001e6cadfe710 code [0x000001e6cadfe8c0, 0x000001e6cadfea08]
Event: 49.954 Thread 0x000001e6dd9f8120 3498       3       jdk.internal.org.objectweb.asm.ClassVisitor::<init> (78 bytes)
Event: 49.955 Thread 0x000001e6dd9f8120 nmethod 3498 0x000001e6cadfea90 code [0x000001e6cadfecc0, 0x000001e6cadff418]
Event: 49.955 Thread 0x000001e6dd9f8120 3499       3       jdk.internal.org.objectweb.asm.SymbolTable::<init> (41 bytes)
Event: 49.955 Thread 0x000001e6dd9f8120 nmethod 3499 0x000001e6cadff710 code [0x000001e6cadff8c0, 0x000001e6cadffce8]
Event: 51.012 Thread 0x000001e6dd9f8120 3501       3       java.lang.Short::<init> (10 bytes)
Event: 51.012 Thread 0x000001e6dd9f8120 nmethod 3501 0x000001e6cadffe10 code [0x000001e6cadfffc0, 0x000001e6cae00188]
Event: 51.012 Thread 0x000001e6dd9f8120 3502       3       java.lang.Class::arrayContentsEq (70 bytes)
Event: 51.012 Thread 0x000001e6dd9f8120 nmethod 3502 0x000001e6cae00290 code [0x000001e6cae00480, 0x000001e6cae008a8]
Event: 51.012 Thread 0x000001e6dd9f8120 3503       3       java.lang.reflect.Field::checkAccess (32 bytes)
Event: 51.013 Thread 0x000001e6dd9f8120 nmethod 3503 0x000001e6cae00a10 code [0x000001e6cae00be0, 0x000001e6cae00e60]
Event: 51.013 Thread 0x000001e6dd9f8120 3504       3       java.lang.reflect.Field::getFieldAccessor (18 bytes)
Event: 51.013 Thread 0x000001e6dd9f8120 nmethod 3504 0x000001e6cae00f90 code [0x000001e6cae01140, 0x000001e6cae012c8]

GC Heap History (10 events):
Event: 2.738 GC heap before
{Heap before GC invocations=1 (full 0):
 PSYoungGen      total 29696K, used 25600K [0x00000000eab00000, 0x00000000ecc00000, 0x0000000100000000)
  eden space 25600K, 100% used [0x00000000eab00000,0x00000000ec400000,0x00000000ec400000)
  from space 4096K, 0% used [0x00000000ec800000,0x00000000ec800000,0x00000000ecc00000)
  to   space 4096K, 0% used [0x00000000ec400000,0x00000000ec400000,0x00000000ec800000)
 ParOldGen       total 68608K, used 0K [0x00000000c0000000, 0x00000000c4300000, 0x00000000eab00000)
  object space 68608K, 0% used [0x00000000c0000000,0x00000000c0000000,0x00000000c4300000)
 Metaspace       used 4333K, committed 4544K, reserved 1114112K
  class space    used 437K, committed 512K, reserved 1048576K
}
Event: 2.750 GC heap after
{Heap after GC invocations=1 (full 0):
 PSYoungGen      total 29696K, used 3205K [0x00000000eab00000, 0x00000000ecc00000, 0x0000000100000000)
  eden space 25600K, 0% used [0x00000000eab00000,0x00000000eab00000,0x00000000ec400000)
  from space 4096K, 78% used [0x00000000ec400000,0x00000000ec7217f0,0x00000000ec800000)
  to   space 4096K, 0% used [0x00000000ec800000,0x00000000ec800000,0x00000000ecc00000)
 ParOldGen       total 68608K, used 16K [0x00000000c0000000, 0x00000000c4300000, 0x00000000eab00000)
  object space 68608K, 0% used [0x00000000c0000000,0x00000000c0004000,0x00000000c4300000)
 Metaspace       used 4333K, committed 4544K, reserved 1114112K
  class space    used 437K, committed 512K, reserved 1048576K
}
Event: 13.722 GC heap before
{Heap before GC invocations=2 (full 0):
 PSYoungGen      total 29696K, used 28805K [0x00000000eab00000, 0x00000000ecc00000, 0x0000000100000000)
  eden space 25600K, 100% used [0x00000000eab00000,0x00000000ec400000,0x00000000ec400000)
  from space 4096K, 78% used [0x00000000ec400000,0x00000000ec7217f0,0x00000000ec800000)
  to   space 4096K, 0% used [0x00000000ec800000,0x00000000ec800000,0x00000000ecc00000)
 ParOldGen       total 68608K, used 16K [0x00000000c0000000, 0x00000000c4300000, 0x00000000eab00000)
  object space 68608K, 0% used [0x00000000c0000000,0x00000000c0004000,0x00000000c4300000)
 Metaspace       used 8015K, committed 8320K, reserved 1114112K
  class space    used 789K, committed 960K, reserved 1048576K
}
Event: 13.735 GC heap after
{Heap after GC invocations=2 (full 0):
 PSYoungGen      total 29696K, used 4078K [0x00000000eab00000, 0x00000000ecc00000, 0x0000000100000000)
  eden space 25600K, 0% used [0x00000000eab00000,0x00000000eab00000,0x00000000ec400000)
  from space 4096K, 99% used [0x00000000ec800000,0x00000000ecbfbaa0,0x00000000ecc00000)
  to   space 4096K, 0% used [0x00000000ec400000,0x00000000ec400000,0x00000000ec800000)
 ParOldGen       total 68608K, used 1698K [0x00000000c0000000, 0x00000000c4300000, 0x00000000eab00000)
  object space 68608K, 2% used [0x00000000c0000000,0x00000000c01a8b18,0x00000000c4300000)
 Metaspace       used 8015K, committed 8320K, reserved 1114112K
  class space    used 789K, committed 960K, reserved 1048576K
}
Event: 33.915 GC heap before
{Heap before GC invocations=3 (full 0):
 PSYoungGen      total 29696K, used 29678K [0x00000000eab00000, 0x00000000ecc00000, 0x0000000100000000)
  eden space 25600K, 100% used [0x00000000eab00000,0x00000000ec400000,0x00000000ec400000)
  from space 4096K, 99% used [0x00000000ec800000,0x00000000ecbfbaa0,0x00000000ecc00000)
  to   space 4096K, 0% used [0x00000000ec400000,0x00000000ec400000,0x00000000ec800000)
 ParOldGen       total 68608K, used 1698K [0x00000000c0000000, 0x00000000c4300000, 0x00000000eab00000)
  object space 68608K, 2% used [0x00000000c0000000,0x00000000c01a8b18,0x00000000c4300000)
 Metaspace       used 9223K, committed 9536K, reserved 1114112K
  class space    used 920K, committed 1088K, reserved 1048576K
}
Event: 33.931 GC heap after
{Heap after GC invocations=3 (full 0):
 PSYoungGen      total 29696K, used 4088K [0x00000000eab00000, 0x00000000ecc00000, 0x0000000100000000)
  eden space 25600K, 0% used [0x00000000eab00000,0x00000000eab00000,0x00000000ec400000)
  from space 4096K, 99% used [0x00000000ec400000,0x00000000ec7fe248,0x00000000ec800000)
  to   space 4096K, 0% used [0x00000000ec800000,0x00000000ec800000,0x00000000ecc00000)
 ParOldGen       total 68608K, used 5918K [0x00000000c0000000, 0x00000000c4300000, 0x00000000eab00000)
  object space 68608K, 8% used [0x00000000c0000000,0x00000000c05c7950,0x00000000c4300000)
 Metaspace       used 9223K, committed 9536K, reserved 1114112K
  class space    used 920K, committed 1088K, reserved 1048576K
}
Event: 43.886 GC heap before
{Heap before GC invocations=4 (full 0):
 PSYoungGen      total 29696K, used 29688K [0x00000000eab00000, 0x00000000ecc00000, 0x0000000100000000)
  eden space 25600K, 100% used [0x00000000eab00000,0x00000000ec400000,0x00000000ec400000)
  from space 4096K, 99% used [0x00000000ec400000,0x00000000ec7fe248,0x00000000ec800000)
  to   space 4096K, 0% used [0x00000000ec800000,0x00000000ec800000,0x00000000ecc00000)
 ParOldGen       total 68608K, used 5918K [0x00000000c0000000, 0x00000000c4300000, 0x00000000eab00000)
  object space 68608K, 8% used [0x00000000c0000000,0x00000000c05c7950,0x00000000c4300000)
 Metaspace       used 12374K, committed 12800K, reserved 1114112K
  class space    used 1216K, committed 1408K, reserved 1048576K
}
Event: 43.900 GC heap after
{Heap after GC invocations=4 (full 0):
 PSYoungGen      total 29696K, used 4091K [0x00000000eab00000, 0x00000000ecc00000, 0x0000000100000000)
  eden space 25600K, 0% used [0x00000000eab00000,0x00000000eab00000,0x00000000ec400000)
  from space 4096K, 99% used [0x00000000ec800000,0x00000000ecbfee68,0x00000000ecc00000)
  to   space 4096K, 0% used [0x00000000ec400000,0x00000000ec400000,0x00000000ec800000)
 ParOldGen       total 68608K, used 8279K [0x00000000c0000000, 0x00000000c4300000, 0x00000000eab00000)
  object space 68608K, 12% used [0x00000000c0000000,0x00000000c0815fd0,0x00000000c4300000)
 Metaspace       used 12374K, committed 12800K, reserved 1114112K
  class space    used 1216K, committed 1408K, reserved 1048576K
}
Event: 45.244 GC heap before
{Heap before GC invocations=5 (full 0):
 PSYoungGen      total 29696K, used 29691K [0x00000000eab00000, 0x00000000ecc00000, 0x0000000100000000)
  eden space 25600K, 100% used [0x00000000eab00000,0x00000000ec400000,0x00000000ec400000)
  from space 4096K, 99% used [0x00000000ec800000,0x00000000ecbfee68,0x00000000ecc00000)
  to   space 4096K, 0% used [0x00000000ec400000,0x00000000ec400000,0x00000000ec800000)
 ParOldGen       total 68608K, used 8279K [0x00000000c0000000, 0x00000000c4300000, 0x00000000eab00000)
  object space 68608K, 12% used [0x00000000c0000000,0x00000000c0815fd0,0x00000000c4300000)
 Metaspace       used 15730K, committed 16256K, reserved 1114112K
  class space    used 1528K, committed 1792K, reserved 1048576K
}
Event: 45.253 GC heap after
{Heap after GC invocations=5 (full 0):
 PSYoungGen      total 29184K, used 4080K [0x00000000eab00000, 0x00000000ed080000, 0x0000000100000000)
  eden space 25088K, 0% used [0x00000000eab00000,0x00000000eab00000,0x00000000ec380000)
  from space 4096K, 99% used [0x00000000ec400000,0x00000000ec7fc1d0,0x00000000ec800000)
  to   space 6656K, 0% used [0x00000000eca00000,0x00000000eca00000,0x00000000ed080000)
 ParOldGen       total 68608K, used 10575K [0x00000000c0000000, 0x00000000c4300000, 0x00000000eab00000)
  object space 68608K, 15% used [0x00000000c0000000,0x00000000c0a53f80,0x00000000c4300000)
 Metaspace       used 15730K, committed 16256K, reserved 1114112K
  class space    used 1528K, committed 1792K, reserved 1048576K
}

Dll operation events (10 events):
Event: 0.060 Loaded shared library c:\Users\hp\.windsurf\extensions\redhat.java-1.41.1-win32-x64\jre\21.0.6-win32-x86_64\bin\java.dll
Event: 0.384 Loaded shared library c:\Users\hp\.windsurf\extensions\redhat.java-1.41.1-win32-x64\jre\21.0.6-win32-x86_64\bin\zip.dll
Event: 0.482 Loaded shared library C:\Users\hp\.windsurf\extensions\redhat.java-1.41.1-win32-x64\jre\21.0.6-win32-x86_64\bin\instrument.dll
Event: 0.519 Loaded shared library C:\Users\hp\.windsurf\extensions\redhat.java-1.41.1-win32-x64\jre\21.0.6-win32-x86_64\bin\net.dll
Event: 0.529 Loaded shared library C:\Users\hp\.windsurf\extensions\redhat.java-1.41.1-win32-x64\jre\21.0.6-win32-x86_64\bin\nio.dll
Event: 0.545 Loaded shared library C:\Users\hp\.windsurf\extensions\redhat.java-1.41.1-win32-x64\jre\21.0.6-win32-x86_64\bin\zip.dll
Event: 0.639 Loaded shared library C:\Users\hp\.windsurf\extensions\redhat.java-1.41.1-win32-x64\jre\21.0.6-win32-x86_64\bin\jimage.dll
Event: 1.185 Loaded shared library c:\Users\hp\.windsurf\extensions\redhat.java-1.41.1-win32-x64\jre\21.0.6-win32-x86_64\bin\verify.dll
Event: 13.695 Loaded shared library C:\Users\hp\AppData\Roaming\Windsurf\User\globalStorage\redhat.java\1.41.1\config_win\org.eclipse.equinox.launcher\org.eclipse.equinox.launcher.win32.win32.x86_64_1.2.1300.v20250331-1702\eclipse_11911.dll
Event: 48.905 Loaded shared library C:\Users\hp\AppData\Local\Temp\jna-3336\jna13838944553049594473.dll

Deoptimization events (20 events):
Event: 45.359 Thread 0x000001e6e24d22a0 DEOPT PACKING pc=0x000001e6d23399c8 sp=0x0000006e63ef98d0
Event: 45.359 Thread 0x000001e6e24d22a0 DEOPT UNPACKING pc=0x000001e6d1c73aa2 sp=0x0000006e63ef9808 mode 2
Event: 45.393 Thread 0x000001e6e24d22a0 Uncommon trap: trap_request=0xffffff45 fr.pc=0x000001e6d22ecc94 relative=0x0000000000000074
Event: 45.393 Thread 0x000001e6e24d22a0 Uncommon trap: reason=unstable_if action=reinterpret pc=0x000001e6d22ecc94 method=java.lang.ref.ReferenceQueue.poll()Ljava/lang/ref/Reference; @ 4 c2
Event: 45.393 Thread 0x000001e6e24d22a0 DEOPT PACKING pc=0x000001e6d22ecc94 sp=0x0000006e63ef64d0
Event: 45.393 Thread 0x000001e6e24d22a0 DEOPT UNPACKING pc=0x000001e6d1c73aa2 sp=0x0000006e63ef6458 mode 2
Event: 45.425 Thread 0x000001e6e24d22a0 Uncommon trap: trap_request=0xffffff45 fr.pc=0x000001e6d233c2c4 relative=0x00000000000000a4
Event: 45.425 Thread 0x000001e6e24d22a0 Uncommon trap: reason=unstable_if action=reinterpret pc=0x000001e6d233c2c4 method=org.eclipse.core.runtime.Path.<init>(Ljava/lang/String;[Ljava/lang/String;I)V @ 9 c2
Event: 45.425 Thread 0x000001e6e24d22a0 DEOPT PACKING pc=0x000001e6d233c2c4 sp=0x0000006e63ef9910
Event: 45.425 Thread 0x000001e6e24d22a0 DEOPT UNPACKING pc=0x000001e6d1c73aa2 sp=0x0000006e63ef98b8 mode 2
Event: 45.723 Thread 0x000001e6e24d22a0 Uncommon trap: trap_request=0xffffff45 fr.pc=0x000001e6d21f7588 relative=0x00000000000006e8
Event: 45.723 Thread 0x000001e6e24d22a0 Uncommon trap: reason=unstable_if action=reinterpret pc=0x000001e6d21f7588 method=java.lang.String.replace(Ljava/lang/CharSequence;Ljava/lang/CharSequence;)Ljava/lang/String; @ 42 c2
Event: 45.723 Thread 0x000001e6e24d22a0 DEOPT PACKING pc=0x000001e6d21f7588 sp=0x0000006e63ef78d0
Event: 45.723 Thread 0x000001e6e24d22a0 DEOPT UNPACKING pc=0x000001e6d1c73aa2 sp=0x0000006e63ef7850 mode 2
Event: 46.078 Thread 0x000001e6e24d22a0 DEOPT PACKING pc=0x000001e6cade9809 sp=0x0000006e63ef6200
Event: 46.078 Thread 0x000001e6e24d22a0 DEOPT UNPACKING pc=0x000001e6d1c74242 sp=0x0000006e63ef5698 mode 0
Event: 51.012 Thread 0x000001e6e24d22a0 Uncommon trap: trap_request=0xffffff45 fr.pc=0x000001e6d232a0fc relative=0x000000000000099c
Event: 51.012 Thread 0x000001e6e24d22a0 Uncommon trap: reason=unstable_if action=reinterpret pc=0x000001e6d232a0fc method=java.util.concurrent.ConcurrentHashMap.putVal(Ljava/lang/Object;Ljava/lang/Object;Z)Ljava/lang/Object; @ 401 c2
Event: 51.012 Thread 0x000001e6e24d22a0 DEOPT PACKING pc=0x000001e6d232a0fc sp=0x0000006e63ef7790
Event: 51.012 Thread 0x000001e6e24d22a0 DEOPT UNPACKING pc=0x000001e6d1c73aa2 sp=0x0000006e63ef7700 mode 2

Classes loaded (20 events):
Event: 46.425 Loading class sun/security/provider/AbstractDrbg$NonceProvider
Event: 46.425 Loading class sun/security/provider/AbstractDrbg$NonceProvider done
Event: 48.907 Loading class java/nio/ShortBuffer
Event: 48.907 Loading class java/nio/ShortBuffer done
Event: 48.907 Loading class java/nio/FloatBuffer
Event: 48.908 Loading class java/nio/FloatBuffer done
Event: 48.908 Loading class java/nio/DoubleBuffer
Event: 48.908 Loading class java/nio/DoubleBuffer done
Event: 48.909 Loading class jdk/internal/loader/NativeLibraries$Unloader
Event: 48.909 Loading class jdk/internal/loader/NativeLibraries$Unloader done
Event: 49.950 Loading class java/lang/reflect/UndeclaredThrowableException
Event: 49.950 Loading class java/lang/reflect/UndeclaredThrowableException done
Event: 49.951 Loading class java/lang/Class$AnnotationData
Event: 49.951 Loading class java/lang/Class$AnnotationData done
Event: 49.953 Loading class jdk/internal/reflect/MethodHandleIntegerFieldAccessorImpl
Event: 49.953 Loading class jdk/internal/reflect/MethodHandleIntegerFieldAccessorImpl done
Event: 51.010 Loading class jdk/internal/reflect/MethodHandleShortFieldAccessorImpl
Event: 51.011 Loading class jdk/internal/reflect/MethodHandleShortFieldAccessorImpl done
Event: 51.011 Loading class java/lang/Short$ShortCache
Event: 51.011 Loading class java/lang/Short$ShortCache done

Classes unloaded (0 events):
No events

Classes redefined (0 events):
No events

Internal exceptions (20 events):
Event: 42.975 Thread 0x000001e6e24d22a0 Exception <a 'java/lang/NullPointerException'{0x00000000eb4e5b68}> (0x00000000eb4e5b68) 
thrown [s\src\hotspot\share\interpreter\linkResolver.cpp, line 1372]
Event: 42.975 Thread 0x000001e6e24d22a0 Exception <a 'java/lang/NullPointerException'{0x00000000eb4e5e48}> (0x00000000eb4e5e48) 
thrown [s\src\hotspot\share\interpreter\linkResolver.cpp, line 1372]
Event: 43.458 Thread 0x000001e6e24d22a0 Exception <a 'java/lang/NoSuchMethodError'{0x00000000ebeae730}: 'void java.lang.invoke.Invokers$Holder.invokeExact_MT(java.lang.Object, java.lang.Object, java.lang.Object)'> (0x00000000ebeae730) 
thrown [s\src\hotspot\share\interpreter\linkResolver.cpp, line 773]
Event: 44.024 Thread 0x000001e6e24d22a0 Exception <a 'java/io/FileNotFoundException'{0x00000000eae3c3a8}> (0x00000000eae3c3a8) 
thrown [s\src\hotspot\share\prims\jni.cpp, line 520]
Event: 44.388 Thread 0x000001e6e24d22a0 Exception <a 'java/lang/NoSuchMethodError'{0x00000000eb52d3d8}: 'java.lang.Object java.lang.invoke.Invokers$Holder.linkToTargetMethod(java.lang.Object, long, java.lang.Object)'> (0x00000000eb52d3d8) 
thrown [s\src\hotspot\share\interpreter\linkResolver.cpp, line 773]
Event: 44.518 Thread 0x000001e6e24d22a0 Exception <a 'java/lang/NoSuchMethodError'{0x00000000eb83d3c0}: 'void java.lang.invoke.DirectMethodHandle$Holder.invokeInterface(java.lang.Object, java.lang.Object, java.lang.Object)'> (0x00000000eb83d3c0) 
thrown [s\src\hotspot\share\interpreter\linkResolver.cpp, line 773]
Event: 44.889 Thread 0x000001e6e24d22a0 Exception <a 'java/lang/NoSuchMethodError'{0x00000000ebd2bfa0}: 'java.lang.Object java.lang.invoke.DirectMethodHandle$Holder.invokeVirtual(java.lang.Object, java.lang.Object, java.lang.Object)'> (0x00000000ebd2bfa0) 
thrown [s\src\hotspot\share\interpreter\linkResolver.cpp, line 773]
Event: 44.897 Thread 0x000001e6e24d22a0 Exception <a 'java/lang/NoSuchMethodError'{0x00000000ebd44218}: 'java.lang.Object java.lang.invoke.DelegatingMethodHandle$Holder.reinvoke_L(java.lang.Object, java.lang.Object, java.lang.Object, java.lang.Object, int, int)'> (0x00000000ebd44218) 
thrown [s\src\hotspot\share\interpreter\linkResolver.cpp, line 773]
Event: 44.902 Thread 0x000001e6e24d22a0 Exception <a 'java/lang/NoSuchMethodError'{0x00000000ebd60fe0}: 'java.lang.Object java.lang.invoke.DirectMethodHandle$Holder.newInvokeSpecial(java.lang.Object, java.lang.Object, java.lang.Object, java.lang.Object, java.lang.Object, java.lang.Object)'> (0x00000000ebd60fe0) 
thrown [s\src\hotspot\share\interpreter\linkResolver.cpp, line 773]
Event: 44.908 Thread 0x000001e6e24d22a0 Exception <a 'java/lang/NoSuchMethodError'{0x00000000ebd8d290}: 'void java.lang.invoke.Invokers$Holder.invokeExact_MT(java.lang.Object, java.lang.Object, java.lang.Object, java.lang.Object)'> (0x00000000ebd8d290) 
thrown [s\src\hotspot\share\interpreter\linkResolver.cpp, line 773]
Event: 45.061 Thread 0x000001e6e24d22a0 Exception <a 'java/io/FileNotFoundException'{0x00000000ec0327f8}> (0x00000000ec0327f8) 
thrown [s\src\hotspot\share\prims\jni.cpp, line 520]
Event: 45.063 Thread 0x000001e6e24d22a0 Exception <a 'java/io/FileNotFoundException'{0x00000000ec03a108}> (0x00000000ec03a108) 
thrown [s\src\hotspot\share\prims\jni.cpp, line 520]
Event: 45.293 Thread 0x000001e6e24d22a0 Exception <a 'java/lang/NoSuchMethodError'{0x00000000eab890c8}: 'java.lang.Object java.lang.invoke.DirectMethodHandle$Holder.newInvokeSpecial(java.lang.Object, java.lang.Object, java.lang.Object, java.lang.Object, java.lang.Object)'> (0x00000000eab890c8) 
thrown [s\src\hotspot\share\interpreter\linkResolver.cpp, line 773]
Event: 45.435 Thread 0x000001e6e24d22a0 Exception <a 'java/lang/NoSuchMethodError'{0x00000000ead37478}: 'java.lang.Object java.lang.invoke.DirectMethodHandle$Holder.invokeStaticInit(java.lang.Object, int)'> (0x00000000ead37478) 
thrown [s\src\hotspot\share\interpreter\linkResolver.cpp, line 773]
Event: 45.739 Thread 0x000001e6e24d22a0 Exception <a 'java/lang/NoSuchMethodError'{0x00000000eafaca68}: 'java.lang.Object java.lang.invoke.DirectMethodHandle$Holder.invokeStaticInit(java.lang.Object, int, int, int, int)'> (0x00000000eafaca68) 
thrown [s\src\hotspot\share\interpreter\linkResolver.cpp, line 773]
Event: 46.421 Thread 0x000001e6e24d22a0 Exception <a 'java/lang/NoSuchMethodError'{0x00000000eb109078}: 'java.lang.Object java.lang.invoke.DirectMethodHandle$Holder.invokeStaticInit(java.lang.Object, java.lang.Object, int, int, int, int)'> (0x00000000eb109078) 
thrown [s\src\hotspot\share\interpreter\linkResolver.cpp, line 773]
Event: 49.953 Thread 0x000001e6e24d22a0 Exception <a 'java/lang/NoSuchMethodError'{0x00000000eb22c318}: 'void java.lang.invoke.DirectMethodHandle$Holder.invokeSpecial(java.lang.Object, java.lang.Object, java.lang.Object, int)'> (0x00000000eb22c318) 
thrown [s\src\hotspot\share\interpreter\linkResolver.cpp, line 773]
Event: 49.954 Thread 0x000001e6e24d22a0 Exception <a 'java/lang/NoSuchMethodError'{0x00000000eb22fca8}: 'void java.lang.invoke.DelegatingMethodHandle$Holder.reinvoke_L(java.lang.Object, java.lang.Object, int)'> (0x00000000eb22fca8) 
thrown [s\src\hotspot\share\interpreter\linkResolver.cpp, line 773]
Event: 49.954 Thread 0x000001e6e24d22a0 Exception <a 'java/lang/NoSuchMethodError'{0x00000000eb2369e0}: 'int java.lang.invoke.Invokers$Holder.invokeExact_MT(java.lang.Object, java.lang.Object, java.lang.Object)'> (0x00000000eb2369e0) 
thrown [s\src\hotspot\share\interpreter\linkResolver.cpp, line 773]
Event: 51.013 Thread 0x000001e6e24d22a0 Exception <a 'java/lang/NoSuchMethodError'{0x00000000eb3c8a38}: 'void java.lang.invoke.Invokers$Holder.invokeExact_MT(java.lang.Object, java.lang.Object, int, java.lang.Object)'> (0x00000000eb3c8a38) 
thrown [s\src\hotspot\share\interpreter\linkResolver.cpp, line 773]

ZGC Phase Switch (0 events):
No events

VM Operations (20 events):
Event: 43.886 Executing VM operation: ParallelGCFailedAllocation (Allocation Failure)
Event: 43.900 Executing VM operation: ParallelGCFailedAllocation (Allocation Failure) done
Event: 44.905 Executing VM operation: Cleanup
Event: 44.905 Executing VM operation: Cleanup done
Event: 45.094 Executing VM operation: HandshakeAllThreads (Deoptimize)
Event: 45.094 Executing VM operation: HandshakeAllThreads (Deoptimize) done
Event: 45.244 Executing VM operation: ParallelGCFailedAllocation (Allocation Failure)
Event: 45.253 Executing VM operation: ParallelGCFailedAllocation (Allocation Failure) done
Event: 45.513 Executing VM operation: HandshakeAllThreads (Deoptimize)
Event: 45.513 Executing VM operation: HandshakeAllThreads (Deoptimize) done
Event: 45.938 Executing VM operation: HandshakeAllThreads (Deoptimize)
Event: 45.938 Executing VM operation: HandshakeAllThreads (Deoptimize) done
Event: 46.950 Executing VM operation: Cleanup
Event: 46.950 Executing VM operation: Cleanup done
Event: 48.921 Executing VM operation: HandshakeAllThreads (Deoptimize)
Event: 48.921 Executing VM operation: HandshakeAllThreads (Deoptimize) done
Event: 49.933 Executing VM operation: Cleanup
Event: 49.949 Executing VM operation: Cleanup done
Event: 51.966 Executing VM operation: Cleanup
Event: 51.966 Executing VM operation: Cleanup done

Memory protections (0 events):
No events

Nmethod flushes (0 events):
No events

Events (20 events):
Event: 1.949 Thread 0x000001e6dd9f8120 Thread added: 0x000001e6e2035720
Event: 2.889 Thread 0x000001e6e2035720 Thread exited: 0x000001e6e2035720
Event: 3.172 Thread 0x000001e6dd9f8120 Thread added: 0x000001e6e25e84d0
Event: 3.663 Thread 0x000001e6c744afb0 Thread added: 0x000001e6e2588990
Event: 4.344 Thread 0x000001e6e25e84d0 Thread exited: 0x000001e6e25e84d0
Event: 13.677 Thread 0x000001e6c744afb0 Thread added: 0x000001e6e27ac5a0
Event: 13.761 Thread 0x000001e6e27ac5a0 Thread added: 0x000001e6e20207c0
Event: 13.769 Thread 0x000001e6c744afb0 Thread added: 0x000001e6e24d22a0
Event: 22.408 Thread 0x000001e6e24d22a0 Thread added: 0x000001e6e2773d00
Event: 42.901 Thread 0x000001e6e24d22a0 Thread added: 0x000001e6e22df430
Event: 43.142 Thread 0x000001e6e24d22a0 Thread added: 0x000001e6e2469870
Event: 43.781 Thread 0x000001e6dd9f8120 Thread added: 0x000001e6ddb92db0
Event: 44.537 Thread 0x000001e6e24d22a0 Thread added: 0x000001e6e29f2e20
Event: 44.701 Thread 0x000001e6ddb92db0 Thread exited: 0x000001e6ddb92db0
Event: 45.202 Thread 0x000001e6dd9f8120 Thread added: 0x000001e6e20f3230
Event: 45.215 Thread 0x000001e6dd9f8120 Thread added: 0x000001e6e2df5450
Event: 45.942 Thread 0x000001e6e2df5450 Thread exited: 0x000001e6e2df5450
Event: 45.942 Thread 0x000001e6e20f3230 Thread exited: 0x000001e6e20f3230
Event: 49.949 Thread 0x000001e6e2469870 Thread exited: 0x000001e6e2469870
Event: 50.994 Thread 0x000001e6e24d22a0 Thread added: 0x000001e6e29f1a70


Dynamic libraries:
0x00007ff7f37d0000 - 0x00007ff7f37de000 	c:\Users\hp\.windsurf\extensions\redhat.java-1.41.1-win32-x64\jre\21.0.6-win32-x86_64\bin\java.exe
0x00007ffdbba40000 - 0x00007ffdbbca0000 	C:\WINDOWS\SYSTEM32\ntdll.dll
0x00007ffdbab20000 - 0x00007ffdbabe7000 	C:\WINDOWS\System32\KERNEL32.DLL
0x00007ffdb8d70000 - 0x00007ffdb913a000 	C:\WINDOWS\System32\KERNELBASE.dll
0x00007ffdb9570000 - 0x00007ffdb96bb000 	C:\WINDOWS\System32\ucrtbase.dll
0x00007ffd7c3e0000 - 0x00007ffd7c3f8000 	c:\Users\hp\.windsurf\extensions\redhat.java-1.41.1-win32-x64\jre\21.0.6-win32-x86_64\bin\jli.dll
0x00007ffdba020000 - 0x00007ffdba1ec000 	C:\WINDOWS\System32\USER32.dll
0x00007ffdb9140000 - 0x00007ffdb9167000 	C:\WINDOWS\System32\win32u.dll
0x00007ffd7b420000 - 0x00007ffd7b43e000 	c:\Users\hp\.windsurf\extensions\redhat.java-1.41.1-win32-x64\jre\21.0.6-win32-x86_64\bin\VCRUNTIME140.dll
0x00007ffdba1f0000 - 0x00007ffdba21a000 	C:\WINDOWS\System32\GDI32.dll
0x00007ffdb9220000 - 0x00007ffdb9351000 	C:\WINDOWS\System32\gdi32full.dll
0x00007ffda0790000 - 0x00007ffda0a27000 	C:\WINDOWS\WinSxS\amd64_microsoft.windows.common-controls_6595b64144ccf1df_6.0.26100.3624_none_3e086962e3345f24\COMCTL32.dll
0x00007ffdb9170000 - 0x00007ffdb9213000 	C:\WINDOWS\System32\msvcp_win.dll
0x00007ffdb9840000 - 0x00007ffdb98e9000 	C:\WINDOWS\System32\msvcrt.dll
0x00007ffdbb4a0000 - 0x00007ffdbb4cf000 	C:\WINDOWS\System32\IMM32.DLL
0x00007ffda01c0000 - 0x00007ffda01cc000 	c:\Users\hp\.windsurf\extensions\redhat.java-1.41.1-win32-x64\jre\21.0.6-win32-x86_64\bin\vcruntime140_1.dll
0x00007ffd3e700000 - 0x00007ffd3e78d000 	c:\Users\hp\.windsurf\extensions\redhat.java-1.41.1-win32-x64\jre\21.0.6-win32-x86_64\bin\msvcp140.dll
0x00007ffc84110000 - 0x00007ffc84ea0000 	c:\Users\hp\.windsurf\extensions\redhat.java-1.41.1-win32-x64\jre\21.0.6-win32-x86_64\bin\server\jvm.dll
0x00007ffdbb2d0000 - 0x00007ffdbb382000 	C:\WINDOWS\System32\ADVAPI32.dll
0x00007ffdbb0e0000 - 0x00007ffdbb186000 	C:\WINDOWS\System32\sechost.dll
0x00007ffdbabf0000 - 0x00007ffdbad06000 	C:\WINDOWS\System32\RPCRT4.dll
0x00007ffdb9e30000 - 0x00007ffdb9ea4000 	C:\WINDOWS\System32\WS2_32.dll
0x00007ffdb8a90000 - 0x00007ffdb8aee000 	C:\WINDOWS\SYSTEM32\POWRPROF.dll
0x00007ffd9dcd0000 - 0x00007ffd9dd06000 	C:\WINDOWS\SYSTEM32\WINMM.dll
0x00007ffdb12b0000 - 0x00007ffdb12bb000 	C:\WINDOWS\SYSTEM32\VERSION.dll
0x00007ffdb8a70000 - 0x00007ffdb8a84000 	C:\WINDOWS\SYSTEM32\UMPDC.dll
0x00007ffdb79f0000 - 0x00007ffdb7a0a000 	C:\WINDOWS\SYSTEM32\kernel.appcore.dll
0x00007ffda0140000 - 0x00007ffda014a000 	c:\Users\hp\.windsurf\extensions\redhat.java-1.41.1-win32-x64\jre\21.0.6-win32-x86_64\bin\jimage.dll
0x00007ffd9aab0000 - 0x00007ffd9acf1000 	C:\WINDOWS\SYSTEM32\DBGHELP.DLL
0x00007ffdbb600000 - 0x00007ffdbb982000 	C:\WINDOWS\System32\combase.dll
0x00007ffdbb190000 - 0x00007ffdbb266000 	C:\WINDOWS\System32\OLEAUT32.dll
0x00007ffda72d0000 - 0x00007ffda7309000 	C:\WINDOWS\SYSTEM32\dbgcore.DLL
0x00007ffdb9360000 - 0x00007ffdb93f9000 	C:\WINDOWS\System32\bcryptPrimitives.dll
0x00007ffd9c9a0000 - 0x00007ffd9c9af000 	c:\Users\hp\.windsurf\extensions\redhat.java-1.41.1-win32-x64\jre\21.0.6-win32-x86_64\bin\instrument.dll
0x00007ffd7b400000 - 0x00007ffd7b41f000 	c:\Users\hp\.windsurf\extensions\redhat.java-1.41.1-win32-x64\jre\21.0.6-win32-x86_64\bin\java.dll
0x00007ffdba250000 - 0x00007ffdba979000 	C:\WINDOWS\System32\SHELL32.dll
0x00007ffdb9400000 - 0x00007ffdb9568000 	C:\WINDOWS\System32\wintypes.dll
0x00007ffdb68a0000 - 0x00007ffdb70f2000 	C:\WINDOWS\SYSTEM32\windows.storage.dll
0x00007ffdbada0000 - 0x00007ffdbae8d000 	C:\WINDOWS\System32\SHCORE.dll
0x00007ffdbb070000 - 0x00007ffdbb0d4000 	C:\WINDOWS\System32\shlwapi.dll
0x00007ffdb8b30000 - 0x00007ffdb8b5f000 	C:\WINDOWS\SYSTEM32\profapi.dll
0x00007ffd7aed0000 - 0x00007ffd7aee8000 	c:\Users\hp\.windsurf\extensions\redhat.java-1.41.1-win32-x64\jre\21.0.6-win32-x86_64\bin\zip.dll
0x00007ffd9fbb0000 - 0x00007ffd9fbc0000 	C:\Users\hp\.windsurf\extensions\redhat.java-1.41.1-win32-x64\jre\21.0.6-win32-x86_64\bin\net.dll
0x00007ffdb0f80000 - 0x00007ffdb109d000 	C:\WINDOWS\SYSTEM32\WINHTTP.dll
0x00007ffdb7ef0000 - 0x00007ffdb7f5a000 	C:\WINDOWS\system32\mswsock.dll
0x00007ffd7d420000 - 0x00007ffd7d436000 	C:\Users\hp\.windsurf\extensions\redhat.java-1.41.1-win32-x64\jre\21.0.6-win32-x86_64\bin\nio.dll
0x00007ffd98040000 - 0x00007ffd98050000 	c:\Users\hp\.windsurf\extensions\redhat.java-1.41.1-win32-x64\jre\21.0.6-win32-x86_64\bin\verify.dll
0x00007ffd77750000 - 0x00007ffd77795000 	C:\Users\hp\AppData\Roaming\Windsurf\User\globalStorage\redhat.java\1.41.1\config_win\org.eclipse.equinox.launcher\org.eclipse.equinox.launcher.win32.win32.x86_64_1.2.1300.v20250331-1702\eclipse_11911.dll
0x00007ffdba980000 - 0x00007ffdbab16000 	C:\WINDOWS\System32\ole32.dll
0x00007ffdb82a0000 - 0x00007ffdb82bc000 	C:\WINDOWS\SYSTEM32\CRYPTSP.dll
0x00007ffdb7950000 - 0x00007ffdb798a000 	C:\WINDOWS\system32\rsaenh.dll
0x00007ffdb7f90000 - 0x00007ffdb7fbb000 	C:\WINDOWS\SYSTEM32\USERENV.dll
0x00007ffdb8b00000 - 0x00007ffdb8b26000 	C:\WINDOWS\SYSTEM32\bcrypt.dll
0x00007ffdb8120000 - 0x00007ffdb812c000 	C:\WINDOWS\SYSTEM32\CRYPTBASE.dll
0x00007ffdb7450000 - 0x00007ffdb7483000 	C:\WINDOWS\SYSTEM32\IPHLPAPI.DLL
0x00007ffdb9eb0000 - 0x00007ffdb9eba000 	C:\WINDOWS\System32\NSI.dll
0x00007ffd7c070000 - 0x00007ffd7c0b9000 	C:\Users\hp\AppData\Local\Temp\jna-3336\jna13838944553049594473.dll
0x00007ffdbb5f0000 - 0x00007ffdbb5f8000 	C:\WINDOWS\System32\PSAPI.DLL

dbghelp: loaded successfully - version: 4.0.5 - missing functions: none
symbol engine: initialized successfully - sym options: 0x614 - pdb path: .;c:\Users\hp\.windsurf\extensions\redhat.java-1.41.1-win32-x64\jre\21.0.6-win32-x86_64\bin;C:\WINDOWS\SYSTEM32;C:\WINDOWS\WinSxS\amd64_microsoft.windows.common-controls_6595b64144ccf1df_6.0.26100.3624_none_3e086962e3345f24;c:\Users\hp\.windsurf\extensions\redhat.java-1.41.1-win32-x64\jre\21.0.6-win32-x86_64\bin\server;C:\Users\hp\AppData\Roaming\Windsurf\User\globalStorage\redhat.java\1.41.1\config_win\org.eclipse.equinox.launcher\org.eclipse.equinox.launcher.win32.win32.x86_64_1.2.1300.v20250331-1702;C:\Users\hp\AppData\Local\Temp\jna-3336

VM Arguments:
jvm_args: --add-modules=ALL-SYSTEM --add-opens=java.base/java.util=ALL-UNNAMED --add-opens=java.base/java.lang=ALL-UNNAMED --add-opens=java.base/sun.nio.fs=ALL-UNNAMED -Declipse.application=org.eclipse.jdt.ls.core.id1 -Dosgi.bundles.defaultStartLevel=4 -Declipse.product=org.eclipse.jdt.ls.core.product -Djava.import.generatesMetadataFilesAtProjectRoot=false -DDetectVMInstallationsJob.disabled=true -Dfile.encoding=utf8 -XX:+UseParallelGC -XX:GCTimeRatio=4 -XX:AdaptiveSizePolicyWeight=90 -Dsun.zip.disableMemoryMapping=true -Xmx1G -Xms100m -Xlog:disable -javaagent:c:\Users\hp\.windsurf\extensions\redhat.java-1.41.1-win32-x64\lombok\lombok-1.18.36.jar -XX:+HeapDumpOnOutOfMemoryError -XX:HeapDumpPath=c:\Users\hp\AppData\Roaming\Windsurf\User\workspaceStorage\786ab83783b14f88bfbb781c4e7a1816\redhat.java -Daether.dependencyCollector.impl=bf 
java_command: c:\Users\hp\.windsurf\extensions\redhat.java-1.41.1-win32-x64\server\plugins\org.eclipse.equinox.launcher_1.7.0.v20250331-1702.jar -configuration c:\Users\hp\AppData\Roaming\Windsurf\User\globalStorage\redhat.java\1.41.1\config_win -data c:\Users\hp\AppData\Roaming\Windsurf\User\workspaceStorage\786ab83783b14f88bfbb781c4e7a1816\redhat.java\jdt_ws --pipe=\\.\pipe\lsp-c7b343fa26073529b093a34328412852-sock
java_class_path (initial): c:\Users\hp\.windsurf\extensions\redhat.java-1.41.1-win32-x64\server\plugins\org.eclipse.equinox.launcher_1.7.0.v20250331-1702.jar
Launcher Type: SUN_STANDARD

[Global flags]
    uintx AdaptiveSizePolicyWeight                 = 90                                        {product} {command line}
     intx CICompilerCount                          = 4                                         {product} {ergonomic}
    uintx GCTimeRatio                              = 4                                         {product} {command line}
     bool HeapDumpOnOutOfMemoryError               = true                                   {manageable} {command line}
    ccstr HeapDumpPath                             = c:\Users\hp\AppData\Roaming\Windsurf\User\workspaceStorage\786ab83783b14f88bfbb781c4e7a1816\redhat.java         {manageable} {command line}
   size_t InitialHeapSize                          = 104857600                                 {product} {command line}
   size_t MaxHeapSize                              = 1073741824                                {product} {command line}
   size_t MaxNewSize                               = 357564416                                 {product} {ergonomic}
   size_t MinHeapDeltaBytes                        = 524288                                    {product} {ergonomic}
   size_t MinHeapSize                              = 104857600                                 {product} {command line}
   size_t NewSize                                  = 34603008                                  {product} {ergonomic}
    uintx NonNMethodCodeHeapSize                   = 5839372                                {pd product} {ergonomic}
    uintx NonProfiledCodeHeapSize                  = 122909434                              {pd product} {ergonomic}
   size_t OldSize                                  = 70254592                                  {product} {ergonomic}
    uintx ProfiledCodeHeapSize                     = 122909434                              {pd product} {ergonomic}
    uintx ReservedCodeCacheSize                    = 251658240                              {pd product} {ergonomic}
     bool SegmentedCodeCache                       = true                                      {product} {ergonomic}
   size_t SoftMaxHeapSize                          = 1073741824                             {manageable} {ergonomic}
     bool UseCompressedOops                        = true                           {product lp64_product} {ergonomic}
     bool UseLargePagesIndividualAllocation        = false                                  {pd product} {ergonomic}
     bool UseParallelGC                            = true                                      {product} {command line}

Logging:
Log output configuration:
 #0: stdout all=off uptime,level,tags foldmultilines=false
 #1: stderr all=off uptime,level,tags foldmultilines=false

Environment Variables:
PATH=C:\Python313\Scripts\;C:\Python313\;C:\Program Files\Common Files\Oracle\Java\javapath;C:\Windows\App\bin;C:\WINDOWS\system32;C:\WINDOWS;C:\WINDOWS\System32\Wbem;C:\WINDOWS\System32\WindowsPowerShell\v1.0\;C:\WINDOWS\System32\OpenSSH\;%C:\Users\hp\AppData\Local\Packages\PythonSoftwareFoundation.Python.3.11_qbz5n2kfra8p0\LocalCache\local-packages\Python311\Scripts;C:\Program Files (x86)\Microsoft SQL Server\160\Tools\Binn\;C:\Program Files\Microsoft SQL Server\160\Tools\Binn\;C:\Program Files\Microsoft SQL Server\Client SDK\ODBC\170\Tools\Binn\;C:\Program Files\Microsoft SQL Server\160\DTS\Binn\;C:\Program Files (x86)\Windows Kits\10\Windows Performance Toolkit\;C:\ProgramData\chocolatey\bin;C:\Program Files\Git\cmd;C:\Users\hp\AppData\Local\Packages\PythonSoftwareFoundation.Python.3.11_qbz5n2kfra8p0\LocalCache\local-packages\Python311\Scripts;C:\Program Files\dotnet\;C:\Program Files\nodejs\;C:\Program Files\Microsoft SQL Server\150\Tools\Binn\;C:\Users\hp\Downloads\platform-tools-latest-windows\platform-tools\adb.exe;C:\Users\hp\Downloads\ngrok-v3-stable-windows-amd64;C:\Users\hp\AppData\Local\Programs\Python\Launcher\;C:\Users\hp\AppData\Local\Microsoft\WindowsApps;C:\Program Files\JetBrains\PyCharm Community Edition 2023.2.3\bin;;C:\MinGW\bin;C:\Users\hp\AppData\Local\Microsoft\WinGet\Links;C:\Users\hp\.dotnet\tools;C:\Users\hp\AppData\Roaming\npm;C:\Users\hp\Downloads\cursor\resources\app\bin;C:\Users\hp\AppData\Local\Programs\Windsurf\bin
USERNAME=hp
OS=Windows_NT
PROCESSOR_IDENTIFIER=Intel64 Family 6 Model 142 Stepping 10, GenuineIntel
TMP=C:\Users\hp\AppData\Local\Temp
TEMP=C:\Users\hp\AppData\Local\Temp




Periodic native trim disabled

---------------  S Y S T E M  ---------------

OS:
 Windows 11 , 64 bit Build 26100 (10.0.26100.3775)
OS uptime: 6 days 22:37 hours
Hyper-V role detected

CPU: total 8 (initial active 8) (4 cores per cpu, 2 threads per core) family 6 model 142 stepping 10 microcode 0xf6, cx8, cmov, fxsr, ht, mmx, 3dnowpref, sse, sse2, sse3, ssse3, sse4.1, sse4.2, popcnt, lzcnt, tsc, tscinvbit, avx, avx2, aes, erms, clmul, bmi1, bmi2, adx, fma, vzeroupper, clflush, clflushopt, hv, rdtscp, f16c
Processor Information for the first 8 processors :
  Max Mhz: 1800, Current Mhz: 1600, Mhz Limit: 1584

Memory: 4k page, system-wide physical 8051M (461M free)
TotalPageFile size 32627M (AvailPageFile size 174M)
current process WorkingSet (physical memory assigned to process): 114M, peak: 117M
current process commit charge ("private bytes"): 235M, peak: 238M

vm_info: OpenJDK 64-Bit Server VM (21.0.6+7-LTS) for windows-amd64 JRE (21.0.6+7-LTS), built on 2025-01-21T00:00:00Z by "admin" with MS VC++ 17.7 (VS2022)

END.
